Already up to date.
rm -f ./libretro.o ./crocods-core/apps_autorun.o ./crocods-core/apps_browser.o ./crocods-core/apps_disk.o ./crocods-core/apps_guestinfo.o ./crocods-core/apps_infopanel.o ./crocods-core/apps_keyboard.o ./crocods-core/apps_menu.o ./crocods-core/apps_shared.o ./crocods-core/apps_tapeplayer.o ./crocods-core/asic.o ./crocods-core/autotype.o ./crocods-core/cpc6128.bin.o ./crocods-core/crtc-arnold.o ./crocods-core/crtc.o ./crocods-core/crtc-cap32.o ./crocods-core/crtc-wincpc.o ./crocods-core/emu2149.o ./crocods-core/font.o ./crocods-core/gestport.o ./crocods-core/gif.o ./crocods-core/gif_icons8.o ./crocods-core/gif_icons.o ./crocods-core/gif_keyboard.o ./crocods-core/gif_menu.o ./crocods-core/gif_select.o ./crocods-core/gif_tape.o ./crocods-core/idsk_lite.o ./crocods-core/monitor.o ./crocods-core/multiface.o ./crocods-core/platform.o ./crocods-core/ppi.o ./crocods-core/romdisc.bin.o ./crocods-core/rompack.o ./crocods-core/snapshot.o ./crocods-core/sound.o ./crocods-core/upd.o ./crocods-core/vga.o ./crocods-core/z80.o ./crocods-core/z80_cap32.o ./crocods-core/iniparser/dictionary.o ./crocods-core/iniparser/iniparser.o ./deps/libz/adler32.o ./deps/libz/infblock.o ./deps/libz/infcodes.o ./deps/libz/inffast.o ./deps/libz/inflate.o ./deps/libz/inftrees.o ./deps/libz/infutil.o ./deps/libz/zutil.o crocods_libretro.so
/usr/local/emscripten/upstream/emscripten/emcc -DGIT_VERSION=\"" c0124a1"\" -O3   -c -o libretro.o libretro.c
/usr/local/emscripten/upstream/emscripten/emcc -DGIT_VERSION=\"" c0124a1"\" -O3   -c -o crocods-core/apps_autorun.o crocods-core/apps_autorun.c
/usr/local/emscripten/upstream/emscripten/emcc -DGIT_VERSION=\"" c0124a1"\" -O3   -c -o crocods-core/apps_browser.o crocods-core/apps_browser.c
/usr/local/emscripten/upstream/emscripten/emcc -DGIT_VERSION=\"" c0124a1"\" -O3   -c -o crocods-core/apps_disk.o crocods-core/apps_disk.c
/usr/local/emscripten/upstream/emscripten/emcc -DGIT_VERSION=\"" c0124a1"\" -O3   -c -o crocods-core/apps_guestinfo.o crocods-core/apps_guestinfo.c
/usr/local/emscripten/upstream/emscripten/emcc -DGIT_VERSION=\"" c0124a1"\" -O3   -c -o crocods-core/apps_infopanel.o crocods-core/apps_infopanel.c
/usr/local/emscripten/upstream/emscripten/emcc -DGIT_VERSION=\"" c0124a1"\" -O3   -c -o crocods-core/apps_keyboard.o crocods-core/apps_keyboard.c
/usr/local/emscripten/upstream/emscripten/emcc -DGIT_VERSION=\"" c0124a1"\" -O3   -c -o crocods-core/apps_menu.o crocods-core/apps_menu.c
/usr/local/emscripten/upstream/emscripten/emcc -DGIT_VERSION=\"" c0124a1"\" -O3   -c -o crocods-core/apps_shared.o crocods-core/apps_shared.c
/usr/local/emscripten/upstream/emscripten/emcc -DGIT_VERSION=\"" c0124a1"\" -O3   -c -o crocods-core/apps_tapeplayer.o crocods-core/apps_tapeplayer.c
/usr/local/emscripten/upstream/emscripten/emcc -DGIT_VERSION=\"" c0124a1"\" -O3   -c -o crocods-core/asic.o crocods-core/asic.c
/usr/local/emscripten/upstream/emscripten/emcc -DGIT_VERSION=\"" c0124a1"\" -O3   -c -o crocods-core/autotype.o crocods-core/autotype.c
/usr/local/emscripten/upstream/emscripten/emcc -DGIT_VERSION=\"" c0124a1"\" -O3   -c -o crocods-core/cpc6128.bin.o crocods-core/cpc6128.bin.c
/usr/local/emscripten/upstream/emscripten/emcc -DGIT_VERSION=\"" c0124a1"\" -O3   -c -o crocods-core/crtc-arnold.o crocods-core/crtc-arnold.c
/usr/local/emscripten/upstream/emscripten/emcc -DGIT_VERSION=\"" c0124a1"\" -O3   -c -o crocods-core/crtc.o crocods-core/crtc.c
/usr/local/emscripten/upstream/emscripten/emcc -DGIT_VERSION=\"" c0124a1"\" -O3   -c -o crocods-core/crtc-cap32.o crocods-core/crtc-cap32.c
/usr/local/emscripten/upstream/emscripten/emcc -DGIT_VERSION=\"" c0124a1"\" -O3   -c -o crocods-core/crtc-wincpc.o crocods-core/crtc-wincpc.c
/usr/local/emscripten/upstream/emscripten/emcc -DGIT_VERSION=\"" c0124a1"\" -O3   -c -o crocods-core/emu2149.o crocods-core/emu2149.c
/usr/local/emscripten/upstream/emscripten/emcc -DGIT_VERSION=\"" c0124a1"\" -O3   -c -o crocods-core/font.o crocods-core/font.c
/usr/local/emscripten/upstream/emscripten/emcc -DGIT_VERSION=\"" c0124a1"\" -O3   -c -o crocods-core/gestport.o crocods-core/gestport.c
/usr/local/emscripten/upstream/emscripten/emcc -DGIT_VERSION=\"" c0124a1"\" -O3   -c -o crocods-core/gif.o crocods-core/gif.c
/usr/local/emscripten/upstream/emscripten/emcc -DGIT_VERSION=\"" c0124a1"\" -O3   -c -o crocods-core/gif_icons8.o crocods-core/gif_icons8.c
/usr/local/emscripten/upstream/emscripten/emcc -DGIT_VERSION=\"" c0124a1"\" -O3   -c -o crocods-core/gif_icons.o crocods-core/gif_icons.c
/usr/local/emscripten/upstream/emscripten/emcc -DGIT_VERSION=\"" c0124a1"\" -O3   -c -o crocods-core/gif_keyboard.o crocods-core/gif_keyboard.c
/usr/local/emscripten/upstream/emscripten/emcc -DGIT_VERSION=\"" c0124a1"\" -O3   -c -o crocods-core/gif_menu.o crocods-core/gif_menu.c
/usr/local/emscripten/upstream/emscripten/emcc -DGIT_VERSION=\"" c0124a1"\" -O3   -c -o crocods-core/gif_select.o crocods-core/gif_select.c
/usr/local/emscripten/upstream/emscripten/emcc -DGIT_VERSION=\"" c0124a1"\" -O3   -c -o crocods-core/gif_tape.o crocods-core/gif_tape.c
/usr/local/emscripten/upstream/emscripten/emcc -DGIT_VERSION=\"" c0124a1"\" -O3   -c -o crocods-core/idsk_lite.o crocods-core/idsk_lite.c
/usr/local/emscripten/upstream/emscripten/emcc -DGIT_VERSION=\"" c0124a1"\" -O3   -c -o crocods-core/monitor.o crocods-core/monitor.c
/usr/local/emscripten/upstream/emscripten/emcc -DGIT_VERSION=\"" c0124a1"\" -O3   -c -o crocods-core/multiface.o crocods-core/multiface.c
/usr/local/emscripten/upstream/emscripten/emcc -DGIT_VERSION=\"" c0124a1"\" -O3   -c -o crocods-core/platform.o crocods-core/platform.c
/usr/local/emscripten/upstream/emscripten/emcc -DGIT_VERSION=\"" c0124a1"\" -O3   -c -o crocods-core/ppi.o crocods-core/ppi.c
/usr/local/emscripten/upstream/emscripten/emcc -DGIT_VERSION=\"" c0124a1"\" -O3   -c -o crocods-core/romdisc.bin.o crocods-core/romdisc.bin.c
/usr/local/emscripten/upstream/emscripten/emcc -DGIT_VERSION=\"" c0124a1"\" -O3   -c -o crocods-core/rompack.o crocods-core/rompack.c
/usr/local/emscripten/upstream/emscripten/emcc -DGIT_VERSION=\"" c0124a1"\" -O3   -c -o crocods-core/snapshot.o crocods-core/snapshot.c
/usr/local/emscripten/upstream/emscripten/emcc -DGIT_VERSION=\"" c0124a1"\" -O3   -c -o crocods-core/sound.o crocods-core/sound.c
/usr/local/emscripten/upstream/emscripten/emcc -DGIT_VERSION=\"" c0124a1"\" -O3   -c -o crocods-core/upd.o crocods-core/upd.c
/usr/local/emscripten/upstream/emscripten/emcc -DGIT_VERSION=\"" c0124a1"\" -O3   -c -o crocods-core/vga.o crocods-core/vga.c
/usr/local/emscripten/upstream/emscripten/emcc -DGIT_VERSION=\"" c0124a1"\" -O3   -c -o crocods-core/z80.o crocods-core/z80.c
/usr/local/emscripten/upstream/emscripten/emcc -DGIT_VERSION=\"" c0124a1"\" -O3   -c -o crocods-core/z80_cap32.o crocods-core/z80_cap32.c
/usr/local/emscripten/upstream/emscripten/emcc -DGIT_VERSION=\"" c0124a1"\" -O3   -c -o crocods-core/iniparser/dictionary.o crocods-core/iniparser/dictionary.c
/usr/local/emscripten/upstream/emscripten/emcc -DGIT_VERSION=\"" c0124a1"\" -O3   -c -o crocods-core/iniparser/iniparser.o crocods-core/iniparser/iniparser.c
/usr/local/emscripten/upstream/emscripten/emcc -DGIT_VERSION=\"" c0124a1"\" -O3   -c -o deps/libz/adler32.o deps/libz/adler32.c
/usr/local/emscripten/upstream/emscripten/emcc -DGIT_VERSION=\"" c0124a1"\" -O3   -c -o deps/libz/infblock.o deps/libz/infblock.c
/usr/local/emscripten/upstream/emscripten/emcc -DGIT_VERSION=\"" c0124a1"\" -O3   -c -o deps/libz/infcodes.o deps/libz/infcodes.c
/usr/local/emscripten/upstream/emscripten/emcc -DGIT_VERSION=\"" c0124a1"\" -O3   -c -o deps/libz/inffast.o deps/libz/inffast.c
/usr/local/emscripten/upstream/emscripten/emcc -DGIT_VERSION=\"" c0124a1"\" -O3   -c -o deps/libz/inflate.o deps/libz/inflate.c
/usr/local/emscripten/upstream/emscripten/emcc -DGIT_VERSION=\"" c0124a1"\" -O3   -c -o deps/libz/inftrees.o deps/libz/inftrees.c
/usr/local/emscripten/upstream/emscripten/emcc -DGIT_VERSION=\"" c0124a1"\" -O3   -c -o deps/libz/infutil.o deps/libz/infutil.c
/usr/local/emscripten/upstream/emscripten/emcc -DGIT_VERSION=\"" c0124a1"\" -O3   -c -o deps/libz/zutil.o deps/libz/zutil.c
/usr/local/emscripten/upstream/emscripten/emar rcs crocods_libretro_emscripten.bc ./libretro.o ./crocods-core/apps_autorun.o ./crocods-core/apps_browser.o ./crocods-core/apps_disk.o ./crocods-core/apps_guestinfo.o ./crocods-core/apps_infopanel.o ./crocods-core/apps_keyboard.o ./crocods-core/apps_menu.o ./crocods-core/apps_shared.o ./crocods-core/apps_tapeplayer.o ./crocods-core/asic.o ./crocods-core/autotype.o ./crocods-core/cpc6128.bin.o ./crocods-core/crtc-arnold.o ./crocods-core/crtc.o ./crocods-core/crtc-cap32.o ./crocods-core/crtc-wincpc.o ./crocods-core/emu2149.o ./crocods-core/font.o ./crocods-core/gestport.o ./crocods-core/gif.o ./crocods-core/gif_icons8.o ./crocods-core/gif_icons.o ./crocods-core/gif_keyboard.o ./crocods-core/gif_menu.o ./crocods-core/gif_select.o ./crocods-core/gif_tape.o ./crocods-core/idsk_lite.o ./crocods-core/monitor.o ./crocods-core/multiface.o ./crocods-core/platform.o ./crocods-core/ppi.o ./crocods-core/romdisc.bin.o ./crocods-core/rompack.o ./crocods-core/snapshot.o ./crocods-core/sound.o ./crocods-core/upd.o ./crocods-core/vga.o ./crocods-core/z80.o ./crocods-core/z80_cap32.o ./crocods-core/iniparser/dictionary.o ./crocods-core/iniparser/iniparser.o ./deps/libz/adler32.o ./deps/libz/infblock.o ./deps/libz/infcodes.o ./deps/libz/inffast.o ./deps/libz/inflate.o ./deps/libz/inftrees.o ./deps/libz/infutil.o ./deps/libz/zutil.o
rm -f ./libretro.o ./crocods-core/apps_autorun.o ./crocods-core/apps_browser.o ./crocods-core/apps_disk.o ./crocods-core/apps_guestinfo.o ./crocods-core/apps_infopanel.o ./crocods-core/apps_keyboard.o ./crocods-core/apps_menu.o ./crocods-core/apps_shared.o ./crocods-core/apps_tapeplayer.o ./crocods-core/asic.o ./crocods-core/autotype.o ./crocods-core/cpc6128.bin.o ./crocods-core/crtc-arnold.o ./crocods-core/crtc.o ./crocods-core/crtc-cap32.o ./crocods-core/crtc-wincpc.o ./crocods-core/emu2149.o ./crocods-core/font.o ./crocods-core/gestport.o ./crocods-core/gif.o ./crocods-core/gif_icons8.o ./crocods-core/gif_icons.o ./crocods-core/gif_keyboard.o ./crocods-core/gif_menu.o ./crocods-core/gif_select.o ./crocods-core/gif_tape.o ./crocods-core/idsk_lite.o ./crocods-core/monitor.o ./crocods-core/multiface.o ./crocods-core/platform.o ./crocods-core/ppi.o ./crocods-core/romdisc.bin.o ./crocods-core/rompack.o ./crocods-core/snapshot.o ./crocods-core/sound.o ./crocods-core/upd.o ./crocods-core/vga.o ./crocods-core/z80.o ./crocods-core/z80_cap32.o ./crocods-core/iniparser/dictionary.o ./crocods-core/iniparser/iniparser.o ./deps/libz/adler32.o ./deps/libz/infblock.o ./deps/libz/infcodes.o ./deps/libz/inffast.o ./deps/libz/inflate.o ./deps/libz/inftrees.o ./deps/libz/infutil.o ./deps/libz/zutil.o crocods_libretro.so
/usr/local/emscripten/upstream/emscripten/emcc -DGIT_VERSION=\"" c0124a1"\" -pthread -O3   -c -o libretro.o libretro.c
/usr/local/emscripten/upstream/emscripten/emcc -DGIT_VERSION=\"" c0124a1"\" -pthread -O3   -c -o crocods-core/apps_autorun.o crocods-core/apps_autorun.c
/usr/local/emscripten/upstream/emscripten/emcc -DGIT_VERSION=\"" c0124a1"\" -pthread -O3   -c -o crocods-core/apps_browser.o crocods-core/apps_browser.c
/usr/local/emscripten/upstream/emscripten/emcc -DGIT_VERSION=\"" c0124a1"\" -pthread -O3   -c -o crocods-core/apps_disk.o crocods-core/apps_disk.c
/usr/local/emscripten/upstream/emscripten/emcc -DGIT_VERSION=\"" c0124a1"\" -pthread -O3   -c -o crocods-core/apps_guestinfo.o crocods-core/apps_guestinfo.c
/usr/local/emscripten/upstream/emscripten/emcc -DGIT_VERSION=\"" c0124a1"\" -pthread -O3   -c -o crocods-core/apps_infopanel.o crocods-core/apps_infopanel.c
/usr/local/emscripten/upstream/emscripten/emcc -DGIT_VERSION=\"" c0124a1"\" -pthread -O3   -c -o crocods-core/apps_keyboard.o crocods-core/apps_keyboard.c
/usr/local/emscripten/upstream/emscripten/emcc -DGIT_VERSION=\"" c0124a1"\" -pthread -O3   -c -o crocods-core/apps_menu.o crocods-core/apps_menu.c
/usr/local/emscripten/upstream/emscripten/emcc -DGIT_VERSION=\"" c0124a1"\" -pthread -O3   -c -o crocods-core/apps_shared.o crocods-core/apps_shared.c
/usr/local/emscripten/upstream/emscripten/emcc -DGIT_VERSION=\"" c0124a1"\" -pthread -O3   -c -o crocods-core/apps_tapeplayer.o crocods-core/apps_tapeplayer.c
/usr/local/emscripten/upstream/emscripten/emcc -DGIT_VERSION=\"" c0124a1"\" -pthread -O3   -c -o crocods-core/asic.o crocods-core/asic.c
/usr/local/emscripten/upstream/emscripten/emcc -DGIT_VERSION=\"" c0124a1"\" -pthread -O3   -c -o crocods-core/autotype.o crocods-core/autotype.c
/usr/local/emscripten/upstream/emscripten/emcc -DGIT_VERSION=\"" c0124a1"\" -pthread -O3   -c -o crocods-core/cpc6128.bin.o crocods-core/cpc6128.bin.c
/usr/local/emscripten/upstream/emscripten/emcc -DGIT_VERSION=\"" c0124a1"\" -pthread -O3   -c -o crocods-core/crtc-arnold.o crocods-core/crtc-arnold.c
/usr/local/emscripten/upstream/emscripten/emcc -DGIT_VERSION=\"" c0124a1"\" -pthread -O3   -c -o crocods-core/crtc.o crocods-core/crtc.c
/usr/local/emscripten/upstream/emscripten/emcc -DGIT_VERSION=\"" c0124a1"\" -pthread -O3   -c -o crocods-core/crtc-cap32.o crocods-core/crtc-cap32.c
/usr/local/emscripten/upstream/emscripten/emcc -DGIT_VERSION=\"" c0124a1"\" -pthread -O3   -c -o crocods-core/crtc-wincpc.o crocods-core/crtc-wincpc.c
/usr/local/emscripten/upstream/emscripten/emcc -DGIT_VERSION=\"" c0124a1"\" -pthread -O3   -c -o crocods-core/emu2149.o crocods-core/emu2149.c
/usr/local/emscripten/upstream/emscripten/emcc -DGIT_VERSION=\"" c0124a1"\" -pthread -O3   -c -o crocods-core/font.o crocods-core/font.c
/usr/local/emscripten/upstream/emscripten/emcc -DGIT_VERSION=\"" c0124a1"\" -pthread -O3   -c -o crocods-core/gestport.o crocods-core/gestport.c
/usr/local/emscripten/upstream/emscripten/emcc -DGIT_VERSION=\"" c0124a1"\" -pthread -O3   -c -o crocods-core/gif.o crocods-core/gif.c
/usr/local/emscripten/upstream/emscripten/emcc -DGIT_VERSION=\"" c0124a1"\" -pthread -O3   -c -o crocods-core/gif_icons8.o crocods-core/gif_icons8.c
/usr/local/emscripten/upstream/emscripten/emcc -DGIT_VERSION=\"" c0124a1"\" -pthread -O3   -c -o crocods-core/gif_icons.o crocods-core/gif_icons.c
/usr/local/emscripten/upstream/emscripten/emcc -DGIT_VERSION=\"" c0124a1"\" -pthread -O3   -c -o crocods-core/gif_keyboard.o crocods-core/gif_keyboard.c
/usr/local/emscripten/upstream/emscripten/emcc -DGIT_VERSION=\"" c0124a1"\" -pthread -O3   -c -o crocods-core/gif_menu.o crocods-core/gif_menu.c
/usr/local/emscripten/upstream/emscripten/emcc -DGIT_VERSION=\"" c0124a1"\" -pthread -O3   -c -o crocods-core/gif_select.o crocods-core/gif_select.c
/usr/local/emscripten/upstream/emscripten/emcc -DGIT_VERSION=\"" c0124a1"\" -pthread -O3   -c -o crocods-core/gif_tape.o crocods-core/gif_tape.c
/usr/local/emscripten/upstream/emscripten/emcc -DGIT_VERSION=\"" c0124a1"\" -pthread -O3   -c -o crocods-core/idsk_lite.o crocods-core/idsk_lite.c
/usr/local/emscripten/upstream/emscripten/emcc -DGIT_VERSION=\"" c0124a1"\" -pthread -O3   -c -o crocods-core/monitor.o crocods-core/monitor.c
/usr/local/emscripten/upstream/emscripten/emcc -DGIT_VERSION=\"" c0124a1"\" -pthread -O3   -c -o crocods-core/multiface.o crocods-core/multiface.c
/usr/local/emscripten/upstream/emscripten/emcc -DGIT_VERSION=\"" c0124a1"\" -pthread -O3   -c -o crocods-core/platform.o crocods-core/platform.c
/usr/local/emscripten/upstream/emscripten/emcc -DGIT_VERSION=\"" c0124a1"\" -pthread -O3   -c -o crocods-core/ppi.o crocods-core/ppi.c
/usr/local/emscripten/upstream/emscripten/emcc -DGIT_VERSION=\"" c0124a1"\" -pthread -O3   -c -o crocods-core/romdisc.bin.o crocods-core/romdisc.bin.c
/usr/local/emscripten/upstream/emscripten/emcc -DGIT_VERSION=\"" c0124a1"\" -pthread -O3   -c -o crocods-core/rompack.o crocods-core/rompack.c
/usr/local/emscripten/upstream/emscripten/emcc -DGIT_VERSION=\"" c0124a1"\" -pthread -O3   -c -o crocods-core/snapshot.o crocods-core/snapshot.c
/usr/local/emscripten/upstream/emscripten/emcc -DGIT_VERSION=\"" c0124a1"\" -pthread -O3   -c -o crocods-core/sound.o crocods-core/sound.c
/usr/local/emscripten/upstream/emscripten/emcc -DGIT_VERSION=\"" c0124a1"\" -pthread -O3   -c -o crocods-core/upd.o crocods-core/upd.c
/usr/local/emscripten/upstream/emscripten/emcc -DGIT_VERSION=\"" c0124a1"\" -pthread -O3   -c -o crocods-core/vga.o crocods-core/vga.c
/usr/local/emscripten/upstream/emscripten/emcc -DGIT_VERSION=\"" c0124a1"\" -pthread -O3   -c -o crocods-core/z80.o crocods-core/z80.c
/usr/local/emscripten/upstream/emscripten/emcc -DGIT_VERSION=\"" c0124a1"\" -pthread -O3   -c -o crocods-core/z80_cap32.o crocods-core/z80_cap32.c
/usr/local/emscripten/upstream/emscripten/emcc -DGIT_VERSION=\"" c0124a1"\" -pthread -O3   -c -o crocods-core/iniparser/dictionary.o crocods-core/iniparser/dictionary.c
/usr/local/emscripten/upstream/emscripten/emcc -DGIT_VERSION=\"" c0124a1"\" -pthread -O3   -c -o crocods-core/iniparser/iniparser.o crocods-core/iniparser/iniparser.c
/usr/local/emscripten/upstream/emscripten/emcc -DGIT_VERSION=\"" c0124a1"\" -pthread -O3   -c -o deps/libz/adler32.o deps/libz/adler32.c
/usr/local/emscripten/upstream/emscripten/emcc -DGIT_VERSION=\"" c0124a1"\" -pthread -O3   -c -o deps/libz/infblock.o deps/libz/infblock.c
/usr/local/emscripten/upstream/emscripten/emcc -DGIT_VERSION=\"" c0124a1"\" -pthread -O3   -c -o deps/libz/infcodes.o deps/libz/infcodes.c
/usr/local/emscripten/upstream/emscripten/emcc -DGIT_VERSION=\"" c0124a1"\" -pthread -O3   -c -o deps/libz/inffast.o deps/libz/inffast.c
/usr/local/emscripten/upstream/emscripten/emcc -DGIT_VERSION=\"" c0124a1"\" -pthread -O3   -c -o deps/libz/inflate.o deps/libz/inflate.c
/usr/local/emscripten/upstream/emscripten/emcc -DGIT_VERSION=\"" c0124a1"\" -pthread -O3   -c -o deps/libz/inftrees.o deps/libz/inftrees.c
/usr/local/emscripten/upstream/emscripten/emcc -DGIT_VERSION=\"" c0124a1"\" -pthread -O3   -c -o deps/libz/infutil.o deps/libz/infutil.c
/usr/local/emscripten/upstream/emscripten/emcc -DGIT_VERSION=\"" c0124a1"\" -pthread -O3   -c -o deps/libz/zutil.o deps/libz/zutil.c
/usr/local/emscripten/upstream/emscripten/emar rcs crocods_libretro_emscripten.bc ./libretro.o ./crocods-core/apps_autorun.o ./crocods-core/apps_browser.o ./crocods-core/apps_disk.o ./crocods-core/apps_guestinfo.o ./crocods-core/apps_infopanel.o ./crocods-core/apps_keyboard.o ./crocods-core/apps_menu.o ./crocods-core/apps_shared.o ./crocods-core/apps_tapeplayer.o ./crocods-core/asic.o ./crocods-core/autotype.o ./crocods-core/cpc6128.bin.o ./crocods-core/crtc-arnold.o ./crocods-core/crtc.o ./crocods-core/crtc-cap32.o ./crocods-core/crtc-wincpc.o ./crocods-core/emu2149.o ./crocods-core/font.o ./crocods-core/gestport.o ./crocods-core/gif.o ./crocods-core/gif_icons8.o ./crocods-core/gif_icons.o ./crocods-core/gif_keyboard.o ./crocods-core/gif_menu.o ./crocods-core/gif_select.o ./crocods-core/gif_tape.o ./crocods-core/idsk_lite.o ./crocods-core/monitor.o ./crocods-core/multiface.o ./crocods-core/platform.o ./crocods-core/ppi.o ./crocods-core/romdisc.bin.o ./crocods-core/rompack.o ./crocods-core/snapshot.o ./crocods-core/sound.o ./crocods-core/upd.o ./crocods-core/vga.o ./crocods-core/z80.o ./crocods-core/z80_cap32.o ./crocods-core/iniparser/dictionary.o ./crocods-core/iniparser/iniparser.o ./deps/libz/adler32.o ./deps/libz/infblock.o ./deps/libz/infcodes.o ./deps/libz/inffast.o ./deps/libz/inflate.o ./deps/libz/inftrees.o ./deps/libz/infutil.o ./deps/libz/zutil.o
rm -f ./libretro.o ./crocods-core/apps_autorun.o ./crocods-core/apps_browser.o ./crocods-core/apps_disk.o ./crocods-core/apps_guestinfo.o ./crocods-core/apps_infopanel.o ./crocods-core/apps_keyboard.o ./crocods-core/apps_menu.o ./crocods-core/apps_shared.o ./crocods-core/apps_tapeplayer.o ./crocods-core/asic.o ./crocods-core/autotype.o ./crocods-core/cpc6128.bin.o ./crocods-core/crtc-arnold.o ./crocods-core/crtc.o ./crocods-core/crtc-cap32.o ./crocods-core/crtc-wincpc.o ./crocods-core/emu2149.o ./crocods-core/font.o ./crocods-core/gestport.o ./crocods-core/gif.o ./crocods-core/gif_icons8.o ./crocods-core/gif_icons.o ./crocods-core/gif_keyboard.o ./crocods-core/gif_menu.o ./crocods-core/gif_select.o ./crocods-core/gif_tape.o ./crocods-core/idsk_lite.o ./crocods-core/monitor.o ./crocods-core/multiface.o ./crocods-core/platform.o ./crocods-core/ppi.o ./crocods-core/romdisc.bin.o ./crocods-core/rompack.o ./crocods-core/snapshot.o ./crocods-core/sound.o ./crocods-core/upd.o ./crocods-core/vga.o ./crocods-core/z80.o ./crocods-core/z80_cap32.o ./crocods-core/iniparser/dictionary.o ./crocods-core/iniparser/iniparser.o ./deps/libz/adler32.o ./deps/libz/infblock.o ./deps/libz/infcodes.o ./deps/libz/inffast.o ./deps/libz/inflate.o ./deps/libz/inftrees.o ./deps/libz/infutil.o ./deps/libz/zutil.o crocods_libretro.so
/usr/local/emscripten/upstream/emscripten/emcc -DGIT_VERSION=\"" c0124a1"\" -O3   -c -o libretro.o libretro.c
/usr/local/emscripten/upstream/emscripten/emcc -DGIT_VERSION=\"" c0124a1"\" -O3   -c -o crocods-core/apps_autorun.o crocods-core/apps_autorun.c
/usr/local/emscripten/upstream/emscripten/emcc -DGIT_VERSION=\"" c0124a1"\" -O3   -c -o crocods-core/apps_browser.o crocods-core/apps_browser.c
/usr/local/emscripten/upstream/emscripten/emcc -DGIT_VERSION=\"" c0124a1"\" -O3   -c -o crocods-core/apps_disk.o crocods-core/apps_disk.c
/usr/local/emscripten/upstream/emscripten/emcc -DGIT_VERSION=\"" c0124a1"\" -O3   -c -o crocods-core/apps_guestinfo.o crocods-core/apps_guestinfo.c
/usr/local/emscripten/upstream/emscripten/emcc -DGIT_VERSION=\"" c0124a1"\" -O3   -c -o crocods-core/apps_infopanel.o crocods-core/apps_infopanel.c
/usr/local/emscripten/upstream/emscripten/emcc -DGIT_VERSION=\"" c0124a1"\" -O3   -c -o crocods-core/apps_keyboard.o crocods-core/apps_keyboard.c
/usr/local/emscripten/upstream/emscripten/emcc -DGIT_VERSION=\"" c0124a1"\" -O3   -c -o crocods-core/apps_menu.o crocods-core/apps_menu.c
/usr/local/emscripten/upstream/emscripten/emcc -DGIT_VERSION=\"" c0124a1"\" -O3   -c -o crocods-core/apps_shared.o crocods-core/apps_shared.c
/usr/local/emscripten/upstream/emscripten/emcc -DGIT_VERSION=\"" c0124a1"\" -O3   -c -o crocods-core/apps_tapeplayer.o crocods-core/apps_tapeplayer.c
/usr/local/emscripten/upstream/emscripten/emcc -DGIT_VERSION=\"" c0124a1"\" -O3   -c -o crocods-core/asic.o crocods-core/asic.c
/usr/local/emscripten/upstream/emscripten/emcc -DGIT_VERSION=\"" c0124a1"\" -O3   -c -o crocods-core/autotype.o crocods-core/autotype.c
/usr/local/emscripten/upstream/emscripten/emcc -DGIT_VERSION=\"" c0124a1"\" -O3   -c -o crocods-core/cpc6128.bin.o crocods-core/cpc6128.bin.c
/usr/local/emscripten/upstream/emscripten/emcc -DGIT_VERSION=\"" c0124a1"\" -O3   -c -o crocods-core/crtc-arnold.o crocods-core/crtc-arnold.c
/usr/local/emscripten/upstream/emscripten/emcc -DGIT_VERSION=\"" c0124a1"\" -O3   -c -o crocods-core/crtc.o crocods-core/crtc.c
/usr/local/emscripten/upstream/emscripten/emcc -DGIT_VERSION=\"" c0124a1"\" -O3   -c -o crocods-core/crtc-cap32.o crocods-core/crtc-cap32.c
/usr/local/emscripten/upstream/emscripten/emcc -DGIT_VERSION=\"" c0124a1"\" -O3   -c -o crocods-core/crtc-wincpc.o crocods-core/crtc-wincpc.c
/usr/local/emscripten/upstream/emscripten/emcc -DGIT_VERSION=\"" c0124a1"\" -O3   -c -o crocods-core/emu2149.o crocods-core/emu2149.c
/usr/local/emscripten/upstream/emscripten/emcc -DGIT_VERSION=\"" c0124a1"\" -O3   -c -o crocods-core/font.o crocods-core/font.c
/usr/local/emscripten/upstream/emscripten/emcc -DGIT_VERSION=\"" c0124a1"\" -O3   -c -o crocods-core/gestport.o crocods-core/gestport.c
/usr/local/emscripten/upstream/emscripten/emcc -DGIT_VERSION=\"" c0124a1"\" -O3   -c -o crocods-core/gif.o crocods-core/gif.c
/usr/local/emscripten/upstream/emscripten/emcc -DGIT_VERSION=\"" c0124a1"\" -O3   -c -o crocods-core/gif_icons8.o crocods-core/gif_icons8.c
/usr/local/emscripten/upstream/emscripten/emcc -DGIT_VERSION=\"" c0124a1"\" -O3   -c -o crocods-core/gif_icons.o crocods-core/gif_icons.c
/usr/local/emscripten/upstream/emscripten/emcc -DGIT_VERSION=\"" c0124a1"\" -O3   -c -o crocods-core/gif_keyboard.o crocods-core/gif_keyboard.c
/usr/local/emscripten/upstream/emscripten/emcc -DGIT_VERSION=\"" c0124a1"\" -O3   -c -o crocods-core/gif_menu.o crocods-core/gif_menu.c
/usr/local/emscripten/upstream/emscripten/emcc -DGIT_VERSION=\"" c0124a1"\" -O3   -c -o crocods-core/gif_select.o crocods-core/gif_select.c
/usr/local/emscripten/upstream/emscripten/emcc -DGIT_VERSION=\"" c0124a1"\" -O3   -c -o crocods-core/gif_tape.o crocods-core/gif_tape.c
/usr/local/emscripten/upstream/emscripten/emcc -DGIT_VERSION=\"" c0124a1"\" -O3   -c -o crocods-core/idsk_lite.o crocods-core/idsk_lite.c
/usr/local/emscripten/upstream/emscripten/emcc -DGIT_VERSION=\"" c0124a1"\" -O3   -c -o crocods-core/monitor.o crocods-core/monitor.c
/usr/local/emscripten/upstream/emscripten/emcc -DGIT_VERSION=\"" c0124a1"\" -O3   -c -o crocods-core/multiface.o crocods-core/multiface.c
/usr/local/emscripten/upstream/emscripten/emcc -DGIT_VERSION=\"" c0124a1"\" -O3   -c -o crocods-core/platform.o crocods-core/platform.c
/usr/local/emscripten/upstream/emscripten/emcc -DGIT_VERSION=\"" c0124a1"\" -O3   -c -o crocods-core/ppi.o crocods-core/ppi.c
/usr/local/emscripten/upstream/emscripten/emcc -DGIT_VERSION=\"" c0124a1"\" -O3   -c -o crocods-core/romdisc.bin.o crocods-core/romdisc.bin.c
/usr/local/emscripten/upstream/emscripten/emcc -DGIT_VERSION=\"" c0124a1"\" -O3   -c -o crocods-core/rompack.o crocods-core/rompack.c
/usr/local/emscripten/upstream/emscripten/emcc -DGIT_VERSION=\"" c0124a1"\" -O3   -c -o crocods-core/snapshot.o crocods-core/snapshot.c
/usr/local/emscripten/upstream/emscripten/emcc -DGIT_VERSION=\"" c0124a1"\" -O3   -c -o crocods-core/sound.o crocods-core/sound.c
/usr/local/emscripten/upstream/emscripten/emcc -DGIT_VERSION=\"" c0124a1"\" -O3   -c -o crocods-core/upd.o crocods-core/upd.c
/usr/local/emscripten/upstream/emscripten/emcc -DGIT_VERSION=\"" c0124a1"\" -O3   -c -o crocods-core/vga.o crocods-core/vga.c
/usr/local/emscripten/upstream/emscripten/emcc -DGIT_VERSION=\"" c0124a1"\" -O3   -c -o crocods-core/z80.o crocods-core/z80.c
/usr/local/emscripten/upstream/emscripten/emcc -DGIT_VERSION=\"" c0124a1"\" -O3   -c -o crocods-core/z80_cap32.o crocods-core/z80_cap32.c
/usr/local/emscripten/upstream/emscripten/emcc -DGIT_VERSION=\"" c0124a1"\" -O3   -c -o crocods-core/iniparser/dictionary.o crocods-core/iniparser/dictionary.c
/usr/local/emscripten/upstream/emscripten/emcc -DGIT_VERSION=\"" c0124a1"\" -O3   -c -o crocods-core/iniparser/iniparser.o crocods-core/iniparser/iniparser.c
/usr/local/emscripten/upstream/emscripten/emcc -DGIT_VERSION=\"" c0124a1"\" -O3   -c -o deps/libz/adler32.o deps/libz/adler32.c
/usr/local/emscripten/upstream/emscripten/emcc -DGIT_VERSION=\"" c0124a1"\" -O3   -c -o deps/libz/infblock.o deps/libz/infblock.c
/usr/local/emscripten/upstream/emscripten/emcc -DGIT_VERSION=\"" c0124a1"\" -O3   -c -o deps/libz/infcodes.o deps/libz/infcodes.c
/usr/local/emscripten/upstream/emscripten/emcc -DGIT_VERSION=\"" c0124a1"\" -O3   -c -o deps/libz/inffast.o deps/libz/inffast.c
/usr/local/emscripten/upstream/emscripten/emcc -DGIT_VERSION=\"" c0124a1"\" -O3   -c -o deps/libz/inflate.o deps/libz/inflate.c
/usr/local/emscripten/upstream/emscripten/emcc -DGIT_VERSION=\"" c0124a1"\" -O3   -c -o deps/libz/inftrees.o deps/libz/inftrees.c
/usr/local/emscripten/upstream/emscripten/emcc -DGIT_VERSION=\"" c0124a1"\" -O3   -c -o deps/libz/infutil.o deps/libz/infutil.c
/usr/local/emscripten/upstream/emscripten/emcc -DGIT_VERSION=\"" c0124a1"\" -O3   -c -o deps/libz/zutil.o deps/libz/zutil.c
/usr/local/emscripten/upstream/emscripten/emar rcs crocods_libretro_emscripten.bc ./libretro.o ./crocods-core/apps_autorun.o ./crocods-core/apps_browser.o ./crocods-core/apps_disk.o ./crocods-core/apps_guestinfo.o ./crocods-core/apps_infopanel.o ./crocods-core/apps_keyboard.o ./crocods-core/apps_menu.o ./crocods-core/apps_shared.o ./crocods-core/apps_tapeplayer.o ./crocods-core/asic.o ./crocods-core/autotype.o ./crocods-core/cpc6128.bin.o ./crocods-core/crtc-arnold.o ./crocods-core/crtc.o ./crocods-core/crtc-cap32.o ./crocods-core/crtc-wincpc.o ./crocods-core/emu2149.o ./crocods-core/font.o ./crocods-core/gestport.o ./crocods-core/gif.o ./crocods-core/gif_icons8.o ./crocods-core/gif_icons.o ./crocods-core/gif_keyboard.o ./crocods-core/gif_menu.o ./crocods-core/gif_select.o ./crocods-core/gif_tape.o ./crocods-core/idsk_lite.o ./crocods-core/monitor.o ./crocods-core/multiface.o ./crocods-core/platform.o ./crocods-core/ppi.o ./crocods-core/romdisc.bin.o ./crocods-core/rompack.o ./crocods-core/snapshot.o ./crocods-core/sound.o ./crocods-core/upd.o ./crocods-core/vga.o ./crocods-core/z80.o ./crocods-core/z80_cap32.o ./crocods-core/iniparser/dictionary.o ./crocods-core/iniparser/iniparser.o ./deps/libz/adler32.o ./deps/libz/infblock.o ./deps/libz/infcodes.o ./deps/libz/inffast.o ./deps/libz/inflate.o ./deps/libz/inftrees.o ./deps/libz/infutil.o ./deps/libz/zutil.o
rm -f ./libretro.o ./crocods-core/apps_autorun.o ./crocods-core/apps_browser.o ./crocods-core/apps_disk.o ./crocods-core/apps_guestinfo.o ./crocods-core/apps_infopanel.o ./crocods-core/apps_keyboard.o ./crocods-core/apps_menu.o ./crocods-core/apps_shared.o ./crocods-core/apps_tapeplayer.o ./crocods-core/asic.o ./crocods-core/autotype.o ./crocods-core/cpc6128.bin.o ./crocods-core/crtc-arnold.o ./crocods-core/crtc.o ./crocods-core/crtc-cap32.o ./crocods-core/crtc-wincpc.o ./crocods-core/emu2149.o ./crocods-core/font.o ./crocods-core/gestport.o ./crocods-core/gif.o ./crocods-core/gif_icons8.o ./crocods-core/gif_icons.o ./crocods-core/gif_keyboard.o ./crocods-core/gif_menu.o ./crocods-core/gif_select.o ./crocods-core/gif_tape.o ./crocods-core/idsk_lite.o ./crocods-core/monitor.o ./crocods-core/multiface.o ./crocods-core/platform.o ./crocods-core/ppi.o ./crocods-core/romdisc.bin.o ./crocods-core/rompack.o ./crocods-core/snapshot.o ./crocods-core/sound.o ./crocods-core/upd.o ./crocods-core/vga.o ./crocods-core/z80.o ./crocods-core/z80_cap32.o ./crocods-core/iniparser/dictionary.o ./crocods-core/iniparser/iniparser.o ./deps/libz/adler32.o ./deps/libz/infblock.o ./deps/libz/infcodes.o ./deps/libz/inffast.o ./deps/libz/inflate.o ./deps/libz/inftrees.o ./deps/libz/infutil.o ./deps/libz/zutil.o crocods_libretro.so
/usr/local/emscripten/upstream/emscripten/emcc -DGIT_VERSION=\"" c0124a1"\" -pthread -O3   -c -o libretro.o libretro.c
/usr/local/emscripten/upstream/emscripten/emcc -DGIT_VERSION=\"" c0124a1"\" -pthread -O3   -c -o crocods-core/apps_autorun.o crocods-core/apps_autorun.c
/usr/local/emscripten/upstream/emscripten/emcc -DGIT_VERSION=\"" c0124a1"\" -pthread -O3   -c -o crocods-core/apps_browser.o crocods-core/apps_browser.c
/usr/local/emscripten/upstream/emscripten/emcc -DGIT_VERSION=\"" c0124a1"\" -pthread -O3   -c -o crocods-core/apps_disk.o crocods-core/apps_disk.c
/usr/local/emscripten/upstream/emscripten/emcc -DGIT_VERSION=\"" c0124a1"\" -pthread -O3   -c -o crocods-core/apps_guestinfo.o crocods-core/apps_guestinfo.c
/usr/local/emscripten/upstream/emscripten/emcc -DGIT_VERSION=\"" c0124a1"\" -pthread -O3   -c -o crocods-core/apps_infopanel.o crocods-core/apps_infopanel.c
/usr/local/emscripten/upstream/emscripten/emcc -DGIT_VERSION=\"" c0124a1"\" -pthread -O3   -c -o crocods-core/apps_keyboard.o crocods-core/apps_keyboard.c
/usr/local/emscripten/upstream/emscripten/emcc -DGIT_VERSION=\"" c0124a1"\" -pthread -O3   -c -o crocods-core/apps_menu.o crocods-core/apps_menu.c
/usr/local/emscripten/upstream/emscripten/emcc -DGIT_VERSION=\"" c0124a1"\" -pthread -O3   -c -o crocods-core/apps_shared.o crocods-core/apps_shared.c
/usr/local/emscripten/upstream/emscripten/emcc -DGIT_VERSION=\"" c0124a1"\" -pthread -O3   -c -o crocods-core/apps_tapeplayer.o crocods-core/apps_tapeplayer.c
/usr/local/emscripten/upstream/emscripten/emcc -DGIT_VERSION=\"" c0124a1"\" -pthread -O3   -c -o crocods-core/asic.o crocods-core/asic.c
/usr/local/emscripten/upstream/emscripten/emcc -DGIT_VERSION=\"" c0124a1"\" -pthread -O3   -c -o crocods-core/autotype.o crocods-core/autotype.c
/usr/local/emscripten/upstream/emscripten/emcc -DGIT_VERSION=\"" c0124a1"\" -pthread -O3   -c -o crocods-core/cpc6128.bin.o crocods-core/cpc6128.bin.c
/usr/local/emscripten/upstream/emscripten/emcc -DGIT_VERSION=\"" c0124a1"\" -pthread -O3   -c -o crocods-core/crtc-arnold.o crocods-core/crtc-arnold.c
/usr/local/emscripten/upstream/emscripten/emcc -DGIT_VERSION=\"" c0124a1"\" -pthread -O3   -c -o crocods-core/crtc.o crocods-core/crtc.c
/usr/local/emscripten/upstream/emscripten/emcc -DGIT_VERSION=\"" c0124a1"\" -pthread -O3   -c -o crocods-core/crtc-cap32.o crocods-core/crtc-cap32.c
/usr/local/emscripten/upstream/emscripten/emcc -DGIT_VERSION=\"" c0124a1"\" -pthread -O3   -c -o crocods-core/crtc-wincpc.o crocods-core/crtc-wincpc.c
/usr/local/emscripten/upstream/emscripten/emcc -DGIT_VERSION=\"" c0124a1"\" -pthread -O3   -c -o crocods-core/emu2149.o crocods-core/emu2149.c
/usr/local/emscripten/upstream/emscripten/emcc -DGIT_VERSION=\"" c0124a1"\" -pthread -O3   -c -o crocods-core/font.o crocods-core/font.c
/usr/local/emscripten/upstream/emscripten/emcc -DGIT_VERSION=\"" c0124a1"\" -pthread -O3   -c -o crocods-core/gestport.o crocods-core/gestport.c
/usr/local/emscripten/upstream/emscripten/emcc -DGIT_VERSION=\"" c0124a1"\" -pthread -O3   -c -o crocods-core/gif.o crocods-core/gif.c
/usr/local/emscripten/upstream/emscripten/emcc -DGIT_VERSION=\"" c0124a1"\" -pthread -O3   -c -o crocods-core/gif_icons8.o crocods-core/gif_icons8.c
/usr/local/emscripten/upstream/emscripten/emcc -DGIT_VERSION=\"" c0124a1"\" -pthread -O3   -c -o crocods-core/gif_icons.o crocods-core/gif_icons.c
/usr/local/emscripten/upstream/emscripten/emcc -DGIT_VERSION=\"" c0124a1"\" -pthread -O3   -c -o crocods-core/gif_keyboard.o crocods-core/gif_keyboard.c
/usr/local/emscripten/upstream/emscripten/emcc -DGIT_VERSION=\"" c0124a1"\" -pthread -O3   -c -o crocods-core/gif_menu.o crocods-core/gif_menu.c
/usr/local/emscripten/upstream/emscripten/emcc -DGIT_VERSION=\"" c0124a1"\" -pthread -O3   -c -o crocods-core/gif_select.o crocods-core/gif_select.c
/usr/local/emscripten/upstream/emscripten/emcc -DGIT_VERSION=\"" c0124a1"\" -pthread -O3   -c -o crocods-core/gif_tape.o crocods-core/gif_tape.c
/usr/local/emscripten/upstream/emscripten/emcc -DGIT_VERSION=\"" c0124a1"\" -pthread -O3   -c -o crocods-core/idsk_lite.o crocods-core/idsk_lite.c
/usr/local/emscripten/upstream/emscripten/emcc -DGIT_VERSION=\"" c0124a1"\" -pthread -O3   -c -o crocods-core/monitor.o crocods-core/monitor.c
/usr/local/emscripten/upstream/emscripten/emcc -DGIT_VERSION=\"" c0124a1"\" -pthread -O3   -c -o crocods-core/multiface.o crocods-core/multiface.c
/usr/local/emscripten/upstream/emscripten/emcc -DGIT_VERSION=\"" c0124a1"\" -pthread -O3   -c -o crocods-core/platform.o crocods-core/platform.c
/usr/local/emscripten/upstream/emscripten/emcc -DGIT_VERSION=\"" c0124a1"\" -pthread -O3   -c -o crocods-core/ppi.o crocods-core/ppi.c
/usr/local/emscripten/upstream/emscripten/emcc -DGIT_VERSION=\"" c0124a1"\" -pthread -O3   -c -o crocods-core/romdisc.bin.o crocods-core/romdisc.bin.c
/usr/local/emscripten/upstream/emscripten/emcc -DGIT_VERSION=\"" c0124a1"\" -pthread -O3   -c -o crocods-core/rompack.o crocods-core/rompack.c
/usr/local/emscripten/upstream/emscripten/emcc -DGIT_VERSION=\"" c0124a1"\" -pthread -O3   -c -o crocods-core/snapshot.o crocods-core/snapshot.c
/usr/local/emscripten/upstream/emscripten/emcc -DGIT_VERSION=\"" c0124a1"\" -pthread -O3   -c -o crocods-core/sound.o crocods-core/sound.c
/usr/local/emscripten/upstream/emscripten/emcc -DGIT_VERSION=\"" c0124a1"\" -pthread -O3   -c -o crocods-core/upd.o crocods-core/upd.c
/usr/local/emscripten/upstream/emscripten/emcc -DGIT_VERSION=\"" c0124a1"\" -pthread -O3   -c -o crocods-core/vga.o crocods-core/vga.c
/usr/local/emscripten/upstream/emscripten/emcc -DGIT_VERSION=\"" c0124a1"\" -pthread -O3   -c -o crocods-core/z80.o crocods-core/z80.c
/usr/local/emscripten/upstream/emscripten/emcc -DGIT_VERSION=\"" c0124a1"\" -pthread -O3   -c -o crocods-core/z80_cap32.o crocods-core/z80_cap32.c
/usr/local/emscripten/upstream/emscripten/emcc -DGIT_VERSION=\"" c0124a1"\" -pthread -O3   -c -o crocods-core/iniparser/dictionary.o crocods-core/iniparser/dictionary.c
/usr/local/emscripten/upstream/emscripten/emcc -DGIT_VERSION=\"" c0124a1"\" -pthread -O3   -c -o crocods-core/iniparser/iniparser.o crocods-core/iniparser/iniparser.c
/usr/local/emscripten/upstream/emscripten/emcc -DGIT_VERSION=\"" c0124a1"\" -pthread -O3   -c -o deps/libz/adler32.o deps/libz/adler32.c
/usr/local/emscripten/upstream/emscripten/emcc -DGIT_VERSION=\"" c0124a1"\" -pthread -O3   -c -o deps/libz/infblock.o deps/libz/infblock.c
/usr/local/emscripten/upstream/emscripten/emcc -DGIT_VERSION=\"" c0124a1"\" -pthread -O3   -c -o deps/libz/infcodes.o deps/libz/infcodes.c
/usr/local/emscripten/upstream/emscripten/emcc -DGIT_VERSION=\"" c0124a1"\" -pthread -O3   -c -o deps/libz/inffast.o deps/libz/inffast.c
/usr/local/emscripten/upstream/emscripten/emcc -DGIT_VERSION=\"" c0124a1"\" -pthread -O3   -c -o deps/libz/inflate.o deps/libz/inflate.c
/usr/local/emscripten/upstream/emscripten/emcc -DGIT_VERSION=\"" c0124a1"\" -pthread -O3   -c -o deps/libz/inftrees.o deps/libz/inftrees.c
/usr/local/emscripten/upstream/emscripten/emcc -DGIT_VERSION=\"" c0124a1"\" -pthread -O3   -c -o deps/libz/infutil.o deps/libz/infutil.c
/usr/local/emscripten/upstream/emscripten/emcc -DGIT_VERSION=\"" c0124a1"\" -pthread -O3   -c -o deps/libz/zutil.o deps/libz/zutil.c
/usr/local/emscripten/upstream/emscripten/emar rcs crocods_libretro_emscripten.bc ./libretro.o ./crocods-core/apps_autorun.o ./crocods-core/apps_browser.o ./crocods-core/apps_disk.o ./crocods-core/apps_guestinfo.o ./crocods-core/apps_infopanel.o ./crocods-core/apps_keyboard.o ./crocods-core/apps_menu.o ./crocods-core/apps_shared.o ./crocods-core/apps_tapeplayer.o ./crocods-core/asic.o ./crocods-core/autotype.o ./crocods-core/cpc6128.bin.o ./crocods-core/crtc-arnold.o ./crocods-core/crtc.o ./crocods-core/crtc-cap32.o ./crocods-core/crtc-wincpc.o ./crocods-core/emu2149.o ./crocods-core/font.o ./crocods-core/gestport.o ./crocods-core/gif.o ./crocods-core/gif_icons8.o ./crocods-core/gif_icons.o ./crocods-core/gif_keyboard.o ./crocods-core/gif_menu.o ./crocods-core/gif_select.o ./crocods-core/gif_tape.o ./crocods-core/idsk_lite.o ./crocods-core/monitor.o ./crocods-core/multiface.o ./crocods-core/platform.o ./crocods-core/ppi.o ./crocods-core/romdisc.bin.o ./crocods-core/rompack.o ./crocods-core/snapshot.o ./crocods-core/sound.o ./crocods-core/upd.o ./crocods-core/vga.o ./crocods-core/z80.o ./crocods-core/z80_cap32.o ./crocods-core/iniparser/dictionary.o ./crocods-core/iniparser/iniparser.o ./deps/libz/adler32.o ./deps/libz/infblock.o ./deps/libz/infcodes.o ./deps/libz/inffast.o ./deps/libz/inflate.o ./deps/libz/inftrees.o ./deps/libz/infutil.o ./deps/libz/zutil.o
