Already up to date.
rm -f src/armcpu.o src/arm_instructions.o src/bios.o src/cp15.o src/emufile.o src/encrypt.o src/FIFO.o src/firmware.o src/GPU.o src/mc.o src/path.o src/readwrite.o src/wifi.o src/MMU.o src/NDSSystem.o src/render3D.o src/rtc.o src/saves.o src/slot1.o src/slot2.o src/SPU.o src/matrix.o src/gfx3d.o src/thumb_instructions.o src/utils/advanscene.o src/utils/datetime.o src/utils/emufat.o src/utils/xstring.o src/utils/decrypt/crc.o src/utils/decrypt/decrypt.o src/utils/decrypt/header.o src/utils/vfat.o src/utils/tinyxml/tinystr.o src/utils/tinyxml/tinyxml.o src/utils/tinyxml/tinyxmlerror.o src/utils/tinyxml/tinyxmlparser.o src/addons/slot2_auto.o src/addons/slot2_mpcf.o src/addons/slot2_paddle.o src/addons/slot2_gbagame.o src/addons/slot2_none.o src/addons/slot2_rumblepak.o src/addons/slot2_guitarGrip.o src/addons/slot2_expMemory.o src/addons/slot2_piano.o src/addons/slot2_passme.o src/addons/slot1_none.o src/addons/slot1_r4.o src/addons/slot1comp_mc.o src/addons/slot1comp_rom.o src/addons/slot1comp_protocol.o src/addons/slot1_retail_mcrom.o src/addons/slot1_retail_nand.o src/addons/slot1_retail_auto.o src/cheatSystem.o src/texcache.o src/rasterize.o src/mic.o src/driver.o src/libretro/libretro.o src/libretro/scrc32.o src/addons/slot1_retail_mcrom_debug.o src/utils/fsnitro.o src/utils/task.o src/arm_jit.o src/utils/AsmJit/core/assembler.o src/utils/AsmJit/core/assert.o src/utils/AsmJit/core/buffer.o src/utils/AsmJit/core/compiler.o src/utils/AsmJit/core/compilercontext.o src/utils/AsmJit/core/compilerfunc.o src/utils/AsmJit/core/compileritem.o src/utils/AsmJit/core/context.o src/utils/AsmJit/core/cpuinfo.o src/utils/AsmJit/core/defs.o src/utils/AsmJit/core/func.o src/utils/AsmJit/core/logger.o src/utils/AsmJit/core/memorymanager.o src/utils/AsmJit/core/memorymarker.o src/utils/AsmJit/core/operand.o src/utils/AsmJit/core/stringbuilder.o src/utils/AsmJit/core/stringutil.o src/utils/AsmJit/core/virtualmemory.o src/utils/AsmJit/core/zonememory.o src/utils/AsmJit/x86/x86assembler.o src/utils/AsmJit/x86/x86compiler.o src/utils/AsmJit/x86/x86compilercontext.o src/utils/AsmJit/x86/x86compilerfunc.o src/utils/AsmJit/x86/x86compileritem.o src/utils/AsmJit/x86/x86cpuinfo.o src/utils/AsmJit/x86/x86defs.o src/utils/AsmJit/x86/x86func.o src/utils/AsmJit/x86/x86operand.o src/utils/AsmJit/x86/x86util.o src/utils/libfat/partition.o src/utils/libfat/cache.o src/utils/libfat/directory.o src/utils/libfat/disc.o src/utils/libfat/fatdir.o src/utils/libfat/fatfile.o src/utils/libfat/filetime.o src/utils/libfat/file_allocation_table.o src/utils/libfat/libfat.o src/utils/libfat/libfat_public_api.o src/utils/libfat/lock.o src/libretro-common/rthreads/rthreads.o src/common.o src/utils/dlditool.o src/libretro-common/memmap/memalign.o src/libretro-common/streams/file_stream.o src/libretro-common/features/features_cpu.o src/libretro-common/compat/compat_strl.o src/libretro-common/file/retro_dirent.o src/libretro-common/file/retro_stat.o src/libretro-common/file/file_path.o src/libretro-common/string/stdstring.o src/version.o desmume2015_libretro.so
/usr/local/emscripten/upstream/emscripten/em++ -DGIT_VERSION=\"" b4ae0af7"\" -O3 -DNDEBUG -D__LIBRETRO__   -Isrc/libretro-common/include -Isrc -Isrc/libretro   -fpermissive -c -osrc/armcpu.o src/armcpu.cpp
/usr/local/emscripten/upstream/emscripten/em++ -DGIT_VERSION=\"" b4ae0af7"\" -O3 -DNDEBUG -D__LIBRETRO__   -Isrc/libretro-common/include -Isrc -Isrc/libretro   -fpermissive -c -osrc/arm_instructions.o src/arm_instructions.cpp
/usr/local/emscripten/upstream/emscripten/em++ -DGIT_VERSION=\"" b4ae0af7"\" -O3 -DNDEBUG -D__LIBRETRO__   -Isrc/libretro-common/include -Isrc -Isrc/libretro   -fpermissive -c -osrc/bios.o src/bios.cpp
/usr/local/emscripten/upstream/emscripten/em++ -DGIT_VERSION=\"" b4ae0af7"\" -O3 -DNDEBUG -D__LIBRETRO__   -Isrc/libretro-common/include -Isrc -Isrc/libretro   -fpermissive -c -osrc/cp15.o src/cp15.cpp
/usr/local/emscripten/upstream/emscripten/em++ -DGIT_VERSION=\"" b4ae0af7"\" -O3 -DNDEBUG -D__LIBRETRO__   -Isrc/libretro-common/include -Isrc -Isrc/libretro   -fpermissive -c -osrc/emufile.o src/emufile.cpp
/usr/local/emscripten/upstream/emscripten/em++ -DGIT_VERSION=\"" b4ae0af7"\" -O3 -DNDEBUG -D__LIBRETRO__   -Isrc/libretro-common/include -Isrc -Isrc/libretro   -fpermissive -c -osrc/encrypt.o src/encrypt.cpp
/usr/local/emscripten/upstream/emscripten/em++ -DGIT_VERSION=\"" b4ae0af7"\" -O3 -DNDEBUG -D__LIBRETRO__   -Isrc/libretro-common/include -Isrc -Isrc/libretro   -fpermissive -c -osrc/FIFO.o src/FIFO.cpp
/usr/local/emscripten/upstream/emscripten/em++ -DGIT_VERSION=\"" b4ae0af7"\" -O3 -DNDEBUG -D__LIBRETRO__   -Isrc/libretro-common/include -Isrc -Isrc/libretro   -fpermissive -c -osrc/firmware.o src/firmware.cpp
/usr/local/emscripten/upstream/emscripten/em++ -DGIT_VERSION=\"" b4ae0af7"\" -O3 -DNDEBUG -D__LIBRETRO__   -Isrc/libretro-common/include -Isrc -Isrc/libretro   -fpermissive -c -osrc/GPU.o src/GPU.cpp
/usr/local/emscripten/upstream/emscripten/em++ -DGIT_VERSION=\"" b4ae0af7"\" -O3 -DNDEBUG -D__LIBRETRO__   -Isrc/libretro-common/include -Isrc -Isrc/libretro   -fpermissive -c -osrc/mc.o src/mc.cpp
/usr/local/emscripten/upstream/emscripten/em++ -DGIT_VERSION=\"" b4ae0af7"\" -O3 -DNDEBUG -D__LIBRETRO__   -Isrc/libretro-common/include -Isrc -Isrc/libretro   -fpermissive -c -osrc/path.o src/path.cpp
/usr/local/emscripten/upstream/emscripten/em++ -DGIT_VERSION=\"" b4ae0af7"\" -O3 -DNDEBUG -D__LIBRETRO__   -Isrc/libretro-common/include -Isrc -Isrc/libretro   -fpermissive -c -osrc/readwrite.o src/readwrite.cpp
/usr/local/emscripten/upstream/emscripten/em++ -DGIT_VERSION=\"" b4ae0af7"\" -O3 -DNDEBUG -D__LIBRETRO__   -Isrc/libretro-common/include -Isrc -Isrc/libretro   -fpermissive -c -osrc/wifi.o src/wifi.cpp
/usr/local/emscripten/upstream/emscripten/em++ -DGIT_VERSION=\"" b4ae0af7"\" -O3 -DNDEBUG -D__LIBRETRO__   -Isrc/libretro-common/include -Isrc -Isrc/libretro   -fpermissive -c -osrc/MMU.o src/MMU.cpp
/usr/local/emscripten/upstream/emscripten/em++ -DGIT_VERSION=\"" b4ae0af7"\" -O3 -DNDEBUG -D__LIBRETRO__   -Isrc/libretro-common/include -Isrc -Isrc/libretro   -fpermissive -c -osrc/NDSSystem.o src/NDSSystem.cpp
/usr/local/emscripten/upstream/emscripten/em++ -DGIT_VERSION=\"" b4ae0af7"\" -O3 -DNDEBUG -D__LIBRETRO__   -Isrc/libretro-common/include -Isrc -Isrc/libretro   -fpermissive -c -osrc/render3D.o src/render3D.cpp
/usr/local/emscripten/upstream/emscripten/em++ -DGIT_VERSION=\"" b4ae0af7"\" -O3 -DNDEBUG -D__LIBRETRO__   -Isrc/libretro-common/include -Isrc -Isrc/libretro   -fpermissive -c -osrc/rtc.o src/rtc.cpp
/usr/local/emscripten/upstream/emscripten/em++ -DGIT_VERSION=\"" b4ae0af7"\" -O3 -DNDEBUG -D__LIBRETRO__   -Isrc/libretro-common/include -Isrc -Isrc/libretro   -fpermissive -c -osrc/saves.o src/saves.cpp
/usr/local/emscripten/upstream/emscripten/em++ -DGIT_VERSION=\"" b4ae0af7"\" -O3 -DNDEBUG -D__LIBRETRO__   -Isrc/libretro-common/include -Isrc -Isrc/libretro   -fpermissive -c -osrc/slot1.o src/slot1.cpp
/usr/local/emscripten/upstream/emscripten/em++ -DGIT_VERSION=\"" b4ae0af7"\" -O3 -DNDEBUG -D__LIBRETRO__   -Isrc/libretro-common/include -Isrc -Isrc/libretro   -fpermissive -c -osrc/slot2.o src/slot2.cpp
/usr/local/emscripten/upstream/emscripten/em++ -DGIT_VERSION=\"" b4ae0af7"\" -O3 -DNDEBUG -D__LIBRETRO__   -Isrc/libretro-common/include -Isrc -Isrc/libretro   -fpermissive -c -osrc/SPU.o src/SPU.cpp
/usr/local/emscripten/upstream/emscripten/em++ -DGIT_VERSION=\"" b4ae0af7"\" -O3 -DNDEBUG -D__LIBRETRO__   -Isrc/libretro-common/include -Isrc -Isrc/libretro   -fpermissive -c -osrc/matrix.o src/matrix.cpp
/usr/local/emscripten/upstream/emscripten/em++ -DGIT_VERSION=\"" b4ae0af7"\" -O3 -DNDEBUG -D__LIBRETRO__   -Isrc/libretro-common/include -Isrc -Isrc/libretro   -fpermissive -c -osrc/gfx3d.o src/gfx3d.cpp
/usr/local/emscripten/upstream/emscripten/em++ -DGIT_VERSION=\"" b4ae0af7"\" -O3 -DNDEBUG -D__LIBRETRO__   -Isrc/libretro-common/include -Isrc -Isrc/libretro   -fpermissive -c -osrc/thumb_instructions.o src/thumb_instructions.cpp
/usr/local/emscripten/upstream/emscripten/em++ -DGIT_VERSION=\"" b4ae0af7"\" -O3 -DNDEBUG -D__LIBRETRO__   -Isrc/libretro-common/include -Isrc -Isrc/libretro   -fpermissive -c -osrc/utils/advanscene.o src/utils/advanscene.cpp
/usr/local/emscripten/upstream/emscripten/em++ -DGIT_VERSION=\"" b4ae0af7"\" -O3 -DNDEBUG -D__LIBRETRO__   -Isrc/libretro-common/include -Isrc -Isrc/libretro   -fpermissive -c -osrc/utils/datetime.o src/utils/datetime.cpp
/usr/local/emscripten/upstream/emscripten/em++ -DGIT_VERSION=\"" b4ae0af7"\" -O3 -DNDEBUG -D__LIBRETRO__   -Isrc/libretro-common/include -Isrc -Isrc/libretro   -fpermissive -c -osrc/utils/emufat.o src/utils/emufat.cpp
/usr/local/emscripten/upstream/emscripten/em++ -DGIT_VERSION=\"" b4ae0af7"\" -O3 -DNDEBUG -D__LIBRETRO__   -Isrc/libretro-common/include -Isrc -Isrc/libretro   -fpermissive -c -osrc/utils/xstring.o src/utils/xstring.cpp
/usr/local/emscripten/upstream/emscripten/em++ -DGIT_VERSION=\"" b4ae0af7"\" -O3 -DNDEBUG -D__LIBRETRO__   -Isrc/libretro-common/include -Isrc -Isrc/libretro   -fpermissive -c -osrc/utils/decrypt/crc.o src/utils/decrypt/crc.cpp
/usr/local/emscripten/upstream/emscripten/em++ -DGIT_VERSION=\"" b4ae0af7"\" -O3 -DNDEBUG -D__LIBRETRO__   -Isrc/libretro-common/include -Isrc -Isrc/libretro   -fpermissive -c -osrc/utils/decrypt/decrypt.o src/utils/decrypt/decrypt.cpp
/usr/local/emscripten/upstream/emscripten/em++ -DGIT_VERSION=\"" b4ae0af7"\" -O3 -DNDEBUG -D__LIBRETRO__   -Isrc/libretro-common/include -Isrc -Isrc/libretro   -fpermissive -c -osrc/utils/decrypt/header.o src/utils/decrypt/header.cpp
/usr/local/emscripten/upstream/emscripten/em++ -DGIT_VERSION=\"" b4ae0af7"\" -O3 -DNDEBUG -D__LIBRETRO__   -Isrc/libretro-common/include -Isrc -Isrc/libretro   -fpermissive -c -osrc/utils/vfat.o src/utils/vfat.cpp
/usr/local/emscripten/upstream/emscripten/em++ -DGIT_VERSION=\"" b4ae0af7"\" -O3 -DNDEBUG -D__LIBRETRO__   -Isrc/libretro-common/include -Isrc -Isrc/libretro   -fpermissive -c -osrc/utils/tinyxml/tinystr.o src/utils/tinyxml/tinystr.cpp
/usr/local/emscripten/upstream/emscripten/em++ -DGIT_VERSION=\"" b4ae0af7"\" -O3 -DNDEBUG -D__LIBRETRO__   -Isrc/libretro-common/include -Isrc -Isrc/libretro   -fpermissive -c -osrc/utils/tinyxml/tinyxml.o src/utils/tinyxml/tinyxml.cpp
/usr/local/emscripten/upstream/emscripten/em++ -DGIT_VERSION=\"" b4ae0af7"\" -O3 -DNDEBUG -D__LIBRETRO__   -Isrc/libretro-common/include -Isrc -Isrc/libretro   -fpermissive -c -osrc/utils/tinyxml/tinyxmlerror.o src/utils/tinyxml/tinyxmlerror.cpp
/usr/local/emscripten/upstream/emscripten/em++ -DGIT_VERSION=\"" b4ae0af7"\" -O3 -DNDEBUG -D__LIBRETRO__   -Isrc/libretro-common/include -Isrc -Isrc/libretro   -fpermissive -c -osrc/utils/tinyxml/tinyxmlparser.o src/utils/tinyxml/tinyxmlparser.cpp
/usr/local/emscripten/upstream/emscripten/em++ -DGIT_VERSION=\"" b4ae0af7"\" -O3 -DNDEBUG -D__LIBRETRO__   -Isrc/libretro-common/include -Isrc -Isrc/libretro   -fpermissive -c -osrc/addons/slot2_auto.o src/addons/slot2_auto.cpp
/usr/local/emscripten/upstream/emscripten/em++ -DGIT_VERSION=\"" b4ae0af7"\" -O3 -DNDEBUG -D__LIBRETRO__   -Isrc/libretro-common/include -Isrc -Isrc/libretro   -fpermissive -c -osrc/addons/slot2_mpcf.o src/addons/slot2_mpcf.cpp
/usr/local/emscripten/upstream/emscripten/em++ -DGIT_VERSION=\"" b4ae0af7"\" -O3 -DNDEBUG -D__LIBRETRO__   -Isrc/libretro-common/include -Isrc -Isrc/libretro   -fpermissive -c -osrc/addons/slot2_paddle.o src/addons/slot2_paddle.cpp
/usr/local/emscripten/upstream/emscripten/em++ -DGIT_VERSION=\"" b4ae0af7"\" -O3 -DNDEBUG -D__LIBRETRO__   -Isrc/libretro-common/include -Isrc -Isrc/libretro   -fpermissive -c -osrc/addons/slot2_gbagame.o src/addons/slot2_gbagame.cpp
/usr/local/emscripten/upstream/emscripten/em++ -DGIT_VERSION=\"" b4ae0af7"\" -O3 -DNDEBUG -D__LIBRETRO__   -Isrc/libretro-common/include -Isrc -Isrc/libretro   -fpermissive -c -osrc/addons/slot2_none.o src/addons/slot2_none.cpp
/usr/local/emscripten/upstream/emscripten/em++ -DGIT_VERSION=\"" b4ae0af7"\" -O3 -DNDEBUG -D__LIBRETRO__   -Isrc/libretro-common/include -Isrc -Isrc/libretro   -fpermissive -c -osrc/addons/slot2_rumblepak.o src/addons/slot2_rumblepak.cpp
/usr/local/emscripten/upstream/emscripten/em++ -DGIT_VERSION=\"" b4ae0af7"\" -O3 -DNDEBUG -D__LIBRETRO__   -Isrc/libretro-common/include -Isrc -Isrc/libretro   -fpermissive -c -osrc/addons/slot2_guitarGrip.o src/addons/slot2_guitarGrip.cpp
/usr/local/emscripten/upstream/emscripten/em++ -DGIT_VERSION=\"" b4ae0af7"\" -O3 -DNDEBUG -D__LIBRETRO__   -Isrc/libretro-common/include -Isrc -Isrc/libretro   -fpermissive -c -osrc/addons/slot2_expMemory.o src/addons/slot2_expMemory.cpp
/usr/local/emscripten/upstream/emscripten/em++ -DGIT_VERSION=\"" b4ae0af7"\" -O3 -DNDEBUG -D__LIBRETRO__   -Isrc/libretro-common/include -Isrc -Isrc/libretro   -fpermissive -c -osrc/addons/slot2_piano.o src/addons/slot2_piano.cpp
/usr/local/emscripten/upstream/emscripten/em++ -DGIT_VERSION=\"" b4ae0af7"\" -O3 -DNDEBUG -D__LIBRETRO__   -Isrc/libretro-common/include -Isrc -Isrc/libretro   -fpermissive -c -osrc/addons/slot2_passme.o src/addons/slot2_passme.cpp
/usr/local/emscripten/upstream/emscripten/em++ -DGIT_VERSION=\"" b4ae0af7"\" -O3 -DNDEBUG -D__LIBRETRO__   -Isrc/libretro-common/include -Isrc -Isrc/libretro   -fpermissive -c -osrc/addons/slot1_none.o src/addons/slot1_none.cpp
/usr/local/emscripten/upstream/emscripten/em++ -DGIT_VERSION=\"" b4ae0af7"\" -O3 -DNDEBUG -D__LIBRETRO__   -Isrc/libretro-common/include -Isrc -Isrc/libretro   -fpermissive -c -osrc/addons/slot1_r4.o src/addons/slot1_r4.cpp
/usr/local/emscripten/upstream/emscripten/em++ -DGIT_VERSION=\"" b4ae0af7"\" -O3 -DNDEBUG -D__LIBRETRO__   -Isrc/libretro-common/include -Isrc -Isrc/libretro   -fpermissive -c -osrc/addons/slot1comp_mc.o src/addons/slot1comp_mc.cpp
/usr/local/emscripten/upstream/emscripten/em++ -DGIT_VERSION=\"" b4ae0af7"\" -O3 -DNDEBUG -D__LIBRETRO__   -Isrc/libretro-common/include -Isrc -Isrc/libretro   -fpermissive -c -osrc/addons/slot1comp_rom.o src/addons/slot1comp_rom.cpp
/usr/local/emscripten/upstream/emscripten/em++ -DGIT_VERSION=\"" b4ae0af7"\" -O3 -DNDEBUG -D__LIBRETRO__   -Isrc/libretro-common/include -Isrc -Isrc/libretro   -fpermissive -c -osrc/addons/slot1comp_protocol.o src/addons/slot1comp_protocol.cpp
/usr/local/emscripten/upstream/emscripten/em++ -DGIT_VERSION=\"" b4ae0af7"\" -O3 -DNDEBUG -D__LIBRETRO__   -Isrc/libretro-common/include -Isrc -Isrc/libretro   -fpermissive -c -osrc/addons/slot1_retail_mcrom.o src/addons/slot1_retail_mcrom.cpp
/usr/local/emscripten/upstream/emscripten/em++ -DGIT_VERSION=\"" b4ae0af7"\" -O3 -DNDEBUG -D__LIBRETRO__   -Isrc/libretro-common/include -Isrc -Isrc/libretro   -fpermissive -c -osrc/addons/slot1_retail_nand.o src/addons/slot1_retail_nand.cpp
/usr/local/emscripten/upstream/emscripten/em++ -DGIT_VERSION=\"" b4ae0af7"\" -O3 -DNDEBUG -D__LIBRETRO__   -Isrc/libretro-common/include -Isrc -Isrc/libretro   -fpermissive -c -osrc/addons/slot1_retail_auto.o src/addons/slot1_retail_auto.cpp
/usr/local/emscripten/upstream/emscripten/em++ -DGIT_VERSION=\"" b4ae0af7"\" -O3 -DNDEBUG -D__LIBRETRO__   -Isrc/libretro-common/include -Isrc -Isrc/libretro   -fpermissive -c -osrc/cheatSystem.o src/cheatSystem.cpp
/usr/local/emscripten/upstream/emscripten/em++ -DGIT_VERSION=\"" b4ae0af7"\" -O3 -DNDEBUG -D__LIBRETRO__   -Isrc/libretro-common/include -Isrc -Isrc/libretro   -fpermissive -c -osrc/texcache.o src/texcache.cpp
/usr/local/emscripten/upstream/emscripten/em++ -DGIT_VERSION=\"" b4ae0af7"\" -O3 -DNDEBUG -D__LIBRETRO__   -Isrc/libretro-common/include -Isrc -Isrc/libretro   -fpermissive -c -osrc/rasterize.o src/rasterize.cpp
/usr/local/emscripten/upstream/emscripten/em++ -DGIT_VERSION=\"" b4ae0af7"\" -O3 -DNDEBUG -D__LIBRETRO__   -Isrc/libretro-common/include -Isrc -Isrc/libretro   -fpermissive -c -osrc/mic.o src/mic.cpp
/usr/local/emscripten/upstream/emscripten/em++ -DGIT_VERSION=\"" b4ae0af7"\" -O3 -DNDEBUG -D__LIBRETRO__   -Isrc/libretro-common/include -Isrc -Isrc/libretro   -fpermissive -c -osrc/driver.o src/driver.cpp
/usr/local/emscripten/upstream/emscripten/em++ -DGIT_VERSION=\"" b4ae0af7"\" -O3 -DNDEBUG -D__LIBRETRO__   -Isrc/libretro-common/include -Isrc -Isrc/libretro   -fpermissive -c -osrc/libretro/libretro.o src/libretro/libretro.cpp
/usr/local/emscripten/upstream/emscripten/em++ -DGIT_VERSION=\"" b4ae0af7"\" -O3 -DNDEBUG -D__LIBRETRO__   -Isrc/libretro-common/include -Isrc -Isrc/libretro   -fpermissive -c -osrc/libretro/scrc32.o src/libretro/scrc32.cpp
/usr/local/emscripten/upstream/emscripten/em++ -DGIT_VERSION=\"" b4ae0af7"\" -O3 -DNDEBUG -D__LIBRETRO__   -Isrc/libretro-common/include -Isrc -Isrc/libretro   -fpermissive -c -osrc/addons/slot1_retail_mcrom_debug.o src/addons/slot1_retail_mcrom_debug.cpp
/usr/local/emscripten/upstream/emscripten/em++ -DGIT_VERSION=\"" b4ae0af7"\" -O3 -DNDEBUG -D__LIBRETRO__   -Isrc/libretro-common/include -Isrc -Isrc/libretro   -fpermissive -c -osrc/utils/fsnitro.o src/utils/fsnitro.cpp
/usr/local/emscripten/upstream/emscripten/em++ -DGIT_VERSION=\"" b4ae0af7"\" -O3 -DNDEBUG -D__LIBRETRO__   -Isrc/libretro-common/include -Isrc -Isrc/libretro   -fpermissive -c -osrc/utils/task.o src/utils/task.cpp
/usr/local/emscripten/upstream/emscripten/emcc -std=gnu99 -D__LIBRETRO__   -Isrc/libretro-common/include -Isrc -Isrc/libretro   -c -osrc/utils/libfat/partition.o src/utils/libfat/partition.c
/usr/local/emscripten/upstream/emscripten/emcc -std=gnu99 -D__LIBRETRO__   -Isrc/libretro-common/include -Isrc -Isrc/libretro   -c -osrc/utils/libfat/cache.o src/utils/libfat/cache.c
/usr/local/emscripten/upstream/emscripten/emcc -std=gnu99 -D__LIBRETRO__   -Isrc/libretro-common/include -Isrc -Isrc/libretro   -c -osrc/utils/libfat/directory.o src/utils/libfat/directory.c
/usr/local/emscripten/upstream/emscripten/emcc -std=gnu99 -D__LIBRETRO__   -Isrc/libretro-common/include -Isrc -Isrc/libretro   -c -osrc/utils/libfat/disc.o src/utils/libfat/disc.c
/usr/local/emscripten/upstream/emscripten/emcc -std=gnu99 -D__LIBRETRO__   -Isrc/libretro-common/include -Isrc -Isrc/libretro   -c -osrc/utils/libfat/fatdir.o src/utils/libfat/fatdir.c
/usr/local/emscripten/upstream/emscripten/emcc -std=gnu99 -D__LIBRETRO__   -Isrc/libretro-common/include -Isrc -Isrc/libretro   -c -osrc/utils/libfat/fatfile.o src/utils/libfat/fatfile.c
/usr/local/emscripten/upstream/emscripten/emcc -std=gnu99 -D__LIBRETRO__   -Isrc/libretro-common/include -Isrc -Isrc/libretro   -c -osrc/utils/libfat/filetime.o src/utils/libfat/filetime.c
/usr/local/emscripten/upstream/emscripten/emcc -std=gnu99 -D__LIBRETRO__   -Isrc/libretro-common/include -Isrc -Isrc/libretro   -c -osrc/utils/libfat/file_allocation_table.o src/utils/libfat/file_allocation_table.c
/usr/local/emscripten/upstream/emscripten/emcc -std=gnu99 -D__LIBRETRO__   -Isrc/libretro-common/include -Isrc -Isrc/libretro   -c -osrc/utils/libfat/libfat.o src/utils/libfat/libfat.c
/usr/local/emscripten/upstream/emscripten/emcc -std=gnu99 -D__LIBRETRO__   -Isrc/libretro-common/include -Isrc -Isrc/libretro   -c -osrc/utils/libfat/libfat_public_api.o src/utils/libfat/libfat_public_api.c
/usr/local/emscripten/upstream/emscripten/emcc -std=gnu99 -D__LIBRETRO__   -Isrc/libretro-common/include -Isrc -Isrc/libretro   -c -osrc/utils/libfat/lock.o src/utils/libfat/lock.c
/usr/local/emscripten/upstream/emscripten/emcc -std=gnu99 -D__LIBRETRO__   -Isrc/libretro-common/include -Isrc -Isrc/libretro   -c -osrc/libretro-common/rthreads/rthreads.o src/libretro-common/rthreads/rthreads.c
/usr/local/emscripten/upstream/emscripten/emcc -std=gnu99 -D__LIBRETRO__   -Isrc/libretro-common/include -Isrc -Isrc/libretro   -c -osrc/common.o src/common.c
/usr/local/emscripten/upstream/emscripten/emcc -std=gnu99 -D__LIBRETRO__   -Isrc/libretro-common/include -Isrc -Isrc/libretro   -c -osrc/utils/dlditool.o src/utils/dlditool.c
/usr/local/emscripten/upstream/emscripten/emcc -std=gnu99 -D__LIBRETRO__   -Isrc/libretro-common/include -Isrc -Isrc/libretro   -c -osrc/libretro-common/memmap/memalign.o src/libretro-common/memmap/memalign.c
/usr/local/emscripten/upstream/emscripten/emcc -std=gnu99 -D__LIBRETRO__   -Isrc/libretro-common/include -Isrc -Isrc/libretro   -c -osrc/libretro-common/streams/file_stream.o src/libretro-common/streams/file_stream.c
/usr/local/emscripten/upstream/emscripten/emcc -std=gnu99 -D__LIBRETRO__   -Isrc/libretro-common/include -Isrc -Isrc/libretro   -c -osrc/libretro-common/features/features_cpu.o src/libretro-common/features/features_cpu.c
/usr/local/emscripten/upstream/emscripten/emcc -std=gnu99 -D__LIBRETRO__   -Isrc/libretro-common/include -Isrc -Isrc/libretro   -c -osrc/libretro-common/compat/compat_strl.o src/libretro-common/compat/compat_strl.c
/usr/local/emscripten/upstream/emscripten/emcc -std=gnu99 -D__LIBRETRO__   -Isrc/libretro-common/include -Isrc -Isrc/libretro   -c -osrc/libretro-common/file/retro_dirent.o src/libretro-common/file/retro_dirent.c
/usr/local/emscripten/upstream/emscripten/emcc -std=gnu99 -D__LIBRETRO__   -Isrc/libretro-common/include -Isrc -Isrc/libretro   -c -osrc/libretro-common/file/retro_stat.o src/libretro-common/file/retro_stat.c
/usr/local/emscripten/upstream/emscripten/emcc -std=gnu99 -D__LIBRETRO__   -Isrc/libretro-common/include -Isrc -Isrc/libretro   -c -osrc/libretro-common/file/file_path.o src/libretro-common/file/file_path.c
/usr/local/emscripten/upstream/emscripten/emcc -std=gnu99 -D__LIBRETRO__   -Isrc/libretro-common/include -Isrc -Isrc/libretro   -c -osrc/libretro-common/string/stdstring.o src/libretro-common/string/stdstring.c
/usr/local/emscripten/upstream/emscripten/emcc -std=gnu99 -D__LIBRETRO__   -Isrc/libretro-common/include -Isrc -Isrc/libretro   -c -osrc/version.o src/version.c
/usr/local/emscripten/upstream/emscripten/emar rcs desmume2015_libretro_emscripten.bc src/armcpu.o src/arm_instructions.o src/bios.o src/cp15.o src/emufile.o src/encrypt.o src/FIFO.o src/firmware.o src/GPU.o src/mc.o src/path.o src/readwrite.o src/wifi.o src/MMU.o src/NDSSystem.o src/render3D.o src/rtc.o src/saves.o src/slot1.o src/slot2.o src/SPU.o src/matrix.o src/gfx3d.o src/thumb_instructions.o src/utils/advanscene.o src/utils/datetime.o src/utils/emufat.o src/utils/xstring.o src/utils/decrypt/crc.o src/utils/decrypt/decrypt.o src/utils/decrypt/header.o src/utils/vfat.o src/utils/tinyxml/tinystr.o src/utils/tinyxml/tinyxml.o src/utils/tinyxml/tinyxmlerror.o src/utils/tinyxml/tinyxmlparser.o src/addons/slot2_auto.o src/addons/slot2_mpcf.o src/addons/slot2_paddle.o src/addons/slot2_gbagame.o src/addons/slot2_none.o src/addons/slot2_rumblepak.o src/addons/slot2_guitarGrip.o src/addons/slot2_expMemory.o src/addons/slot2_piano.o src/addons/slot2_passme.o src/addons/slot1_none.o src/addons/slot1_r4.o src/addons/slot1comp_mc.o src/addons/slot1comp_rom.o src/addons/slot1comp_protocol.o src/addons/slot1_retail_mcrom.o src/addons/slot1_retail_nand.o src/addons/slot1_retail_auto.o src/cheatSystem.o src/texcache.o src/rasterize.o src/mic.o src/driver.o src/libretro/libretro.o src/libretro/scrc32.o src/addons/slot1_retail_mcrom_debug.o src/utils/fsnitro.o src/utils/task.o src/utils/libfat/partition.o src/utils/libfat/cache.o src/utils/libfat/directory.o src/utils/libfat/disc.o src/utils/libfat/fatdir.o src/utils/libfat/fatfile.o src/utils/libfat/filetime.o src/utils/libfat/file_allocation_table.o src/utils/libfat/libfat.o src/utils/libfat/libfat_public_api.o src/utils/libfat/lock.o src/libretro-common/rthreads/rthreads.o src/common.o src/utils/dlditool.o src/libretro-common/memmap/memalign.o src/libretro-common/streams/file_stream.o src/libretro-common/features/features_cpu.o src/libretro-common/compat/compat_strl.o src/libretro-common/file/retro_dirent.o src/libretro-common/file/retro_stat.o src/libretro-common/file/file_path.o src/libretro-common/string/stdstring.o src/version.o
rm -f src/armcpu.o src/arm_instructions.o src/bios.o src/cp15.o src/emufile.o src/encrypt.o src/FIFO.o src/firmware.o src/GPU.o src/mc.o src/path.o src/readwrite.o src/wifi.o src/MMU.o src/NDSSystem.o src/render3D.o src/rtc.o src/saves.o src/slot1.o src/slot2.o src/SPU.o src/matrix.o src/gfx3d.o src/thumb_instructions.o src/utils/advanscene.o src/utils/datetime.o src/utils/emufat.o src/utils/xstring.o src/utils/decrypt/crc.o src/utils/decrypt/decrypt.o src/utils/decrypt/header.o src/utils/vfat.o src/utils/tinyxml/tinystr.o src/utils/tinyxml/tinyxml.o src/utils/tinyxml/tinyxmlerror.o src/utils/tinyxml/tinyxmlparser.o src/addons/slot2_auto.o src/addons/slot2_mpcf.o src/addons/slot2_paddle.o src/addons/slot2_gbagame.o src/addons/slot2_none.o src/addons/slot2_rumblepak.o src/addons/slot2_guitarGrip.o src/addons/slot2_expMemory.o src/addons/slot2_piano.o src/addons/slot2_passme.o src/addons/slot1_none.o src/addons/slot1_r4.o src/addons/slot1comp_mc.o src/addons/slot1comp_rom.o src/addons/slot1comp_protocol.o src/addons/slot1_retail_mcrom.o src/addons/slot1_retail_nand.o src/addons/slot1_retail_auto.o src/cheatSystem.o src/texcache.o src/rasterize.o src/mic.o src/driver.o src/libretro/libretro.o src/libretro/scrc32.o src/addons/slot1_retail_mcrom_debug.o src/utils/fsnitro.o src/utils/task.o src/arm_jit.o src/utils/AsmJit/core/assembler.o src/utils/AsmJit/core/assert.o src/utils/AsmJit/core/buffer.o src/utils/AsmJit/core/compiler.o src/utils/AsmJit/core/compilercontext.o src/utils/AsmJit/core/compilerfunc.o src/utils/AsmJit/core/compileritem.o src/utils/AsmJit/core/context.o src/utils/AsmJit/core/cpuinfo.o src/utils/AsmJit/core/defs.o src/utils/AsmJit/core/func.o src/utils/AsmJit/core/logger.o src/utils/AsmJit/core/memorymanager.o src/utils/AsmJit/core/memorymarker.o src/utils/AsmJit/core/operand.o src/utils/AsmJit/core/stringbuilder.o src/utils/AsmJit/core/stringutil.o src/utils/AsmJit/core/virtualmemory.o src/utils/AsmJit/core/zonememory.o src/utils/AsmJit/x86/x86assembler.o src/utils/AsmJit/x86/x86compiler.o src/utils/AsmJit/x86/x86compilercontext.o src/utils/AsmJit/x86/x86compilerfunc.o src/utils/AsmJit/x86/x86compileritem.o src/utils/AsmJit/x86/x86cpuinfo.o src/utils/AsmJit/x86/x86defs.o src/utils/AsmJit/x86/x86func.o src/utils/AsmJit/x86/x86operand.o src/utils/AsmJit/x86/x86util.o src/utils/libfat/partition.o src/utils/libfat/cache.o src/utils/libfat/directory.o src/utils/libfat/disc.o src/utils/libfat/fatdir.o src/utils/libfat/fatfile.o src/utils/libfat/filetime.o src/utils/libfat/file_allocation_table.o src/utils/libfat/libfat.o src/utils/libfat/libfat_public_api.o src/utils/libfat/lock.o src/libretro-common/rthreads/rthreads.o src/common.o src/utils/dlditool.o src/libretro-common/memmap/memalign.o src/libretro-common/streams/file_stream.o src/libretro-common/features/features_cpu.o src/libretro-common/compat/compat_strl.o src/libretro-common/file/retro_dirent.o src/libretro-common/file/retro_stat.o src/libretro-common/file/file_path.o src/libretro-common/string/stdstring.o src/version.o desmume2015_libretro.so
/usr/local/emscripten/upstream/emscripten/em++ -DGIT_VERSION=\"" b4ae0af7"\" -pthread -O3 -DNDEBUG -D__LIBRETRO__   -Isrc/libretro-common/include -Isrc -Isrc/libretro   -fpermissive -c -osrc/armcpu.o src/armcpu.cpp
/usr/local/emscripten/upstream/emscripten/em++ -DGIT_VERSION=\"" b4ae0af7"\" -pthread -O3 -DNDEBUG -D__LIBRETRO__   -Isrc/libretro-common/include -Isrc -Isrc/libretro   -fpermissive -c -osrc/arm_instructions.o src/arm_instructions.cpp
/usr/local/emscripten/upstream/emscripten/em++ -DGIT_VERSION=\"" b4ae0af7"\" -pthread -O3 -DNDEBUG -D__LIBRETRO__   -Isrc/libretro-common/include -Isrc -Isrc/libretro   -fpermissive -c -osrc/bios.o src/bios.cpp
/usr/local/emscripten/upstream/emscripten/em++ -DGIT_VERSION=\"" b4ae0af7"\" -pthread -O3 -DNDEBUG -D__LIBRETRO__   -Isrc/libretro-common/include -Isrc -Isrc/libretro   -fpermissive -c -osrc/cp15.o src/cp15.cpp
/usr/local/emscripten/upstream/emscripten/em++ -DGIT_VERSION=\"" b4ae0af7"\" -pthread -O3 -DNDEBUG -D__LIBRETRO__   -Isrc/libretro-common/include -Isrc -Isrc/libretro   -fpermissive -c -osrc/emufile.o src/emufile.cpp
/usr/local/emscripten/upstream/emscripten/em++ -DGIT_VERSION=\"" b4ae0af7"\" -pthread -O3 -DNDEBUG -D__LIBRETRO__   -Isrc/libretro-common/include -Isrc -Isrc/libretro   -fpermissive -c -osrc/encrypt.o src/encrypt.cpp
/usr/local/emscripten/upstream/emscripten/em++ -DGIT_VERSION=\"" b4ae0af7"\" -pthread -O3 -DNDEBUG -D__LIBRETRO__   -Isrc/libretro-common/include -Isrc -Isrc/libretro   -fpermissive -c -osrc/FIFO.o src/FIFO.cpp
/usr/local/emscripten/upstream/emscripten/em++ -DGIT_VERSION=\"" b4ae0af7"\" -pthread -O3 -DNDEBUG -D__LIBRETRO__   -Isrc/libretro-common/include -Isrc -Isrc/libretro   -fpermissive -c -osrc/firmware.o src/firmware.cpp
/usr/local/emscripten/upstream/emscripten/em++ -DGIT_VERSION=\"" b4ae0af7"\" -pthread -O3 -DNDEBUG -D__LIBRETRO__   -Isrc/libretro-common/include -Isrc -Isrc/libretro   -fpermissive -c -osrc/GPU.o src/GPU.cpp
/usr/local/emscripten/upstream/emscripten/em++ -DGIT_VERSION=\"" b4ae0af7"\" -pthread -O3 -DNDEBUG -D__LIBRETRO__   -Isrc/libretro-common/include -Isrc -Isrc/libretro   -fpermissive -c -osrc/mc.o src/mc.cpp
/usr/local/emscripten/upstream/emscripten/em++ -DGIT_VERSION=\"" b4ae0af7"\" -pthread -O3 -DNDEBUG -D__LIBRETRO__   -Isrc/libretro-common/include -Isrc -Isrc/libretro   -fpermissive -c -osrc/path.o src/path.cpp
/usr/local/emscripten/upstream/emscripten/em++ -DGIT_VERSION=\"" b4ae0af7"\" -pthread -O3 -DNDEBUG -D__LIBRETRO__   -Isrc/libretro-common/include -Isrc -Isrc/libretro   -fpermissive -c -osrc/readwrite.o src/readwrite.cpp
/usr/local/emscripten/upstream/emscripten/em++ -DGIT_VERSION=\"" b4ae0af7"\" -pthread -O3 -DNDEBUG -D__LIBRETRO__   -Isrc/libretro-common/include -Isrc -Isrc/libretro   -fpermissive -c -osrc/wifi.o src/wifi.cpp
/usr/local/emscripten/upstream/emscripten/em++ -DGIT_VERSION=\"" b4ae0af7"\" -pthread -O3 -DNDEBUG -D__LIBRETRO__   -Isrc/libretro-common/include -Isrc -Isrc/libretro   -fpermissive -c -osrc/MMU.o src/MMU.cpp
/usr/local/emscripten/upstream/emscripten/em++ -DGIT_VERSION=\"" b4ae0af7"\" -pthread -O3 -DNDEBUG -D__LIBRETRO__   -Isrc/libretro-common/include -Isrc -Isrc/libretro   -fpermissive -c -osrc/NDSSystem.o src/NDSSystem.cpp
/usr/local/emscripten/upstream/emscripten/em++ -DGIT_VERSION=\"" b4ae0af7"\" -pthread -O3 -DNDEBUG -D__LIBRETRO__   -Isrc/libretro-common/include -Isrc -Isrc/libretro   -fpermissive -c -osrc/render3D.o src/render3D.cpp
/usr/local/emscripten/upstream/emscripten/em++ -DGIT_VERSION=\"" b4ae0af7"\" -pthread -O3 -DNDEBUG -D__LIBRETRO__   -Isrc/libretro-common/include -Isrc -Isrc/libretro   -fpermissive -c -osrc/rtc.o src/rtc.cpp
/usr/local/emscripten/upstream/emscripten/em++ -DGIT_VERSION=\"" b4ae0af7"\" -pthread -O3 -DNDEBUG -D__LIBRETRO__   -Isrc/libretro-common/include -Isrc -Isrc/libretro   -fpermissive -c -osrc/saves.o src/saves.cpp
/usr/local/emscripten/upstream/emscripten/em++ -DGIT_VERSION=\"" b4ae0af7"\" -pthread -O3 -DNDEBUG -D__LIBRETRO__   -Isrc/libretro-common/include -Isrc -Isrc/libretro   -fpermissive -c -osrc/slot1.o src/slot1.cpp
/usr/local/emscripten/upstream/emscripten/em++ -DGIT_VERSION=\"" b4ae0af7"\" -pthread -O3 -DNDEBUG -D__LIBRETRO__   -Isrc/libretro-common/include -Isrc -Isrc/libretro   -fpermissive -c -osrc/slot2.o src/slot2.cpp
/usr/local/emscripten/upstream/emscripten/em++ -DGIT_VERSION=\"" b4ae0af7"\" -pthread -O3 -DNDEBUG -D__LIBRETRO__   -Isrc/libretro-common/include -Isrc -Isrc/libretro   -fpermissive -c -osrc/SPU.o src/SPU.cpp
/usr/local/emscripten/upstream/emscripten/em++ -DGIT_VERSION=\"" b4ae0af7"\" -pthread -O3 -DNDEBUG -D__LIBRETRO__   -Isrc/libretro-common/include -Isrc -Isrc/libretro   -fpermissive -c -osrc/matrix.o src/matrix.cpp
/usr/local/emscripten/upstream/emscripten/em++ -DGIT_VERSION=\"" b4ae0af7"\" -pthread -O3 -DNDEBUG -D__LIBRETRO__   -Isrc/libretro-common/include -Isrc -Isrc/libretro   -fpermissive -c -osrc/gfx3d.o src/gfx3d.cpp
/usr/local/emscripten/upstream/emscripten/em++ -DGIT_VERSION=\"" b4ae0af7"\" -pthread -O3 -DNDEBUG -D__LIBRETRO__   -Isrc/libretro-common/include -Isrc -Isrc/libretro   -fpermissive -c -osrc/thumb_instructions.o src/thumb_instructions.cpp
/usr/local/emscripten/upstream/emscripten/em++ -DGIT_VERSION=\"" b4ae0af7"\" -pthread -O3 -DNDEBUG -D__LIBRETRO__   -Isrc/libretro-common/include -Isrc -Isrc/libretro   -fpermissive -c -osrc/utils/advanscene.o src/utils/advanscene.cpp
/usr/local/emscripten/upstream/emscripten/em++ -DGIT_VERSION=\"" b4ae0af7"\" -pthread -O3 -DNDEBUG -D__LIBRETRO__   -Isrc/libretro-common/include -Isrc -Isrc/libretro   -fpermissive -c -osrc/utils/datetime.o src/utils/datetime.cpp
/usr/local/emscripten/upstream/emscripten/em++ -DGIT_VERSION=\"" b4ae0af7"\" -pthread -O3 -DNDEBUG -D__LIBRETRO__   -Isrc/libretro-common/include -Isrc -Isrc/libretro   -fpermissive -c -osrc/utils/emufat.o src/utils/emufat.cpp
/usr/local/emscripten/upstream/emscripten/em++ -DGIT_VERSION=\"" b4ae0af7"\" -pthread -O3 -DNDEBUG -D__LIBRETRO__   -Isrc/libretro-common/include -Isrc -Isrc/libretro   -fpermissive -c -osrc/utils/xstring.o src/utils/xstring.cpp
/usr/local/emscripten/upstream/emscripten/em++ -DGIT_VERSION=\"" b4ae0af7"\" -pthread -O3 -DNDEBUG -D__LIBRETRO__   -Isrc/libretro-common/include -Isrc -Isrc/libretro   -fpermissive -c -osrc/utils/decrypt/crc.o src/utils/decrypt/crc.cpp
/usr/local/emscripten/upstream/emscripten/em++ -DGIT_VERSION=\"" b4ae0af7"\" -pthread -O3 -DNDEBUG -D__LIBRETRO__   -Isrc/libretro-common/include -Isrc -Isrc/libretro   -fpermissive -c -osrc/utils/decrypt/decrypt.o src/utils/decrypt/decrypt.cpp
/usr/local/emscripten/upstream/emscripten/em++ -DGIT_VERSION=\"" b4ae0af7"\" -pthread -O3 -DNDEBUG -D__LIBRETRO__   -Isrc/libretro-common/include -Isrc -Isrc/libretro   -fpermissive -c -osrc/utils/decrypt/header.o src/utils/decrypt/header.cpp
/usr/local/emscripten/upstream/emscripten/em++ -DGIT_VERSION=\"" b4ae0af7"\" -pthread -O3 -DNDEBUG -D__LIBRETRO__   -Isrc/libretro-common/include -Isrc -Isrc/libretro   -fpermissive -c -osrc/utils/vfat.o src/utils/vfat.cpp
/usr/local/emscripten/upstream/emscripten/em++ -DGIT_VERSION=\"" b4ae0af7"\" -pthread -O3 -DNDEBUG -D__LIBRETRO__   -Isrc/libretro-common/include -Isrc -Isrc/libretro   -fpermissive -c -osrc/utils/tinyxml/tinystr.o src/utils/tinyxml/tinystr.cpp
/usr/local/emscripten/upstream/emscripten/em++ -DGIT_VERSION=\"" b4ae0af7"\" -pthread -O3 -DNDEBUG -D__LIBRETRO__   -Isrc/libretro-common/include -Isrc -Isrc/libretro   -fpermissive -c -osrc/utils/tinyxml/tinyxml.o src/utils/tinyxml/tinyxml.cpp
/usr/local/emscripten/upstream/emscripten/em++ -DGIT_VERSION=\"" b4ae0af7"\" -pthread -O3 -DNDEBUG -D__LIBRETRO__   -Isrc/libretro-common/include -Isrc -Isrc/libretro   -fpermissive -c -osrc/utils/tinyxml/tinyxmlerror.o src/utils/tinyxml/tinyxmlerror.cpp
/usr/local/emscripten/upstream/emscripten/em++ -DGIT_VERSION=\"" b4ae0af7"\" -pthread -O3 -DNDEBUG -D__LIBRETRO__   -Isrc/libretro-common/include -Isrc -Isrc/libretro   -fpermissive -c -osrc/utils/tinyxml/tinyxmlparser.o src/utils/tinyxml/tinyxmlparser.cpp
/usr/local/emscripten/upstream/emscripten/em++ -DGIT_VERSION=\"" b4ae0af7"\" -pthread -O3 -DNDEBUG -D__LIBRETRO__   -Isrc/libretro-common/include -Isrc -Isrc/libretro   -fpermissive -c -osrc/addons/slot2_auto.o src/addons/slot2_auto.cpp
/usr/local/emscripten/upstream/emscripten/em++ -DGIT_VERSION=\"" b4ae0af7"\" -pthread -O3 -DNDEBUG -D__LIBRETRO__   -Isrc/libretro-common/include -Isrc -Isrc/libretro   -fpermissive -c -osrc/addons/slot2_mpcf.o src/addons/slot2_mpcf.cpp
/usr/local/emscripten/upstream/emscripten/em++ -DGIT_VERSION=\"" b4ae0af7"\" -pthread -O3 -DNDEBUG -D__LIBRETRO__   -Isrc/libretro-common/include -Isrc -Isrc/libretro   -fpermissive -c -osrc/addons/slot2_paddle.o src/addons/slot2_paddle.cpp
/usr/local/emscripten/upstream/emscripten/em++ -DGIT_VERSION=\"" b4ae0af7"\" -pthread -O3 -DNDEBUG -D__LIBRETRO__   -Isrc/libretro-common/include -Isrc -Isrc/libretro   -fpermissive -c -osrc/addons/slot2_gbagame.o src/addons/slot2_gbagame.cpp
/usr/local/emscripten/upstream/emscripten/em++ -DGIT_VERSION=\"" b4ae0af7"\" -pthread -O3 -DNDEBUG -D__LIBRETRO__   -Isrc/libretro-common/include -Isrc -Isrc/libretro   -fpermissive -c -osrc/addons/slot2_none.o src/addons/slot2_none.cpp
/usr/local/emscripten/upstream/emscripten/em++ -DGIT_VERSION=\"" b4ae0af7"\" -pthread -O3 -DNDEBUG -D__LIBRETRO__   -Isrc/libretro-common/include -Isrc -Isrc/libretro   -fpermissive -c -osrc/addons/slot2_rumblepak.o src/addons/slot2_rumblepak.cpp
/usr/local/emscripten/upstream/emscripten/em++ -DGIT_VERSION=\"" b4ae0af7"\" -pthread -O3 -DNDEBUG -D__LIBRETRO__   -Isrc/libretro-common/include -Isrc -Isrc/libretro   -fpermissive -c -osrc/addons/slot2_guitarGrip.o src/addons/slot2_guitarGrip.cpp
/usr/local/emscripten/upstream/emscripten/em++ -DGIT_VERSION=\"" b4ae0af7"\" -pthread -O3 -DNDEBUG -D__LIBRETRO__   -Isrc/libretro-common/include -Isrc -Isrc/libretro   -fpermissive -c -osrc/addons/slot2_expMemory.o src/addons/slot2_expMemory.cpp
/usr/local/emscripten/upstream/emscripten/em++ -DGIT_VERSION=\"" b4ae0af7"\" -pthread -O3 -DNDEBUG -D__LIBRETRO__   -Isrc/libretro-common/include -Isrc -Isrc/libretro   -fpermissive -c -osrc/addons/slot2_piano.o src/addons/slot2_piano.cpp
/usr/local/emscripten/upstream/emscripten/em++ -DGIT_VERSION=\"" b4ae0af7"\" -pthread -O3 -DNDEBUG -D__LIBRETRO__   -Isrc/libretro-common/include -Isrc -Isrc/libretro   -fpermissive -c -osrc/addons/slot2_passme.o src/addons/slot2_passme.cpp
/usr/local/emscripten/upstream/emscripten/em++ -DGIT_VERSION=\"" b4ae0af7"\" -pthread -O3 -DNDEBUG -D__LIBRETRO__   -Isrc/libretro-common/include -Isrc -Isrc/libretro   -fpermissive -c -osrc/addons/slot1_none.o src/addons/slot1_none.cpp
/usr/local/emscripten/upstream/emscripten/em++ -DGIT_VERSION=\"" b4ae0af7"\" -pthread -O3 -DNDEBUG -D__LIBRETRO__   -Isrc/libretro-common/include -Isrc -Isrc/libretro   -fpermissive -c -osrc/addons/slot1_r4.o src/addons/slot1_r4.cpp
/usr/local/emscripten/upstream/emscripten/em++ -DGIT_VERSION=\"" b4ae0af7"\" -pthread -O3 -DNDEBUG -D__LIBRETRO__   -Isrc/libretro-common/include -Isrc -Isrc/libretro   -fpermissive -c -osrc/addons/slot1comp_mc.o src/addons/slot1comp_mc.cpp
/usr/local/emscripten/upstream/emscripten/em++ -DGIT_VERSION=\"" b4ae0af7"\" -pthread -O3 -DNDEBUG -D__LIBRETRO__   -Isrc/libretro-common/include -Isrc -Isrc/libretro   -fpermissive -c -osrc/addons/slot1comp_rom.o src/addons/slot1comp_rom.cpp
/usr/local/emscripten/upstream/emscripten/em++ -DGIT_VERSION=\"" b4ae0af7"\" -pthread -O3 -DNDEBUG -D__LIBRETRO__   -Isrc/libretro-common/include -Isrc -Isrc/libretro   -fpermissive -c -osrc/addons/slot1comp_protocol.o src/addons/slot1comp_protocol.cpp
/usr/local/emscripten/upstream/emscripten/em++ -DGIT_VERSION=\"" b4ae0af7"\" -pthread -O3 -DNDEBUG -D__LIBRETRO__   -Isrc/libretro-common/include -Isrc -Isrc/libretro   -fpermissive -c -osrc/addons/slot1_retail_mcrom.o src/addons/slot1_retail_mcrom.cpp
/usr/local/emscripten/upstream/emscripten/em++ -DGIT_VERSION=\"" b4ae0af7"\" -pthread -O3 -DNDEBUG -D__LIBRETRO__   -Isrc/libretro-common/include -Isrc -Isrc/libretro   -fpermissive -c -osrc/addons/slot1_retail_nand.o src/addons/slot1_retail_nand.cpp
/usr/local/emscripten/upstream/emscripten/em++ -DGIT_VERSION=\"" b4ae0af7"\" -pthread -O3 -DNDEBUG -D__LIBRETRO__   -Isrc/libretro-common/include -Isrc -Isrc/libretro   -fpermissive -c -osrc/addons/slot1_retail_auto.o src/addons/slot1_retail_auto.cpp
/usr/local/emscripten/upstream/emscripten/em++ -DGIT_VERSION=\"" b4ae0af7"\" -pthread -O3 -DNDEBUG -D__LIBRETRO__   -Isrc/libretro-common/include -Isrc -Isrc/libretro   -fpermissive -c -osrc/cheatSystem.o src/cheatSystem.cpp
/usr/local/emscripten/upstream/emscripten/em++ -DGIT_VERSION=\"" b4ae0af7"\" -pthread -O3 -DNDEBUG -D__LIBRETRO__   -Isrc/libretro-common/include -Isrc -Isrc/libretro   -fpermissive -c -osrc/texcache.o src/texcache.cpp
/usr/local/emscripten/upstream/emscripten/em++ -DGIT_VERSION=\"" b4ae0af7"\" -pthread -O3 -DNDEBUG -D__LIBRETRO__   -Isrc/libretro-common/include -Isrc -Isrc/libretro   -fpermissive -c -osrc/rasterize.o src/rasterize.cpp
/usr/local/emscripten/upstream/emscripten/em++ -DGIT_VERSION=\"" b4ae0af7"\" -pthread -O3 -DNDEBUG -D__LIBRETRO__   -Isrc/libretro-common/include -Isrc -Isrc/libretro   -fpermissive -c -osrc/mic.o src/mic.cpp
/usr/local/emscripten/upstream/emscripten/em++ -DGIT_VERSION=\"" b4ae0af7"\" -pthread -O3 -DNDEBUG -D__LIBRETRO__   -Isrc/libretro-common/include -Isrc -Isrc/libretro   -fpermissive -c -osrc/driver.o src/driver.cpp
/usr/local/emscripten/upstream/emscripten/em++ -DGIT_VERSION=\"" b4ae0af7"\" -pthread -O3 -DNDEBUG -D__LIBRETRO__   -Isrc/libretro-common/include -Isrc -Isrc/libretro   -fpermissive -c -osrc/libretro/libretro.o src/libretro/libretro.cpp
/usr/local/emscripten/upstream/emscripten/em++ -DGIT_VERSION=\"" b4ae0af7"\" -pthread -O3 -DNDEBUG -D__LIBRETRO__   -Isrc/libretro-common/include -Isrc -Isrc/libretro   -fpermissive -c -osrc/libretro/scrc32.o src/libretro/scrc32.cpp
/usr/local/emscripten/upstream/emscripten/em++ -DGIT_VERSION=\"" b4ae0af7"\" -pthread -O3 -DNDEBUG -D__LIBRETRO__   -Isrc/libretro-common/include -Isrc -Isrc/libretro   -fpermissive -c -osrc/addons/slot1_retail_mcrom_debug.o src/addons/slot1_retail_mcrom_debug.cpp
/usr/local/emscripten/upstream/emscripten/em++ -DGIT_VERSION=\"" b4ae0af7"\" -pthread -O3 -DNDEBUG -D__LIBRETRO__   -Isrc/libretro-common/include -Isrc -Isrc/libretro   -fpermissive -c -osrc/utils/fsnitro.o src/utils/fsnitro.cpp
/usr/local/emscripten/upstream/emscripten/em++ -DGIT_VERSION=\"" b4ae0af7"\" -pthread -O3 -DNDEBUG -D__LIBRETRO__   -Isrc/libretro-common/include -Isrc -Isrc/libretro   -fpermissive -c -osrc/utils/task.o src/utils/task.cpp
/usr/local/emscripten/upstream/emscripten/emcc -pthread -std=gnu99 -D__LIBRETRO__   -Isrc/libretro-common/include -Isrc -Isrc/libretro   -c -osrc/utils/libfat/partition.o src/utils/libfat/partition.c
/usr/local/emscripten/upstream/emscripten/emcc -pthread -std=gnu99 -D__LIBRETRO__   -Isrc/libretro-common/include -Isrc -Isrc/libretro   -c -osrc/utils/libfat/cache.o src/utils/libfat/cache.c
/usr/local/emscripten/upstream/emscripten/emcc -pthread -std=gnu99 -D__LIBRETRO__   -Isrc/libretro-common/include -Isrc -Isrc/libretro   -c -osrc/utils/libfat/directory.o src/utils/libfat/directory.c
/usr/local/emscripten/upstream/emscripten/emcc -pthread -std=gnu99 -D__LIBRETRO__   -Isrc/libretro-common/include -Isrc -Isrc/libretro   -c -osrc/utils/libfat/disc.o src/utils/libfat/disc.c
/usr/local/emscripten/upstream/emscripten/emcc -pthread -std=gnu99 -D__LIBRETRO__   -Isrc/libretro-common/include -Isrc -Isrc/libretro   -c -osrc/utils/libfat/fatdir.o src/utils/libfat/fatdir.c
/usr/local/emscripten/upstream/emscripten/emcc -pthread -std=gnu99 -D__LIBRETRO__   -Isrc/libretro-common/include -Isrc -Isrc/libretro   -c -osrc/utils/libfat/fatfile.o src/utils/libfat/fatfile.c
/usr/local/emscripten/upstream/emscripten/emcc -pthread -std=gnu99 -D__LIBRETRO__   -Isrc/libretro-common/include -Isrc -Isrc/libretro   -c -osrc/utils/libfat/filetime.o src/utils/libfat/filetime.c
/usr/local/emscripten/upstream/emscripten/emcc -pthread -std=gnu99 -D__LIBRETRO__   -Isrc/libretro-common/include -Isrc -Isrc/libretro   -c -osrc/utils/libfat/file_allocation_table.o src/utils/libfat/file_allocation_table.c
/usr/local/emscripten/upstream/emscripten/emcc -pthread -std=gnu99 -D__LIBRETRO__   -Isrc/libretro-common/include -Isrc -Isrc/libretro   -c -osrc/utils/libfat/libfat.o src/utils/libfat/libfat.c
/usr/local/emscripten/upstream/emscripten/emcc -pthread -std=gnu99 -D__LIBRETRO__   -Isrc/libretro-common/include -Isrc -Isrc/libretro   -c -osrc/utils/libfat/libfat_public_api.o src/utils/libfat/libfat_public_api.c
/usr/local/emscripten/upstream/emscripten/emcc -pthread -std=gnu99 -D__LIBRETRO__   -Isrc/libretro-common/include -Isrc -Isrc/libretro   -c -osrc/utils/libfat/lock.o src/utils/libfat/lock.c
/usr/local/emscripten/upstream/emscripten/emcc -pthread -std=gnu99 -D__LIBRETRO__   -Isrc/libretro-common/include -Isrc -Isrc/libretro   -c -osrc/libretro-common/rthreads/rthreads.o src/libretro-common/rthreads/rthreads.c
/usr/local/emscripten/upstream/emscripten/emcc -pthread -std=gnu99 -D__LIBRETRO__   -Isrc/libretro-common/include -Isrc -Isrc/libretro   -c -osrc/common.o src/common.c
/usr/local/emscripten/upstream/emscripten/emcc -pthread -std=gnu99 -D__LIBRETRO__   -Isrc/libretro-common/include -Isrc -Isrc/libretro   -c -osrc/utils/dlditool.o src/utils/dlditool.c
/usr/local/emscripten/upstream/emscripten/emcc -pthread -std=gnu99 -D__LIBRETRO__   -Isrc/libretro-common/include -Isrc -Isrc/libretro   -c -osrc/libretro-common/memmap/memalign.o src/libretro-common/memmap/memalign.c
/usr/local/emscripten/upstream/emscripten/emcc -pthread -std=gnu99 -D__LIBRETRO__   -Isrc/libretro-common/include -Isrc -Isrc/libretro   -c -osrc/libretro-common/streams/file_stream.o src/libretro-common/streams/file_stream.c
/usr/local/emscripten/upstream/emscripten/emcc -pthread -std=gnu99 -D__LIBRETRO__   -Isrc/libretro-common/include -Isrc -Isrc/libretro   -c -osrc/libretro-common/features/features_cpu.o src/libretro-common/features/features_cpu.c
/usr/local/emscripten/upstream/emscripten/emcc -pthread -std=gnu99 -D__LIBRETRO__   -Isrc/libretro-common/include -Isrc -Isrc/libretro   -c -osrc/libretro-common/compat/compat_strl.o src/libretro-common/compat/compat_strl.c
/usr/local/emscripten/upstream/emscripten/emcc -pthread -std=gnu99 -D__LIBRETRO__   -Isrc/libretro-common/include -Isrc -Isrc/libretro   -c -osrc/libretro-common/file/retro_dirent.o src/libretro-common/file/retro_dirent.c
/usr/local/emscripten/upstream/emscripten/emcc -pthread -std=gnu99 -D__LIBRETRO__   -Isrc/libretro-common/include -Isrc -Isrc/libretro   -c -osrc/libretro-common/file/retro_stat.o src/libretro-common/file/retro_stat.c
/usr/local/emscripten/upstream/emscripten/emcc -pthread -std=gnu99 -D__LIBRETRO__   -Isrc/libretro-common/include -Isrc -Isrc/libretro   -c -osrc/libretro-common/file/file_path.o src/libretro-common/file/file_path.c
/usr/local/emscripten/upstream/emscripten/emcc -pthread -std=gnu99 -D__LIBRETRO__   -Isrc/libretro-common/include -Isrc -Isrc/libretro   -c -osrc/libretro-common/string/stdstring.o src/libretro-common/string/stdstring.c
/usr/local/emscripten/upstream/emscripten/emcc -pthread -std=gnu99 -D__LIBRETRO__   -Isrc/libretro-common/include -Isrc -Isrc/libretro   -c -osrc/version.o src/version.c
/usr/local/emscripten/upstream/emscripten/emar rcs desmume2015_libretro_emscripten.bc src/armcpu.o src/arm_instructions.o src/bios.o src/cp15.o src/emufile.o src/encrypt.o src/FIFO.o src/firmware.o src/GPU.o src/mc.o src/path.o src/readwrite.o src/wifi.o src/MMU.o src/NDSSystem.o src/render3D.o src/rtc.o src/saves.o src/slot1.o src/slot2.o src/SPU.o src/matrix.o src/gfx3d.o src/thumb_instructions.o src/utils/advanscene.o src/utils/datetime.o src/utils/emufat.o src/utils/xstring.o src/utils/decrypt/crc.o src/utils/decrypt/decrypt.o src/utils/decrypt/header.o src/utils/vfat.o src/utils/tinyxml/tinystr.o src/utils/tinyxml/tinyxml.o src/utils/tinyxml/tinyxmlerror.o src/utils/tinyxml/tinyxmlparser.o src/addons/slot2_auto.o src/addons/slot2_mpcf.o src/addons/slot2_paddle.o src/addons/slot2_gbagame.o src/addons/slot2_none.o src/addons/slot2_rumblepak.o src/addons/slot2_guitarGrip.o src/addons/slot2_expMemory.o src/addons/slot2_piano.o src/addons/slot2_passme.o src/addons/slot1_none.o src/addons/slot1_r4.o src/addons/slot1comp_mc.o src/addons/slot1comp_rom.o src/addons/slot1comp_protocol.o src/addons/slot1_retail_mcrom.o src/addons/slot1_retail_nand.o src/addons/slot1_retail_auto.o src/cheatSystem.o src/texcache.o src/rasterize.o src/mic.o src/driver.o src/libretro/libretro.o src/libretro/scrc32.o src/addons/slot1_retail_mcrom_debug.o src/utils/fsnitro.o src/utils/task.o src/utils/libfat/partition.o src/utils/libfat/cache.o src/utils/libfat/directory.o src/utils/libfat/disc.o src/utils/libfat/fatdir.o src/utils/libfat/fatfile.o src/utils/libfat/filetime.o src/utils/libfat/file_allocation_table.o src/utils/libfat/libfat.o src/utils/libfat/libfat_public_api.o src/utils/libfat/lock.o src/libretro-common/rthreads/rthreads.o src/common.o src/utils/dlditool.o src/libretro-common/memmap/memalign.o src/libretro-common/streams/file_stream.o src/libretro-common/features/features_cpu.o src/libretro-common/compat/compat_strl.o src/libretro-common/file/retro_dirent.o src/libretro-common/file/retro_stat.o src/libretro-common/file/file_path.o src/libretro-common/string/stdstring.o src/version.o
rm -f src/armcpu.o src/arm_instructions.o src/bios.o src/cp15.o src/emufile.o src/encrypt.o src/FIFO.o src/firmware.o src/GPU.o src/mc.o src/path.o src/readwrite.o src/wifi.o src/MMU.o src/NDSSystem.o src/render3D.o src/rtc.o src/saves.o src/slot1.o src/slot2.o src/SPU.o src/matrix.o src/gfx3d.o src/thumb_instructions.o src/utils/advanscene.o src/utils/datetime.o src/utils/emufat.o src/utils/xstring.o src/utils/decrypt/crc.o src/utils/decrypt/decrypt.o src/utils/decrypt/header.o src/utils/vfat.o src/utils/tinyxml/tinystr.o src/utils/tinyxml/tinyxml.o src/utils/tinyxml/tinyxmlerror.o src/utils/tinyxml/tinyxmlparser.o src/addons/slot2_auto.o src/addons/slot2_mpcf.o src/addons/slot2_paddle.o src/addons/slot2_gbagame.o src/addons/slot2_none.o src/addons/slot2_rumblepak.o src/addons/slot2_guitarGrip.o src/addons/slot2_expMemory.o src/addons/slot2_piano.o src/addons/slot2_passme.o src/addons/slot1_none.o src/addons/slot1_r4.o src/addons/slot1comp_mc.o src/addons/slot1comp_rom.o src/addons/slot1comp_protocol.o src/addons/slot1_retail_mcrom.o src/addons/slot1_retail_nand.o src/addons/slot1_retail_auto.o src/cheatSystem.o src/texcache.o src/rasterize.o src/mic.o src/driver.o src/libretro/libretro.o src/libretro/scrc32.o src/addons/slot1_retail_mcrom_debug.o src/utils/fsnitro.o src/utils/task.o src/arm_jit.o src/utils/AsmJit/core/assembler.o src/utils/AsmJit/core/assert.o src/utils/AsmJit/core/buffer.o src/utils/AsmJit/core/compiler.o src/utils/AsmJit/core/compilercontext.o src/utils/AsmJit/core/compilerfunc.o src/utils/AsmJit/core/compileritem.o src/utils/AsmJit/core/context.o src/utils/AsmJit/core/cpuinfo.o src/utils/AsmJit/core/defs.o src/utils/AsmJit/core/func.o src/utils/AsmJit/core/logger.o src/utils/AsmJit/core/memorymanager.o src/utils/AsmJit/core/memorymarker.o src/utils/AsmJit/core/operand.o src/utils/AsmJit/core/stringbuilder.o src/utils/AsmJit/core/stringutil.o src/utils/AsmJit/core/virtualmemory.o src/utils/AsmJit/core/zonememory.o src/utils/AsmJit/x86/x86assembler.o src/utils/AsmJit/x86/x86compiler.o src/utils/AsmJit/x86/x86compilercontext.o src/utils/AsmJit/x86/x86compilerfunc.o src/utils/AsmJit/x86/x86compileritem.o src/utils/AsmJit/x86/x86cpuinfo.o src/utils/AsmJit/x86/x86defs.o src/utils/AsmJit/x86/x86func.o src/utils/AsmJit/x86/x86operand.o src/utils/AsmJit/x86/x86util.o src/utils/libfat/partition.o src/utils/libfat/cache.o src/utils/libfat/directory.o src/utils/libfat/disc.o src/utils/libfat/fatdir.o src/utils/libfat/fatfile.o src/utils/libfat/filetime.o src/utils/libfat/file_allocation_table.o src/utils/libfat/libfat.o src/utils/libfat/libfat_public_api.o src/utils/libfat/lock.o src/libretro-common/rthreads/rthreads.o src/common.o src/utils/dlditool.o src/libretro-common/memmap/memalign.o src/libretro-common/streams/file_stream.o src/libretro-common/features/features_cpu.o src/libretro-common/compat/compat_strl.o src/libretro-common/file/retro_dirent.o src/libretro-common/file/retro_stat.o src/libretro-common/file/file_path.o src/libretro-common/string/stdstring.o src/version.o desmume2015_libretro.so
/usr/local/emscripten/upstream/emscripten/em++ -DGIT_VERSION=\"" b4ae0af7"\" -O3 -DNDEBUG -D__LIBRETRO__   -Isrc/libretro-common/include -Isrc -Isrc/libretro   -fpermissive -c -osrc/armcpu.o src/armcpu.cpp
/usr/local/emscripten/upstream/emscripten/em++ -DGIT_VERSION=\"" b4ae0af7"\" -O3 -DNDEBUG -D__LIBRETRO__   -Isrc/libretro-common/include -Isrc -Isrc/libretro   -fpermissive -c -osrc/arm_instructions.o src/arm_instructions.cpp
/usr/local/emscripten/upstream/emscripten/em++ -DGIT_VERSION=\"" b4ae0af7"\" -O3 -DNDEBUG -D__LIBRETRO__   -Isrc/libretro-common/include -Isrc -Isrc/libretro   -fpermissive -c -osrc/bios.o src/bios.cpp
/usr/local/emscripten/upstream/emscripten/em++ -DGIT_VERSION=\"" b4ae0af7"\" -O3 -DNDEBUG -D__LIBRETRO__   -Isrc/libretro-common/include -Isrc -Isrc/libretro   -fpermissive -c -osrc/cp15.o src/cp15.cpp
/usr/local/emscripten/upstream/emscripten/em++ -DGIT_VERSION=\"" b4ae0af7"\" -O3 -DNDEBUG -D__LIBRETRO__   -Isrc/libretro-common/include -Isrc -Isrc/libretro   -fpermissive -c -osrc/emufile.o src/emufile.cpp
/usr/local/emscripten/upstream/emscripten/em++ -DGIT_VERSION=\"" b4ae0af7"\" -O3 -DNDEBUG -D__LIBRETRO__   -Isrc/libretro-common/include -Isrc -Isrc/libretro   -fpermissive -c -osrc/encrypt.o src/encrypt.cpp
/usr/local/emscripten/upstream/emscripten/em++ -DGIT_VERSION=\"" b4ae0af7"\" -O3 -DNDEBUG -D__LIBRETRO__   -Isrc/libretro-common/include -Isrc -Isrc/libretro   -fpermissive -c -osrc/FIFO.o src/FIFO.cpp
/usr/local/emscripten/upstream/emscripten/em++ -DGIT_VERSION=\"" b4ae0af7"\" -O3 -DNDEBUG -D__LIBRETRO__   -Isrc/libretro-common/include -Isrc -Isrc/libretro   -fpermissive -c -osrc/firmware.o src/firmware.cpp
/usr/local/emscripten/upstream/emscripten/em++ -DGIT_VERSION=\"" b4ae0af7"\" -O3 -DNDEBUG -D__LIBRETRO__   -Isrc/libretro-common/include -Isrc -Isrc/libretro   -fpermissive -c -osrc/GPU.o src/GPU.cpp
/usr/local/emscripten/upstream/emscripten/em++ -DGIT_VERSION=\"" b4ae0af7"\" -O3 -DNDEBUG -D__LIBRETRO__   -Isrc/libretro-common/include -Isrc -Isrc/libretro   -fpermissive -c -osrc/mc.o src/mc.cpp
/usr/local/emscripten/upstream/emscripten/em++ -DGIT_VERSION=\"" b4ae0af7"\" -O3 -DNDEBUG -D__LIBRETRO__   -Isrc/libretro-common/include -Isrc -Isrc/libretro   -fpermissive -c -osrc/path.o src/path.cpp
/usr/local/emscripten/upstream/emscripten/em++ -DGIT_VERSION=\"" b4ae0af7"\" -O3 -DNDEBUG -D__LIBRETRO__   -Isrc/libretro-common/include -Isrc -Isrc/libretro   -fpermissive -c -osrc/readwrite.o src/readwrite.cpp
/usr/local/emscripten/upstream/emscripten/em++ -DGIT_VERSION=\"" b4ae0af7"\" -O3 -DNDEBUG -D__LIBRETRO__   -Isrc/libretro-common/include -Isrc -Isrc/libretro   -fpermissive -c -osrc/wifi.o src/wifi.cpp
/usr/local/emscripten/upstream/emscripten/em++ -DGIT_VERSION=\"" b4ae0af7"\" -O3 -DNDEBUG -D__LIBRETRO__   -Isrc/libretro-common/include -Isrc -Isrc/libretro   -fpermissive -c -osrc/MMU.o src/MMU.cpp
/usr/local/emscripten/upstream/emscripten/em++ -DGIT_VERSION=\"" b4ae0af7"\" -O3 -DNDEBUG -D__LIBRETRO__   -Isrc/libretro-common/include -Isrc -Isrc/libretro   -fpermissive -c -osrc/NDSSystem.o src/NDSSystem.cpp
/usr/local/emscripten/upstream/emscripten/em++ -DGIT_VERSION=\"" b4ae0af7"\" -O3 -DNDEBUG -D__LIBRETRO__   -Isrc/libretro-common/include -Isrc -Isrc/libretro   -fpermissive -c -osrc/render3D.o src/render3D.cpp
/usr/local/emscripten/upstream/emscripten/em++ -DGIT_VERSION=\"" b4ae0af7"\" -O3 -DNDEBUG -D__LIBRETRO__   -Isrc/libretro-common/include -Isrc -Isrc/libretro   -fpermissive -c -osrc/rtc.o src/rtc.cpp
/usr/local/emscripten/upstream/emscripten/em++ -DGIT_VERSION=\"" b4ae0af7"\" -O3 -DNDEBUG -D__LIBRETRO__   -Isrc/libretro-common/include -Isrc -Isrc/libretro   -fpermissive -c -osrc/saves.o src/saves.cpp
/usr/local/emscripten/upstream/emscripten/em++ -DGIT_VERSION=\"" b4ae0af7"\" -O3 -DNDEBUG -D__LIBRETRO__   -Isrc/libretro-common/include -Isrc -Isrc/libretro   -fpermissive -c -osrc/slot1.o src/slot1.cpp
/usr/local/emscripten/upstream/emscripten/em++ -DGIT_VERSION=\"" b4ae0af7"\" -O3 -DNDEBUG -D__LIBRETRO__   -Isrc/libretro-common/include -Isrc -Isrc/libretro   -fpermissive -c -osrc/slot2.o src/slot2.cpp
/usr/local/emscripten/upstream/emscripten/em++ -DGIT_VERSION=\"" b4ae0af7"\" -O3 -DNDEBUG -D__LIBRETRO__   -Isrc/libretro-common/include -Isrc -Isrc/libretro   -fpermissive -c -osrc/SPU.o src/SPU.cpp
/usr/local/emscripten/upstream/emscripten/em++ -DGIT_VERSION=\"" b4ae0af7"\" -O3 -DNDEBUG -D__LIBRETRO__   -Isrc/libretro-common/include -Isrc -Isrc/libretro   -fpermissive -c -osrc/matrix.o src/matrix.cpp
/usr/local/emscripten/upstream/emscripten/em++ -DGIT_VERSION=\"" b4ae0af7"\" -O3 -DNDEBUG -D__LIBRETRO__   -Isrc/libretro-common/include -Isrc -Isrc/libretro   -fpermissive -c -osrc/gfx3d.o src/gfx3d.cpp
/usr/local/emscripten/upstream/emscripten/em++ -DGIT_VERSION=\"" b4ae0af7"\" -O3 -DNDEBUG -D__LIBRETRO__   -Isrc/libretro-common/include -Isrc -Isrc/libretro   -fpermissive -c -osrc/thumb_instructions.o src/thumb_instructions.cpp
/usr/local/emscripten/upstream/emscripten/em++ -DGIT_VERSION=\"" b4ae0af7"\" -O3 -DNDEBUG -D__LIBRETRO__   -Isrc/libretro-common/include -Isrc -Isrc/libretro   -fpermissive -c -osrc/utils/advanscene.o src/utils/advanscene.cpp
/usr/local/emscripten/upstream/emscripten/em++ -DGIT_VERSION=\"" b4ae0af7"\" -O3 -DNDEBUG -D__LIBRETRO__   -Isrc/libretro-common/include -Isrc -Isrc/libretro   -fpermissive -c -osrc/utils/datetime.o src/utils/datetime.cpp
/usr/local/emscripten/upstream/emscripten/em++ -DGIT_VERSION=\"" b4ae0af7"\" -O3 -DNDEBUG -D__LIBRETRO__   -Isrc/libretro-common/include -Isrc -Isrc/libretro   -fpermissive -c -osrc/utils/emufat.o src/utils/emufat.cpp
/usr/local/emscripten/upstream/emscripten/em++ -DGIT_VERSION=\"" b4ae0af7"\" -O3 -DNDEBUG -D__LIBRETRO__   -Isrc/libretro-common/include -Isrc -Isrc/libretro   -fpermissive -c -osrc/utils/xstring.o src/utils/xstring.cpp
/usr/local/emscripten/upstream/emscripten/em++ -DGIT_VERSION=\"" b4ae0af7"\" -O3 -DNDEBUG -D__LIBRETRO__   -Isrc/libretro-common/include -Isrc -Isrc/libretro   -fpermissive -c -osrc/utils/decrypt/crc.o src/utils/decrypt/crc.cpp
/usr/local/emscripten/upstream/emscripten/em++ -DGIT_VERSION=\"" b4ae0af7"\" -O3 -DNDEBUG -D__LIBRETRO__   -Isrc/libretro-common/include -Isrc -Isrc/libretro   -fpermissive -c -osrc/utils/decrypt/decrypt.o src/utils/decrypt/decrypt.cpp
/usr/local/emscripten/upstream/emscripten/em++ -DGIT_VERSION=\"" b4ae0af7"\" -O3 -DNDEBUG -D__LIBRETRO__   -Isrc/libretro-common/include -Isrc -Isrc/libretro   -fpermissive -c -osrc/utils/decrypt/header.o src/utils/decrypt/header.cpp
/usr/local/emscripten/upstream/emscripten/em++ -DGIT_VERSION=\"" b4ae0af7"\" -O3 -DNDEBUG -D__LIBRETRO__   -Isrc/libretro-common/include -Isrc -Isrc/libretro   -fpermissive -c -osrc/utils/vfat.o src/utils/vfat.cpp
/usr/local/emscripten/upstream/emscripten/em++ -DGIT_VERSION=\"" b4ae0af7"\" -O3 -DNDEBUG -D__LIBRETRO__   -Isrc/libretro-common/include -Isrc -Isrc/libretro   -fpermissive -c -osrc/utils/tinyxml/tinystr.o src/utils/tinyxml/tinystr.cpp
/usr/local/emscripten/upstream/emscripten/em++ -DGIT_VERSION=\"" b4ae0af7"\" -O3 -DNDEBUG -D__LIBRETRO__   -Isrc/libretro-common/include -Isrc -Isrc/libretro   -fpermissive -c -osrc/utils/tinyxml/tinyxml.o src/utils/tinyxml/tinyxml.cpp
/usr/local/emscripten/upstream/emscripten/em++ -DGIT_VERSION=\"" b4ae0af7"\" -O3 -DNDEBUG -D__LIBRETRO__   -Isrc/libretro-common/include -Isrc -Isrc/libretro   -fpermissive -c -osrc/utils/tinyxml/tinyxmlerror.o src/utils/tinyxml/tinyxmlerror.cpp
/usr/local/emscripten/upstream/emscripten/em++ -DGIT_VERSION=\"" b4ae0af7"\" -O3 -DNDEBUG -D__LIBRETRO__   -Isrc/libretro-common/include -Isrc -Isrc/libretro   -fpermissive -c -osrc/utils/tinyxml/tinyxmlparser.o src/utils/tinyxml/tinyxmlparser.cpp
/usr/local/emscripten/upstream/emscripten/em++ -DGIT_VERSION=\"" b4ae0af7"\" -O3 -DNDEBUG -D__LIBRETRO__   -Isrc/libretro-common/include -Isrc -Isrc/libretro   -fpermissive -c -osrc/addons/slot2_auto.o src/addons/slot2_auto.cpp
/usr/local/emscripten/upstream/emscripten/em++ -DGIT_VERSION=\"" b4ae0af7"\" -O3 -DNDEBUG -D__LIBRETRO__   -Isrc/libretro-common/include -Isrc -Isrc/libretro   -fpermissive -c -osrc/addons/slot2_mpcf.o src/addons/slot2_mpcf.cpp
/usr/local/emscripten/upstream/emscripten/em++ -DGIT_VERSION=\"" b4ae0af7"\" -O3 -DNDEBUG -D__LIBRETRO__   -Isrc/libretro-common/include -Isrc -Isrc/libretro   -fpermissive -c -osrc/addons/slot2_paddle.o src/addons/slot2_paddle.cpp
/usr/local/emscripten/upstream/emscripten/em++ -DGIT_VERSION=\"" b4ae0af7"\" -O3 -DNDEBUG -D__LIBRETRO__   -Isrc/libretro-common/include -Isrc -Isrc/libretro   -fpermissive -c -osrc/addons/slot2_gbagame.o src/addons/slot2_gbagame.cpp
/usr/local/emscripten/upstream/emscripten/em++ -DGIT_VERSION=\"" b4ae0af7"\" -O3 -DNDEBUG -D__LIBRETRO__   -Isrc/libretro-common/include -Isrc -Isrc/libretro   -fpermissive -c -osrc/addons/slot2_none.o src/addons/slot2_none.cpp
/usr/local/emscripten/upstream/emscripten/em++ -DGIT_VERSION=\"" b4ae0af7"\" -O3 -DNDEBUG -D__LIBRETRO__   -Isrc/libretro-common/include -Isrc -Isrc/libretro   -fpermissive -c -osrc/addons/slot2_rumblepak.o src/addons/slot2_rumblepak.cpp
/usr/local/emscripten/upstream/emscripten/em++ -DGIT_VERSION=\"" b4ae0af7"\" -O3 -DNDEBUG -D__LIBRETRO__   -Isrc/libretro-common/include -Isrc -Isrc/libretro   -fpermissive -c -osrc/addons/slot2_guitarGrip.o src/addons/slot2_guitarGrip.cpp
/usr/local/emscripten/upstream/emscripten/em++ -DGIT_VERSION=\"" b4ae0af7"\" -O3 -DNDEBUG -D__LIBRETRO__   -Isrc/libretro-common/include -Isrc -Isrc/libretro   -fpermissive -c -osrc/addons/slot2_expMemory.o src/addons/slot2_expMemory.cpp
/usr/local/emscripten/upstream/emscripten/em++ -DGIT_VERSION=\"" b4ae0af7"\" -O3 -DNDEBUG -D__LIBRETRO__   -Isrc/libretro-common/include -Isrc -Isrc/libretro   -fpermissive -c -osrc/addons/slot2_piano.o src/addons/slot2_piano.cpp
/usr/local/emscripten/upstream/emscripten/em++ -DGIT_VERSION=\"" b4ae0af7"\" -O3 -DNDEBUG -D__LIBRETRO__   -Isrc/libretro-common/include -Isrc -Isrc/libretro   -fpermissive -c -osrc/addons/slot2_passme.o src/addons/slot2_passme.cpp
/usr/local/emscripten/upstream/emscripten/em++ -DGIT_VERSION=\"" b4ae0af7"\" -O3 -DNDEBUG -D__LIBRETRO__   -Isrc/libretro-common/include -Isrc -Isrc/libretro   -fpermissive -c -osrc/addons/slot1_none.o src/addons/slot1_none.cpp
/usr/local/emscripten/upstream/emscripten/em++ -DGIT_VERSION=\"" b4ae0af7"\" -O3 -DNDEBUG -D__LIBRETRO__   -Isrc/libretro-common/include -Isrc -Isrc/libretro   -fpermissive -c -osrc/addons/slot1_r4.o src/addons/slot1_r4.cpp
/usr/local/emscripten/upstream/emscripten/em++ -DGIT_VERSION=\"" b4ae0af7"\" -O3 -DNDEBUG -D__LIBRETRO__   -Isrc/libretro-common/include -Isrc -Isrc/libretro   -fpermissive -c -osrc/addons/slot1comp_mc.o src/addons/slot1comp_mc.cpp
/usr/local/emscripten/upstream/emscripten/em++ -DGIT_VERSION=\"" b4ae0af7"\" -O3 -DNDEBUG -D__LIBRETRO__   -Isrc/libretro-common/include -Isrc -Isrc/libretro   -fpermissive -c -osrc/addons/slot1comp_rom.o src/addons/slot1comp_rom.cpp
/usr/local/emscripten/upstream/emscripten/em++ -DGIT_VERSION=\"" b4ae0af7"\" -O3 -DNDEBUG -D__LIBRETRO__   -Isrc/libretro-common/include -Isrc -Isrc/libretro   -fpermissive -c -osrc/addons/slot1comp_protocol.o src/addons/slot1comp_protocol.cpp
/usr/local/emscripten/upstream/emscripten/em++ -DGIT_VERSION=\"" b4ae0af7"\" -O3 -DNDEBUG -D__LIBRETRO__   -Isrc/libretro-common/include -Isrc -Isrc/libretro   -fpermissive -c -osrc/addons/slot1_retail_mcrom.o src/addons/slot1_retail_mcrom.cpp
/usr/local/emscripten/upstream/emscripten/em++ -DGIT_VERSION=\"" b4ae0af7"\" -O3 -DNDEBUG -D__LIBRETRO__   -Isrc/libretro-common/include -Isrc -Isrc/libretro   -fpermissive -c -osrc/addons/slot1_retail_nand.o src/addons/slot1_retail_nand.cpp
/usr/local/emscripten/upstream/emscripten/em++ -DGIT_VERSION=\"" b4ae0af7"\" -O3 -DNDEBUG -D__LIBRETRO__   -Isrc/libretro-common/include -Isrc -Isrc/libretro   -fpermissive -c -osrc/addons/slot1_retail_auto.o src/addons/slot1_retail_auto.cpp
/usr/local/emscripten/upstream/emscripten/em++ -DGIT_VERSION=\"" b4ae0af7"\" -O3 -DNDEBUG -D__LIBRETRO__   -Isrc/libretro-common/include -Isrc -Isrc/libretro   -fpermissive -c -osrc/cheatSystem.o src/cheatSystem.cpp
/usr/local/emscripten/upstream/emscripten/em++ -DGIT_VERSION=\"" b4ae0af7"\" -O3 -DNDEBUG -D__LIBRETRO__   -Isrc/libretro-common/include -Isrc -Isrc/libretro   -fpermissive -c -osrc/texcache.o src/texcache.cpp
/usr/local/emscripten/upstream/emscripten/em++ -DGIT_VERSION=\"" b4ae0af7"\" -O3 -DNDEBUG -D__LIBRETRO__   -Isrc/libretro-common/include -Isrc -Isrc/libretro   -fpermissive -c -osrc/rasterize.o src/rasterize.cpp
/usr/local/emscripten/upstream/emscripten/em++ -DGIT_VERSION=\"" b4ae0af7"\" -O3 -DNDEBUG -D__LIBRETRO__   -Isrc/libretro-common/include -Isrc -Isrc/libretro   -fpermissive -c -osrc/mic.o src/mic.cpp
/usr/local/emscripten/upstream/emscripten/em++ -DGIT_VERSION=\"" b4ae0af7"\" -O3 -DNDEBUG -D__LIBRETRO__   -Isrc/libretro-common/include -Isrc -Isrc/libretro   -fpermissive -c -osrc/driver.o src/driver.cpp
/usr/local/emscripten/upstream/emscripten/em++ -DGIT_VERSION=\"" b4ae0af7"\" -O3 -DNDEBUG -D__LIBRETRO__   -Isrc/libretro-common/include -Isrc -Isrc/libretro   -fpermissive -c -osrc/libretro/libretro.o src/libretro/libretro.cpp
/usr/local/emscripten/upstream/emscripten/em++ -DGIT_VERSION=\"" b4ae0af7"\" -O3 -DNDEBUG -D__LIBRETRO__   -Isrc/libretro-common/include -Isrc -Isrc/libretro   -fpermissive -c -osrc/libretro/scrc32.o src/libretro/scrc32.cpp
/usr/local/emscripten/upstream/emscripten/em++ -DGIT_VERSION=\"" b4ae0af7"\" -O3 -DNDEBUG -D__LIBRETRO__   -Isrc/libretro-common/include -Isrc -Isrc/libretro   -fpermissive -c -osrc/addons/slot1_retail_mcrom_debug.o src/addons/slot1_retail_mcrom_debug.cpp
/usr/local/emscripten/upstream/emscripten/em++ -DGIT_VERSION=\"" b4ae0af7"\" -O3 -DNDEBUG -D__LIBRETRO__   -Isrc/libretro-common/include -Isrc -Isrc/libretro   -fpermissive -c -osrc/utils/fsnitro.o src/utils/fsnitro.cpp
/usr/local/emscripten/upstream/emscripten/em++ -DGIT_VERSION=\"" b4ae0af7"\" -O3 -DNDEBUG -D__LIBRETRO__   -Isrc/libretro-common/include -Isrc -Isrc/libretro   -fpermissive -c -osrc/utils/task.o src/utils/task.cpp
/usr/local/emscripten/upstream/emscripten/emcc -std=gnu99 -D__LIBRETRO__   -Isrc/libretro-common/include -Isrc -Isrc/libretro   -c -osrc/utils/libfat/partition.o src/utils/libfat/partition.c
/usr/local/emscripten/upstream/emscripten/emcc -std=gnu99 -D__LIBRETRO__   -Isrc/libretro-common/include -Isrc -Isrc/libretro   -c -osrc/utils/libfat/cache.o src/utils/libfat/cache.c
/usr/local/emscripten/upstream/emscripten/emcc -std=gnu99 -D__LIBRETRO__   -Isrc/libretro-common/include -Isrc -Isrc/libretro   -c -osrc/utils/libfat/directory.o src/utils/libfat/directory.c
/usr/local/emscripten/upstream/emscripten/emcc -std=gnu99 -D__LIBRETRO__   -Isrc/libretro-common/include -Isrc -Isrc/libretro   -c -osrc/utils/libfat/disc.o src/utils/libfat/disc.c
/usr/local/emscripten/upstream/emscripten/emcc -std=gnu99 -D__LIBRETRO__   -Isrc/libretro-common/include -Isrc -Isrc/libretro   -c -osrc/utils/libfat/fatdir.o src/utils/libfat/fatdir.c
/usr/local/emscripten/upstream/emscripten/emcc -std=gnu99 -D__LIBRETRO__   -Isrc/libretro-common/include -Isrc -Isrc/libretro   -c -osrc/utils/libfat/fatfile.o src/utils/libfat/fatfile.c
/usr/local/emscripten/upstream/emscripten/emcc -std=gnu99 -D__LIBRETRO__   -Isrc/libretro-common/include -Isrc -Isrc/libretro   -c -osrc/utils/libfat/filetime.o src/utils/libfat/filetime.c
/usr/local/emscripten/upstream/emscripten/emcc -std=gnu99 -D__LIBRETRO__   -Isrc/libretro-common/include -Isrc -Isrc/libretro   -c -osrc/utils/libfat/file_allocation_table.o src/utils/libfat/file_allocation_table.c
/usr/local/emscripten/upstream/emscripten/emcc -std=gnu99 -D__LIBRETRO__   -Isrc/libretro-common/include -Isrc -Isrc/libretro   -c -osrc/utils/libfat/libfat.o src/utils/libfat/libfat.c
/usr/local/emscripten/upstream/emscripten/emcc -std=gnu99 -D__LIBRETRO__   -Isrc/libretro-common/include -Isrc -Isrc/libretro   -c -osrc/utils/libfat/libfat_public_api.o src/utils/libfat/libfat_public_api.c
/usr/local/emscripten/upstream/emscripten/emcc -std=gnu99 -D__LIBRETRO__   -Isrc/libretro-common/include -Isrc -Isrc/libretro   -c -osrc/utils/libfat/lock.o src/utils/libfat/lock.c
/usr/local/emscripten/upstream/emscripten/emcc -std=gnu99 -D__LIBRETRO__   -Isrc/libretro-common/include -Isrc -Isrc/libretro   -c -osrc/libretro-common/rthreads/rthreads.o src/libretro-common/rthreads/rthreads.c
/usr/local/emscripten/upstream/emscripten/emcc -std=gnu99 -D__LIBRETRO__   -Isrc/libretro-common/include -Isrc -Isrc/libretro   -c -osrc/common.o src/common.c
/usr/local/emscripten/upstream/emscripten/emcc -std=gnu99 -D__LIBRETRO__   -Isrc/libretro-common/include -Isrc -Isrc/libretro   -c -osrc/utils/dlditool.o src/utils/dlditool.c
/usr/local/emscripten/upstream/emscripten/emcc -std=gnu99 -D__LIBRETRO__   -Isrc/libretro-common/include -Isrc -Isrc/libretro   -c -osrc/libretro-common/memmap/memalign.o src/libretro-common/memmap/memalign.c
/usr/local/emscripten/upstream/emscripten/emcc -std=gnu99 -D__LIBRETRO__   -Isrc/libretro-common/include -Isrc -Isrc/libretro   -c -osrc/libretro-common/streams/file_stream.o src/libretro-common/streams/file_stream.c
/usr/local/emscripten/upstream/emscripten/emcc -std=gnu99 -D__LIBRETRO__   -Isrc/libretro-common/include -Isrc -Isrc/libretro   -c -osrc/libretro-common/features/features_cpu.o src/libretro-common/features/features_cpu.c
/usr/local/emscripten/upstream/emscripten/emcc -std=gnu99 -D__LIBRETRO__   -Isrc/libretro-common/include -Isrc -Isrc/libretro   -c -osrc/libretro-common/compat/compat_strl.o src/libretro-common/compat/compat_strl.c
/usr/local/emscripten/upstream/emscripten/emcc -std=gnu99 -D__LIBRETRO__   -Isrc/libretro-common/include -Isrc -Isrc/libretro   -c -osrc/libretro-common/file/retro_dirent.o src/libretro-common/file/retro_dirent.c
/usr/local/emscripten/upstream/emscripten/emcc -std=gnu99 -D__LIBRETRO__   -Isrc/libretro-common/include -Isrc -Isrc/libretro   -c -osrc/libretro-common/file/retro_stat.o src/libretro-common/file/retro_stat.c
/usr/local/emscripten/upstream/emscripten/emcc -std=gnu99 -D__LIBRETRO__   -Isrc/libretro-common/include -Isrc -Isrc/libretro   -c -osrc/libretro-common/file/file_path.o src/libretro-common/file/file_path.c
/usr/local/emscripten/upstream/emscripten/emcc -std=gnu99 -D__LIBRETRO__   -Isrc/libretro-common/include -Isrc -Isrc/libretro   -c -osrc/libretro-common/string/stdstring.o src/libretro-common/string/stdstring.c
/usr/local/emscripten/upstream/emscripten/emcc -std=gnu99 -D__LIBRETRO__   -Isrc/libretro-common/include -Isrc -Isrc/libretro   -c -osrc/version.o src/version.c
/usr/local/emscripten/upstream/emscripten/emar rcs desmume2015_libretro_emscripten.bc src/armcpu.o src/arm_instructions.o src/bios.o src/cp15.o src/emufile.o src/encrypt.o src/FIFO.o src/firmware.o src/GPU.o src/mc.o src/path.o src/readwrite.o src/wifi.o src/MMU.o src/NDSSystem.o src/render3D.o src/rtc.o src/saves.o src/slot1.o src/slot2.o src/SPU.o src/matrix.o src/gfx3d.o src/thumb_instructions.o src/utils/advanscene.o src/utils/datetime.o src/utils/emufat.o src/utils/xstring.o src/utils/decrypt/crc.o src/utils/decrypt/decrypt.o src/utils/decrypt/header.o src/utils/vfat.o src/utils/tinyxml/tinystr.o src/utils/tinyxml/tinyxml.o src/utils/tinyxml/tinyxmlerror.o src/utils/tinyxml/tinyxmlparser.o src/addons/slot2_auto.o src/addons/slot2_mpcf.o src/addons/slot2_paddle.o src/addons/slot2_gbagame.o src/addons/slot2_none.o src/addons/slot2_rumblepak.o src/addons/slot2_guitarGrip.o src/addons/slot2_expMemory.o src/addons/slot2_piano.o src/addons/slot2_passme.o src/addons/slot1_none.o src/addons/slot1_r4.o src/addons/slot1comp_mc.o src/addons/slot1comp_rom.o src/addons/slot1comp_protocol.o src/addons/slot1_retail_mcrom.o src/addons/slot1_retail_nand.o src/addons/slot1_retail_auto.o src/cheatSystem.o src/texcache.o src/rasterize.o src/mic.o src/driver.o src/libretro/libretro.o src/libretro/scrc32.o src/addons/slot1_retail_mcrom_debug.o src/utils/fsnitro.o src/utils/task.o src/utils/libfat/partition.o src/utils/libfat/cache.o src/utils/libfat/directory.o src/utils/libfat/disc.o src/utils/libfat/fatdir.o src/utils/libfat/fatfile.o src/utils/libfat/filetime.o src/utils/libfat/file_allocation_table.o src/utils/libfat/libfat.o src/utils/libfat/libfat_public_api.o src/utils/libfat/lock.o src/libretro-common/rthreads/rthreads.o src/common.o src/utils/dlditool.o src/libretro-common/memmap/memalign.o src/libretro-common/streams/file_stream.o src/libretro-common/features/features_cpu.o src/libretro-common/compat/compat_strl.o src/libretro-common/file/retro_dirent.o src/libretro-common/file/retro_stat.o src/libretro-common/file/file_path.o src/libretro-common/string/stdstring.o src/version.o
rm -f src/armcpu.o src/arm_instructions.o src/bios.o src/cp15.o src/emufile.o src/encrypt.o src/FIFO.o src/firmware.o src/GPU.o src/mc.o src/path.o src/readwrite.o src/wifi.o src/MMU.o src/NDSSystem.o src/render3D.o src/rtc.o src/saves.o src/slot1.o src/slot2.o src/SPU.o src/matrix.o src/gfx3d.o src/thumb_instructions.o src/utils/advanscene.o src/utils/datetime.o src/utils/emufat.o src/utils/xstring.o src/utils/decrypt/crc.o src/utils/decrypt/decrypt.o src/utils/decrypt/header.o src/utils/vfat.o src/utils/tinyxml/tinystr.o src/utils/tinyxml/tinyxml.o src/utils/tinyxml/tinyxmlerror.o src/utils/tinyxml/tinyxmlparser.o src/addons/slot2_auto.o src/addons/slot2_mpcf.o src/addons/slot2_paddle.o src/addons/slot2_gbagame.o src/addons/slot2_none.o src/addons/slot2_rumblepak.o src/addons/slot2_guitarGrip.o src/addons/slot2_expMemory.o src/addons/slot2_piano.o src/addons/slot2_passme.o src/addons/slot1_none.o src/addons/slot1_r4.o src/addons/slot1comp_mc.o src/addons/slot1comp_rom.o src/addons/slot1comp_protocol.o src/addons/slot1_retail_mcrom.o src/addons/slot1_retail_nand.o src/addons/slot1_retail_auto.o src/cheatSystem.o src/texcache.o src/rasterize.o src/mic.o src/driver.o src/libretro/libretro.o src/libretro/scrc32.o src/addons/slot1_retail_mcrom_debug.o src/utils/fsnitro.o src/utils/task.o src/arm_jit.o src/utils/AsmJit/core/assembler.o src/utils/AsmJit/core/assert.o src/utils/AsmJit/core/buffer.o src/utils/AsmJit/core/compiler.o src/utils/AsmJit/core/compilercontext.o src/utils/AsmJit/core/compilerfunc.o src/utils/AsmJit/core/compileritem.o src/utils/AsmJit/core/context.o src/utils/AsmJit/core/cpuinfo.o src/utils/AsmJit/core/defs.o src/utils/AsmJit/core/func.o src/utils/AsmJit/core/logger.o src/utils/AsmJit/core/memorymanager.o src/utils/AsmJit/core/memorymarker.o src/utils/AsmJit/core/operand.o src/utils/AsmJit/core/stringbuilder.o src/utils/AsmJit/core/stringutil.o src/utils/AsmJit/core/virtualmemory.o src/utils/AsmJit/core/zonememory.o src/utils/AsmJit/x86/x86assembler.o src/utils/AsmJit/x86/x86compiler.o src/utils/AsmJit/x86/x86compilercontext.o src/utils/AsmJit/x86/x86compilerfunc.o src/utils/AsmJit/x86/x86compileritem.o src/utils/AsmJit/x86/x86cpuinfo.o src/utils/AsmJit/x86/x86defs.o src/utils/AsmJit/x86/x86func.o src/utils/AsmJit/x86/x86operand.o src/utils/AsmJit/x86/x86util.o src/utils/libfat/partition.o src/utils/libfat/cache.o src/utils/libfat/directory.o src/utils/libfat/disc.o src/utils/libfat/fatdir.o src/utils/libfat/fatfile.o src/utils/libfat/filetime.o src/utils/libfat/file_allocation_table.o src/utils/libfat/libfat.o src/utils/libfat/libfat_public_api.o src/utils/libfat/lock.o src/libretro-common/rthreads/rthreads.o src/common.o src/utils/dlditool.o src/libretro-common/memmap/memalign.o src/libretro-common/streams/file_stream.o src/libretro-common/features/features_cpu.o src/libretro-common/compat/compat_strl.o src/libretro-common/file/retro_dirent.o src/libretro-common/file/retro_stat.o src/libretro-common/file/file_path.o src/libretro-common/string/stdstring.o src/version.o desmume2015_libretro.so
/usr/local/emscripten/upstream/emscripten/em++ -DGIT_VERSION=\"" b4ae0af7"\" -pthread -O3 -DNDEBUG -D__LIBRETRO__   -Isrc/libretro-common/include -Isrc -Isrc/libretro   -fpermissive -c -osrc/armcpu.o src/armcpu.cpp
/usr/local/emscripten/upstream/emscripten/em++ -DGIT_VERSION=\"" b4ae0af7"\" -pthread -O3 -DNDEBUG -D__LIBRETRO__   -Isrc/libretro-common/include -Isrc -Isrc/libretro   -fpermissive -c -osrc/arm_instructions.o src/arm_instructions.cpp
/usr/local/emscripten/upstream/emscripten/em++ -DGIT_VERSION=\"" b4ae0af7"\" -pthread -O3 -DNDEBUG -D__LIBRETRO__   -Isrc/libretro-common/include -Isrc -Isrc/libretro   -fpermissive -c -osrc/bios.o src/bios.cpp
/usr/local/emscripten/upstream/emscripten/em++ -DGIT_VERSION=\"" b4ae0af7"\" -pthread -O3 -DNDEBUG -D__LIBRETRO__   -Isrc/libretro-common/include -Isrc -Isrc/libretro   -fpermissive -c -osrc/cp15.o src/cp15.cpp
/usr/local/emscripten/upstream/emscripten/em++ -DGIT_VERSION=\"" b4ae0af7"\" -pthread -O3 -DNDEBUG -D__LIBRETRO__   -Isrc/libretro-common/include -Isrc -Isrc/libretro   -fpermissive -c -osrc/emufile.o src/emufile.cpp
/usr/local/emscripten/upstream/emscripten/em++ -DGIT_VERSION=\"" b4ae0af7"\" -pthread -O3 -DNDEBUG -D__LIBRETRO__   -Isrc/libretro-common/include -Isrc -Isrc/libretro   -fpermissive -c -osrc/encrypt.o src/encrypt.cpp
/usr/local/emscripten/upstream/emscripten/em++ -DGIT_VERSION=\"" b4ae0af7"\" -pthread -O3 -DNDEBUG -D__LIBRETRO__   -Isrc/libretro-common/include -Isrc -Isrc/libretro   -fpermissive -c -osrc/FIFO.o src/FIFO.cpp
/usr/local/emscripten/upstream/emscripten/em++ -DGIT_VERSION=\"" b4ae0af7"\" -pthread -O3 -DNDEBUG -D__LIBRETRO__   -Isrc/libretro-common/include -Isrc -Isrc/libretro   -fpermissive -c -osrc/firmware.o src/firmware.cpp
/usr/local/emscripten/upstream/emscripten/em++ -DGIT_VERSION=\"" b4ae0af7"\" -pthread -O3 -DNDEBUG -D__LIBRETRO__   -Isrc/libretro-common/include -Isrc -Isrc/libretro   -fpermissive -c -osrc/GPU.o src/GPU.cpp
/usr/local/emscripten/upstream/emscripten/em++ -DGIT_VERSION=\"" b4ae0af7"\" -pthread -O3 -DNDEBUG -D__LIBRETRO__   -Isrc/libretro-common/include -Isrc -Isrc/libretro   -fpermissive -c -osrc/mc.o src/mc.cpp
/usr/local/emscripten/upstream/emscripten/em++ -DGIT_VERSION=\"" b4ae0af7"\" -pthread -O3 -DNDEBUG -D__LIBRETRO__   -Isrc/libretro-common/include -Isrc -Isrc/libretro   -fpermissive -c -osrc/path.o src/path.cpp
/usr/local/emscripten/upstream/emscripten/em++ -DGIT_VERSION=\"" b4ae0af7"\" -pthread -O3 -DNDEBUG -D__LIBRETRO__   -Isrc/libretro-common/include -Isrc -Isrc/libretro   -fpermissive -c -osrc/readwrite.o src/readwrite.cpp
/usr/local/emscripten/upstream/emscripten/em++ -DGIT_VERSION=\"" b4ae0af7"\" -pthread -O3 -DNDEBUG -D__LIBRETRO__   -Isrc/libretro-common/include -Isrc -Isrc/libretro   -fpermissive -c -osrc/wifi.o src/wifi.cpp
/usr/local/emscripten/upstream/emscripten/em++ -DGIT_VERSION=\"" b4ae0af7"\" -pthread -O3 -DNDEBUG -D__LIBRETRO__   -Isrc/libretro-common/include -Isrc -Isrc/libretro   -fpermissive -c -osrc/MMU.o src/MMU.cpp
/usr/local/emscripten/upstream/emscripten/em++ -DGIT_VERSION=\"" b4ae0af7"\" -pthread -O3 -DNDEBUG -D__LIBRETRO__   -Isrc/libretro-common/include -Isrc -Isrc/libretro   -fpermissive -c -osrc/NDSSystem.o src/NDSSystem.cpp
/usr/local/emscripten/upstream/emscripten/em++ -DGIT_VERSION=\"" b4ae0af7"\" -pthread -O3 -DNDEBUG -D__LIBRETRO__   -Isrc/libretro-common/include -Isrc -Isrc/libretro   -fpermissive -c -osrc/render3D.o src/render3D.cpp
/usr/local/emscripten/upstream/emscripten/em++ -DGIT_VERSION=\"" b4ae0af7"\" -pthread -O3 -DNDEBUG -D__LIBRETRO__   -Isrc/libretro-common/include -Isrc -Isrc/libretro   -fpermissive -c -osrc/rtc.o src/rtc.cpp
/usr/local/emscripten/upstream/emscripten/em++ -DGIT_VERSION=\"" b4ae0af7"\" -pthread -O3 -DNDEBUG -D__LIBRETRO__   -Isrc/libretro-common/include -Isrc -Isrc/libretro   -fpermissive -c -osrc/saves.o src/saves.cpp
/usr/local/emscripten/upstream/emscripten/em++ -DGIT_VERSION=\"" b4ae0af7"\" -pthread -O3 -DNDEBUG -D__LIBRETRO__   -Isrc/libretro-common/include -Isrc -Isrc/libretro   -fpermissive -c -osrc/slot1.o src/slot1.cpp
/usr/local/emscripten/upstream/emscripten/em++ -DGIT_VERSION=\"" b4ae0af7"\" -pthread -O3 -DNDEBUG -D__LIBRETRO__   -Isrc/libretro-common/include -Isrc -Isrc/libretro   -fpermissive -c -osrc/slot2.o src/slot2.cpp
/usr/local/emscripten/upstream/emscripten/em++ -DGIT_VERSION=\"" b4ae0af7"\" -pthread -O3 -DNDEBUG -D__LIBRETRO__   -Isrc/libretro-common/include -Isrc -Isrc/libretro   -fpermissive -c -osrc/SPU.o src/SPU.cpp
/usr/local/emscripten/upstream/emscripten/em++ -DGIT_VERSION=\"" b4ae0af7"\" -pthread -O3 -DNDEBUG -D__LIBRETRO__   -Isrc/libretro-common/include -Isrc -Isrc/libretro   -fpermissive -c -osrc/matrix.o src/matrix.cpp
/usr/local/emscripten/upstream/emscripten/em++ -DGIT_VERSION=\"" b4ae0af7"\" -pthread -O3 -DNDEBUG -D__LIBRETRO__   -Isrc/libretro-common/include -Isrc -Isrc/libretro   -fpermissive -c -osrc/gfx3d.o src/gfx3d.cpp
/usr/local/emscripten/upstream/emscripten/em++ -DGIT_VERSION=\"" b4ae0af7"\" -pthread -O3 -DNDEBUG -D__LIBRETRO__   -Isrc/libretro-common/include -Isrc -Isrc/libretro   -fpermissive -c -osrc/thumb_instructions.o src/thumb_instructions.cpp
/usr/local/emscripten/upstream/emscripten/em++ -DGIT_VERSION=\"" b4ae0af7"\" -pthread -O3 -DNDEBUG -D__LIBRETRO__   -Isrc/libretro-common/include -Isrc -Isrc/libretro   -fpermissive -c -osrc/utils/advanscene.o src/utils/advanscene.cpp
/usr/local/emscripten/upstream/emscripten/em++ -DGIT_VERSION=\"" b4ae0af7"\" -pthread -O3 -DNDEBUG -D__LIBRETRO__   -Isrc/libretro-common/include -Isrc -Isrc/libretro   -fpermissive -c -osrc/utils/datetime.o src/utils/datetime.cpp
/usr/local/emscripten/upstream/emscripten/em++ -DGIT_VERSION=\"" b4ae0af7"\" -pthread -O3 -DNDEBUG -D__LIBRETRO__   -Isrc/libretro-common/include -Isrc -Isrc/libretro   -fpermissive -c -osrc/utils/emufat.o src/utils/emufat.cpp
/usr/local/emscripten/upstream/emscripten/em++ -DGIT_VERSION=\"" b4ae0af7"\" -pthread -O3 -DNDEBUG -D__LIBRETRO__   -Isrc/libretro-common/include -Isrc -Isrc/libretro   -fpermissive -c -osrc/utils/xstring.o src/utils/xstring.cpp
/usr/local/emscripten/upstream/emscripten/em++ -DGIT_VERSION=\"" b4ae0af7"\" -pthread -O3 -DNDEBUG -D__LIBRETRO__   -Isrc/libretro-common/include -Isrc -Isrc/libretro   -fpermissive -c -osrc/utils/decrypt/crc.o src/utils/decrypt/crc.cpp
/usr/local/emscripten/upstream/emscripten/em++ -DGIT_VERSION=\"" b4ae0af7"\" -pthread -O3 -DNDEBUG -D__LIBRETRO__   -Isrc/libretro-common/include -Isrc -Isrc/libretro   -fpermissive -c -osrc/utils/decrypt/decrypt.o src/utils/decrypt/decrypt.cpp
/usr/local/emscripten/upstream/emscripten/em++ -DGIT_VERSION=\"" b4ae0af7"\" -pthread -O3 -DNDEBUG -D__LIBRETRO__   -Isrc/libretro-common/include -Isrc -Isrc/libretro   -fpermissive -c -osrc/utils/decrypt/header.o src/utils/decrypt/header.cpp
/usr/local/emscripten/upstream/emscripten/em++ -DGIT_VERSION=\"" b4ae0af7"\" -pthread -O3 -DNDEBUG -D__LIBRETRO__   -Isrc/libretro-common/include -Isrc -Isrc/libretro   -fpermissive -c -osrc/utils/vfat.o src/utils/vfat.cpp
/usr/local/emscripten/upstream/emscripten/em++ -DGIT_VERSION=\"" b4ae0af7"\" -pthread -O3 -DNDEBUG -D__LIBRETRO__   -Isrc/libretro-common/include -Isrc -Isrc/libretro   -fpermissive -c -osrc/utils/tinyxml/tinystr.o src/utils/tinyxml/tinystr.cpp
/usr/local/emscripten/upstream/emscripten/em++ -DGIT_VERSION=\"" b4ae0af7"\" -pthread -O3 -DNDEBUG -D__LIBRETRO__   -Isrc/libretro-common/include -Isrc -Isrc/libretro   -fpermissive -c -osrc/utils/tinyxml/tinyxml.o src/utils/tinyxml/tinyxml.cpp
/usr/local/emscripten/upstream/emscripten/em++ -DGIT_VERSION=\"" b4ae0af7"\" -pthread -O3 -DNDEBUG -D__LIBRETRO__   -Isrc/libretro-common/include -Isrc -Isrc/libretro   -fpermissive -c -osrc/utils/tinyxml/tinyxmlerror.o src/utils/tinyxml/tinyxmlerror.cpp
/usr/local/emscripten/upstream/emscripten/em++ -DGIT_VERSION=\"" b4ae0af7"\" -pthread -O3 -DNDEBUG -D__LIBRETRO__   -Isrc/libretro-common/include -Isrc -Isrc/libretro   -fpermissive -c -osrc/utils/tinyxml/tinyxmlparser.o src/utils/tinyxml/tinyxmlparser.cpp
/usr/local/emscripten/upstream/emscripten/em++ -DGIT_VERSION=\"" b4ae0af7"\" -pthread -O3 -DNDEBUG -D__LIBRETRO__   -Isrc/libretro-common/include -Isrc -Isrc/libretro   -fpermissive -c -osrc/addons/slot2_auto.o src/addons/slot2_auto.cpp
/usr/local/emscripten/upstream/emscripten/em++ -DGIT_VERSION=\"" b4ae0af7"\" -pthread -O3 -DNDEBUG -D__LIBRETRO__   -Isrc/libretro-common/include -Isrc -Isrc/libretro   -fpermissive -c -osrc/addons/slot2_mpcf.o src/addons/slot2_mpcf.cpp
/usr/local/emscripten/upstream/emscripten/em++ -DGIT_VERSION=\"" b4ae0af7"\" -pthread -O3 -DNDEBUG -D__LIBRETRO__   -Isrc/libretro-common/include -Isrc -Isrc/libretro   -fpermissive -c -osrc/addons/slot2_paddle.o src/addons/slot2_paddle.cpp
/usr/local/emscripten/upstream/emscripten/em++ -DGIT_VERSION=\"" b4ae0af7"\" -pthread -O3 -DNDEBUG -D__LIBRETRO__   -Isrc/libretro-common/include -Isrc -Isrc/libretro   -fpermissive -c -osrc/addons/slot2_gbagame.o src/addons/slot2_gbagame.cpp
/usr/local/emscripten/upstream/emscripten/em++ -DGIT_VERSION=\"" b4ae0af7"\" -pthread -O3 -DNDEBUG -D__LIBRETRO__   -Isrc/libretro-common/include -Isrc -Isrc/libretro   -fpermissive -c -osrc/addons/slot2_none.o src/addons/slot2_none.cpp
/usr/local/emscripten/upstream/emscripten/em++ -DGIT_VERSION=\"" b4ae0af7"\" -pthread -O3 -DNDEBUG -D__LIBRETRO__   -Isrc/libretro-common/include -Isrc -Isrc/libretro   -fpermissive -c -osrc/addons/slot2_rumblepak.o src/addons/slot2_rumblepak.cpp
/usr/local/emscripten/upstream/emscripten/em++ -DGIT_VERSION=\"" b4ae0af7"\" -pthread -O3 -DNDEBUG -D__LIBRETRO__   -Isrc/libretro-common/include -Isrc -Isrc/libretro   -fpermissive -c -osrc/addons/slot2_guitarGrip.o src/addons/slot2_guitarGrip.cpp
/usr/local/emscripten/upstream/emscripten/em++ -DGIT_VERSION=\"" b4ae0af7"\" -pthread -O3 -DNDEBUG -D__LIBRETRO__   -Isrc/libretro-common/include -Isrc -Isrc/libretro   -fpermissive -c -osrc/addons/slot2_expMemory.o src/addons/slot2_expMemory.cpp
/usr/local/emscripten/upstream/emscripten/em++ -DGIT_VERSION=\"" b4ae0af7"\" -pthread -O3 -DNDEBUG -D__LIBRETRO__   -Isrc/libretro-common/include -Isrc -Isrc/libretro   -fpermissive -c -osrc/addons/slot2_piano.o src/addons/slot2_piano.cpp
/usr/local/emscripten/upstream/emscripten/em++ -DGIT_VERSION=\"" b4ae0af7"\" -pthread -O3 -DNDEBUG -D__LIBRETRO__   -Isrc/libretro-common/include -Isrc -Isrc/libretro   -fpermissive -c -osrc/addons/slot2_passme.o src/addons/slot2_passme.cpp
/usr/local/emscripten/upstream/emscripten/em++ -DGIT_VERSION=\"" b4ae0af7"\" -pthread -O3 -DNDEBUG -D__LIBRETRO__   -Isrc/libretro-common/include -Isrc -Isrc/libretro   -fpermissive -c -osrc/addons/slot1_none.o src/addons/slot1_none.cpp
/usr/local/emscripten/upstream/emscripten/em++ -DGIT_VERSION=\"" b4ae0af7"\" -pthread -O3 -DNDEBUG -D__LIBRETRO__   -Isrc/libretro-common/include -Isrc -Isrc/libretro   -fpermissive -c -osrc/addons/slot1_r4.o src/addons/slot1_r4.cpp
/usr/local/emscripten/upstream/emscripten/em++ -DGIT_VERSION=\"" b4ae0af7"\" -pthread -O3 -DNDEBUG -D__LIBRETRO__   -Isrc/libretro-common/include -Isrc -Isrc/libretro   -fpermissive -c -osrc/addons/slot1comp_mc.o src/addons/slot1comp_mc.cpp
/usr/local/emscripten/upstream/emscripten/em++ -DGIT_VERSION=\"" b4ae0af7"\" -pthread -O3 -DNDEBUG -D__LIBRETRO__   -Isrc/libretro-common/include -Isrc -Isrc/libretro   -fpermissive -c -osrc/addons/slot1comp_rom.o src/addons/slot1comp_rom.cpp
/usr/local/emscripten/upstream/emscripten/em++ -DGIT_VERSION=\"" b4ae0af7"\" -pthread -O3 -DNDEBUG -D__LIBRETRO__   -Isrc/libretro-common/include -Isrc -Isrc/libretro   -fpermissive -c -osrc/addons/slot1comp_protocol.o src/addons/slot1comp_protocol.cpp
/usr/local/emscripten/upstream/emscripten/em++ -DGIT_VERSION=\"" b4ae0af7"\" -pthread -O3 -DNDEBUG -D__LIBRETRO__   -Isrc/libretro-common/include -Isrc -Isrc/libretro   -fpermissive -c -osrc/addons/slot1_retail_mcrom.o src/addons/slot1_retail_mcrom.cpp
/usr/local/emscripten/upstream/emscripten/em++ -DGIT_VERSION=\"" b4ae0af7"\" -pthread -O3 -DNDEBUG -D__LIBRETRO__   -Isrc/libretro-common/include -Isrc -Isrc/libretro   -fpermissive -c -osrc/addons/slot1_retail_nand.o src/addons/slot1_retail_nand.cpp
/usr/local/emscripten/upstream/emscripten/em++ -DGIT_VERSION=\"" b4ae0af7"\" -pthread -O3 -DNDEBUG -D__LIBRETRO__   -Isrc/libretro-common/include -Isrc -Isrc/libretro   -fpermissive -c -osrc/addons/slot1_retail_auto.o src/addons/slot1_retail_auto.cpp
/usr/local/emscripten/upstream/emscripten/em++ -DGIT_VERSION=\"" b4ae0af7"\" -pthread -O3 -DNDEBUG -D__LIBRETRO__   -Isrc/libretro-common/include -Isrc -Isrc/libretro   -fpermissive -c -osrc/cheatSystem.o src/cheatSystem.cpp
/usr/local/emscripten/upstream/emscripten/em++ -DGIT_VERSION=\"" b4ae0af7"\" -pthread -O3 -DNDEBUG -D__LIBRETRO__   -Isrc/libretro-common/include -Isrc -Isrc/libretro   -fpermissive -c -osrc/texcache.o src/texcache.cpp
/usr/local/emscripten/upstream/emscripten/em++ -DGIT_VERSION=\"" b4ae0af7"\" -pthread -O3 -DNDEBUG -D__LIBRETRO__   -Isrc/libretro-common/include -Isrc -Isrc/libretro   -fpermissive -c -osrc/rasterize.o src/rasterize.cpp
/usr/local/emscripten/upstream/emscripten/em++ -DGIT_VERSION=\"" b4ae0af7"\" -pthread -O3 -DNDEBUG -D__LIBRETRO__   -Isrc/libretro-common/include -Isrc -Isrc/libretro   -fpermissive -c -osrc/mic.o src/mic.cpp
/usr/local/emscripten/upstream/emscripten/em++ -DGIT_VERSION=\"" b4ae0af7"\" -pthread -O3 -DNDEBUG -D__LIBRETRO__   -Isrc/libretro-common/include -Isrc -Isrc/libretro   -fpermissive -c -osrc/driver.o src/driver.cpp
/usr/local/emscripten/upstream/emscripten/em++ -DGIT_VERSION=\"" b4ae0af7"\" -pthread -O3 -DNDEBUG -D__LIBRETRO__   -Isrc/libretro-common/include -Isrc -Isrc/libretro   -fpermissive -c -osrc/libretro/libretro.o src/libretro/libretro.cpp
/usr/local/emscripten/upstream/emscripten/em++ -DGIT_VERSION=\"" b4ae0af7"\" -pthread -O3 -DNDEBUG -D__LIBRETRO__   -Isrc/libretro-common/include -Isrc -Isrc/libretro   -fpermissive -c -osrc/libretro/scrc32.o src/libretro/scrc32.cpp
/usr/local/emscripten/upstream/emscripten/em++ -DGIT_VERSION=\"" b4ae0af7"\" -pthread -O3 -DNDEBUG -D__LIBRETRO__   -Isrc/libretro-common/include -Isrc -Isrc/libretro   -fpermissive -c -osrc/addons/slot1_retail_mcrom_debug.o src/addons/slot1_retail_mcrom_debug.cpp
/usr/local/emscripten/upstream/emscripten/em++ -DGIT_VERSION=\"" b4ae0af7"\" -pthread -O3 -DNDEBUG -D__LIBRETRO__   -Isrc/libretro-common/include -Isrc -Isrc/libretro   -fpermissive -c -osrc/utils/fsnitro.o src/utils/fsnitro.cpp
/usr/local/emscripten/upstream/emscripten/em++ -DGIT_VERSION=\"" b4ae0af7"\" -pthread -O3 -DNDEBUG -D__LIBRETRO__   -Isrc/libretro-common/include -Isrc -Isrc/libretro   -fpermissive -c -osrc/utils/task.o src/utils/task.cpp
/usr/local/emscripten/upstream/emscripten/emcc -pthread -std=gnu99 -D__LIBRETRO__   -Isrc/libretro-common/include -Isrc -Isrc/libretro   -c -osrc/utils/libfat/partition.o src/utils/libfat/partition.c
/usr/local/emscripten/upstream/emscripten/emcc -pthread -std=gnu99 -D__LIBRETRO__   -Isrc/libretro-common/include -Isrc -Isrc/libretro   -c -osrc/utils/libfat/cache.o src/utils/libfat/cache.c
/usr/local/emscripten/upstream/emscripten/emcc -pthread -std=gnu99 -D__LIBRETRO__   -Isrc/libretro-common/include -Isrc -Isrc/libretro   -c -osrc/utils/libfat/directory.o src/utils/libfat/directory.c
/usr/local/emscripten/upstream/emscripten/emcc -pthread -std=gnu99 -D__LIBRETRO__   -Isrc/libretro-common/include -Isrc -Isrc/libretro   -c -osrc/utils/libfat/disc.o src/utils/libfat/disc.c
/usr/local/emscripten/upstream/emscripten/emcc -pthread -std=gnu99 -D__LIBRETRO__   -Isrc/libretro-common/include -Isrc -Isrc/libretro   -c -osrc/utils/libfat/fatdir.o src/utils/libfat/fatdir.c
/usr/local/emscripten/upstream/emscripten/emcc -pthread -std=gnu99 -D__LIBRETRO__   -Isrc/libretro-common/include -Isrc -Isrc/libretro   -c -osrc/utils/libfat/fatfile.o src/utils/libfat/fatfile.c
/usr/local/emscripten/upstream/emscripten/emcc -pthread -std=gnu99 -D__LIBRETRO__   -Isrc/libretro-common/include -Isrc -Isrc/libretro   -c -osrc/utils/libfat/filetime.o src/utils/libfat/filetime.c
/usr/local/emscripten/upstream/emscripten/emcc -pthread -std=gnu99 -D__LIBRETRO__   -Isrc/libretro-common/include -Isrc -Isrc/libretro   -c -osrc/utils/libfat/file_allocation_table.o src/utils/libfat/file_allocation_table.c
/usr/local/emscripten/upstream/emscripten/emcc -pthread -std=gnu99 -D__LIBRETRO__   -Isrc/libretro-common/include -Isrc -Isrc/libretro   -c -osrc/utils/libfat/libfat.o src/utils/libfat/libfat.c
/usr/local/emscripten/upstream/emscripten/emcc -pthread -std=gnu99 -D__LIBRETRO__   -Isrc/libretro-common/include -Isrc -Isrc/libretro   -c -osrc/utils/libfat/libfat_public_api.o src/utils/libfat/libfat_public_api.c
/usr/local/emscripten/upstream/emscripten/emcc -pthread -std=gnu99 -D__LIBRETRO__   -Isrc/libretro-common/include -Isrc -Isrc/libretro   -c -osrc/utils/libfat/lock.o src/utils/libfat/lock.c
/usr/local/emscripten/upstream/emscripten/emcc -pthread -std=gnu99 -D__LIBRETRO__   -Isrc/libretro-common/include -Isrc -Isrc/libretro   -c -osrc/libretro-common/rthreads/rthreads.o src/libretro-common/rthreads/rthreads.c
/usr/local/emscripten/upstream/emscripten/emcc -pthread -std=gnu99 -D__LIBRETRO__   -Isrc/libretro-common/include -Isrc -Isrc/libretro   -c -osrc/common.o src/common.c
/usr/local/emscripten/upstream/emscripten/emcc -pthread -std=gnu99 -D__LIBRETRO__   -Isrc/libretro-common/include -Isrc -Isrc/libretro   -c -osrc/utils/dlditool.o src/utils/dlditool.c
/usr/local/emscripten/upstream/emscripten/emcc -pthread -std=gnu99 -D__LIBRETRO__   -Isrc/libretro-common/include -Isrc -Isrc/libretro   -c -osrc/libretro-common/memmap/memalign.o src/libretro-common/memmap/memalign.c
/usr/local/emscripten/upstream/emscripten/emcc -pthread -std=gnu99 -D__LIBRETRO__   -Isrc/libretro-common/include -Isrc -Isrc/libretro   -c -osrc/libretro-common/streams/file_stream.o src/libretro-common/streams/file_stream.c
/usr/local/emscripten/upstream/emscripten/emcc -pthread -std=gnu99 -D__LIBRETRO__   -Isrc/libretro-common/include -Isrc -Isrc/libretro   -c -osrc/libretro-common/features/features_cpu.o src/libretro-common/features/features_cpu.c
/usr/local/emscripten/upstream/emscripten/emcc -pthread -std=gnu99 -D__LIBRETRO__   -Isrc/libretro-common/include -Isrc -Isrc/libretro   -c -osrc/libretro-common/compat/compat_strl.o src/libretro-common/compat/compat_strl.c
/usr/local/emscripten/upstream/emscripten/emcc -pthread -std=gnu99 -D__LIBRETRO__   -Isrc/libretro-common/include -Isrc -Isrc/libretro   -c -osrc/libretro-common/file/retro_dirent.o src/libretro-common/file/retro_dirent.c
/usr/local/emscripten/upstream/emscripten/emcc -pthread -std=gnu99 -D__LIBRETRO__   -Isrc/libretro-common/include -Isrc -Isrc/libretro   -c -osrc/libretro-common/file/retro_stat.o src/libretro-common/file/retro_stat.c
/usr/local/emscripten/upstream/emscripten/emcc -pthread -std=gnu99 -D__LIBRETRO__   -Isrc/libretro-common/include -Isrc -Isrc/libretro   -c -osrc/libretro-common/file/file_path.o src/libretro-common/file/file_path.c
/usr/local/emscripten/upstream/emscripten/emcc -pthread -std=gnu99 -D__LIBRETRO__   -Isrc/libretro-common/include -Isrc -Isrc/libretro   -c -osrc/libretro-common/string/stdstring.o src/libretro-common/string/stdstring.c
/usr/local/emscripten/upstream/emscripten/emcc -pthread -std=gnu99 -D__LIBRETRO__   -Isrc/libretro-common/include -Isrc -Isrc/libretro   -c -osrc/version.o src/version.c
/usr/local/emscripten/upstream/emscripten/emar rcs desmume2015_libretro_emscripten.bc src/armcpu.o src/arm_instructions.o src/bios.o src/cp15.o src/emufile.o src/encrypt.o src/FIFO.o src/firmware.o src/GPU.o src/mc.o src/path.o src/readwrite.o src/wifi.o src/MMU.o src/NDSSystem.o src/render3D.o src/rtc.o src/saves.o src/slot1.o src/slot2.o src/SPU.o src/matrix.o src/gfx3d.o src/thumb_instructions.o src/utils/advanscene.o src/utils/datetime.o src/utils/emufat.o src/utils/xstring.o src/utils/decrypt/crc.o src/utils/decrypt/decrypt.o src/utils/decrypt/header.o src/utils/vfat.o src/utils/tinyxml/tinystr.o src/utils/tinyxml/tinyxml.o src/utils/tinyxml/tinyxmlerror.o src/utils/tinyxml/tinyxmlparser.o src/addons/slot2_auto.o src/addons/slot2_mpcf.o src/addons/slot2_paddle.o src/addons/slot2_gbagame.o src/addons/slot2_none.o src/addons/slot2_rumblepak.o src/addons/slot2_guitarGrip.o src/addons/slot2_expMemory.o src/addons/slot2_piano.o src/addons/slot2_passme.o src/addons/slot1_none.o src/addons/slot1_r4.o src/addons/slot1comp_mc.o src/addons/slot1comp_rom.o src/addons/slot1comp_protocol.o src/addons/slot1_retail_mcrom.o src/addons/slot1_retail_nand.o src/addons/slot1_retail_auto.o src/cheatSystem.o src/texcache.o src/rasterize.o src/mic.o src/driver.o src/libretro/libretro.o src/libretro/scrc32.o src/addons/slot1_retail_mcrom_debug.o src/utils/fsnitro.o src/utils/task.o src/utils/libfat/partition.o src/utils/libfat/cache.o src/utils/libfat/directory.o src/utils/libfat/disc.o src/utils/libfat/fatdir.o src/utils/libfat/fatfile.o src/utils/libfat/filetime.o src/utils/libfat/file_allocation_table.o src/utils/libfat/libfat.o src/utils/libfat/libfat_public_api.o src/utils/libfat/lock.o src/libretro-common/rthreads/rthreads.o src/common.o src/utils/dlditool.o src/libretro-common/memmap/memalign.o src/libretro-common/streams/file_stream.o src/libretro-common/features/features_cpu.o src/libretro-common/compat/compat_strl.o src/libretro-common/file/retro_dirent.o src/libretro-common/file/retro_stat.o src/libretro-common/file/file_path.o src/libretro-common/string/stdstring.o src/version.o
