Already up to date.
rm -f  ./libretro.o ../../src/GearcolecoCore.o ../../src/Memory.o ../../src/Processor.o ../../src/Video.o ../../src/Audio.o ../../src/AY8910.o ../../src/Input.o ../../src/Cartridge.o ../../src/ColecoVisionIOPorts.o ../../src/opcodes.o ../../src/opcodes_cb.o ../../src/opcodes_ed.o ../../src/audio/Blip_Buffer.o ../../src/audio/Effects_Buffer.o ../../src/audio/Sms_Apu.o ../../src/audio/Multi_Buffer.o gearcoleco_libretro.so
/usr/local/emscripten/upstream/emscripten/em++ -O3 -DEMULATOR_BUILD=\"" 4c47605"\" -DGEARCOLECO_DISABLE_DISASSEMBLER -Wall -D__LIBRETRO__ -fPIC   -c -o libretro.o libretro.cpp
/usr/local/emscripten/upstream/emscripten/em++ -O3 -DEMULATOR_BUILD=\"" 4c47605"\" -DGEARCOLECO_DISABLE_DISASSEMBLER -Wall -D__LIBRETRO__ -fPIC   -c -o ../../src/GearcolecoCore.o ../../src/GearcolecoCore.cpp
/usr/local/emscripten/upstream/emscripten/em++ -O3 -DEMULATOR_BUILD=\"" 4c47605"\" -DGEARCOLECO_DISABLE_DISASSEMBLER -Wall -D__LIBRETRO__ -fPIC   -c -o ../../src/Memory.o ../../src/Memory.cpp
/usr/local/emscripten/upstream/emscripten/em++ -O3 -DEMULATOR_BUILD=\"" 4c47605"\" -DGEARCOLECO_DISABLE_DISASSEMBLER -Wall -D__LIBRETRO__ -fPIC   -c -o ../../src/Processor.o ../../src/Processor.cpp
/usr/local/emscripten/upstream/emscripten/em++ -O3 -DEMULATOR_BUILD=\"" 4c47605"\" -DGEARCOLECO_DISABLE_DISASSEMBLER -Wall -D__LIBRETRO__ -fPIC   -c -o ../../src/Video.o ../../src/Video.cpp
/usr/local/emscripten/upstream/emscripten/em++ -O3 -DEMULATOR_BUILD=\"" 4c47605"\" -DGEARCOLECO_DISABLE_DISASSEMBLER -Wall -D__LIBRETRO__ -fPIC   -c -o ../../src/Audio.o ../../src/Audio.cpp
/usr/local/emscripten/upstream/emscripten/em++ -O3 -DEMULATOR_BUILD=\"" 4c47605"\" -DGEARCOLECO_DISABLE_DISASSEMBLER -Wall -D__LIBRETRO__ -fPIC   -c -o ../../src/AY8910.o ../../src/AY8910.cpp
/usr/local/emscripten/upstream/emscripten/em++ -O3 -DEMULATOR_BUILD=\"" 4c47605"\" -DGEARCOLECO_DISABLE_DISASSEMBLER -Wall -D__LIBRETRO__ -fPIC   -c -o ../../src/Input.o ../../src/Input.cpp
/usr/local/emscripten/upstream/emscripten/em++ -O3 -DEMULATOR_BUILD=\"" 4c47605"\" -DGEARCOLECO_DISABLE_DISASSEMBLER -Wall -D__LIBRETRO__ -fPIC   -c -o ../../src/Cartridge.o ../../src/Cartridge.cpp
/usr/local/emscripten/upstream/emscripten/em++ -O3 -DEMULATOR_BUILD=\"" 4c47605"\" -DGEARCOLECO_DISABLE_DISASSEMBLER -Wall -D__LIBRETRO__ -fPIC   -c -o ../../src/ColecoVisionIOPorts.o ../../src/ColecoVisionIOPorts.cpp
/usr/local/emscripten/upstream/emscripten/em++ -O3 -DEMULATOR_BUILD=\"" 4c47605"\" -DGEARCOLECO_DISABLE_DISASSEMBLER -Wall -D__LIBRETRO__ -fPIC   -c -o ../../src/opcodes.o ../../src/opcodes.cpp
/usr/local/emscripten/upstream/emscripten/em++ -O3 -DEMULATOR_BUILD=\"" 4c47605"\" -DGEARCOLECO_DISABLE_DISASSEMBLER -Wall -D__LIBRETRO__ -fPIC   -c -o ../../src/opcodes_cb.o ../../src/opcodes_cb.cpp
/usr/local/emscripten/upstream/emscripten/em++ -O3 -DEMULATOR_BUILD=\"" 4c47605"\" -DGEARCOLECO_DISABLE_DISASSEMBLER -Wall -D__LIBRETRO__ -fPIC   -c -o ../../src/opcodes_ed.o ../../src/opcodes_ed.cpp
/usr/local/emscripten/upstream/emscripten/em++ -O3 -DEMULATOR_BUILD=\"" 4c47605"\" -DGEARCOLECO_DISABLE_DISASSEMBLER -Wall -D__LIBRETRO__ -fPIC   -c -o ../../src/audio/Blip_Buffer.o ../../src/audio/Blip_Buffer.cpp
/usr/local/emscripten/upstream/emscripten/em++ -O3 -DEMULATOR_BUILD=\"" 4c47605"\" -DGEARCOLECO_DISABLE_DISASSEMBLER -Wall -D__LIBRETRO__ -fPIC   -c -o ../../src/audio/Effects_Buffer.o ../../src/audio/Effects_Buffer.cpp
/usr/local/emscripten/upstream/emscripten/em++ -O3 -DEMULATOR_BUILD=\"" 4c47605"\" -DGEARCOLECO_DISABLE_DISASSEMBLER -Wall -D__LIBRETRO__ -fPIC   -c -o ../../src/audio/Sms_Apu.o ../../src/audio/Sms_Apu.cpp
/usr/local/emscripten/upstream/emscripten/em++ -O3 -DEMULATOR_BUILD=\"" 4c47605"\" -DGEARCOLECO_DISABLE_DISASSEMBLER -Wall -D__LIBRETRO__ -fPIC   -c -o ../../src/audio/Multi_Buffer.o ../../src/audio/Multi_Buffer.cpp
/usr/local/emscripten/upstream/emscripten/emar rcs gearcoleco_libretro_emscripten.bc  ./libretro.o ../../src/GearcolecoCore.o ../../src/Memory.o ../../src/Processor.o ../../src/Video.o ../../src/Audio.o ../../src/AY8910.o ../../src/Input.o ../../src/Cartridge.o ../../src/ColecoVisionIOPorts.o ../../src/opcodes.o ../../src/opcodes_cb.o ../../src/opcodes_ed.o ../../src/audio/Blip_Buffer.o ../../src/audio/Effects_Buffer.o ../../src/audio/Sms_Apu.o ../../src/audio/Multi_Buffer.o
rm -f  ./libretro.o ../../src/GearcolecoCore.o ../../src/Memory.o ../../src/Processor.o ../../src/Video.o ../../src/Audio.o ../../src/AY8910.o ../../src/Input.o ../../src/Cartridge.o ../../src/ColecoVisionIOPorts.o ../../src/opcodes.o ../../src/opcodes_cb.o ../../src/opcodes_ed.o ../../src/audio/Blip_Buffer.o ../../src/audio/Effects_Buffer.o ../../src/audio/Sms_Apu.o ../../src/audio/Multi_Buffer.o gearcoleco_libretro.so
/usr/local/emscripten/upstream/emscripten/em++ -pthread -O3 -DEMULATOR_BUILD=\"" 4c47605"\" -DGEARCOLECO_DISABLE_DISASSEMBLER -Wall -D__LIBRETRO__ -fPIC   -c -o libretro.o libretro.cpp
/usr/local/emscripten/upstream/emscripten/em++ -pthread -O3 -DEMULATOR_BUILD=\"" 4c47605"\" -DGEARCOLECO_DISABLE_DISASSEMBLER -Wall -D__LIBRETRO__ -fPIC   -c -o ../../src/GearcolecoCore.o ../../src/GearcolecoCore.cpp
/usr/local/emscripten/upstream/emscripten/em++ -pthread -O3 -DEMULATOR_BUILD=\"" 4c47605"\" -DGEARCOLECO_DISABLE_DISASSEMBLER -Wall -D__LIBRETRO__ -fPIC   -c -o ../../src/Memory.o ../../src/Memory.cpp
/usr/local/emscripten/upstream/emscripten/em++ -pthread -O3 -DEMULATOR_BUILD=\"" 4c47605"\" -DGEARCOLECO_DISABLE_DISASSEMBLER -Wall -D__LIBRETRO__ -fPIC   -c -o ../../src/Processor.o ../../src/Processor.cpp
/usr/local/emscripten/upstream/emscripten/em++ -pthread -O3 -DEMULATOR_BUILD=\"" 4c47605"\" -DGEARCOLECO_DISABLE_DISASSEMBLER -Wall -D__LIBRETRO__ -fPIC   -c -o ../../src/Video.o ../../src/Video.cpp
/usr/local/emscripten/upstream/emscripten/em++ -pthread -O3 -DEMULATOR_BUILD=\"" 4c47605"\" -DGEARCOLECO_DISABLE_DISASSEMBLER -Wall -D__LIBRETRO__ -fPIC   -c -o ../../src/Audio.o ../../src/Audio.cpp
/usr/local/emscripten/upstream/emscripten/em++ -pthread -O3 -DEMULATOR_BUILD=\"" 4c47605"\" -DGEARCOLECO_DISABLE_DISASSEMBLER -Wall -D__LIBRETRO__ -fPIC   -c -o ../../src/AY8910.o ../../src/AY8910.cpp
/usr/local/emscripten/upstream/emscripten/em++ -pthread -O3 -DEMULATOR_BUILD=\"" 4c47605"\" -DGEARCOLECO_DISABLE_DISASSEMBLER -Wall -D__LIBRETRO__ -fPIC   -c -o ../../src/Input.o ../../src/Input.cpp
/usr/local/emscripten/upstream/emscripten/em++ -pthread -O3 -DEMULATOR_BUILD=\"" 4c47605"\" -DGEARCOLECO_DISABLE_DISASSEMBLER -Wall -D__LIBRETRO__ -fPIC   -c -o ../../src/Cartridge.o ../../src/Cartridge.cpp
/usr/local/emscripten/upstream/emscripten/em++ -pthread -O3 -DEMULATOR_BUILD=\"" 4c47605"\" -DGEARCOLECO_DISABLE_DISASSEMBLER -Wall -D__LIBRETRO__ -fPIC   -c -o ../../src/ColecoVisionIOPorts.o ../../src/ColecoVisionIOPorts.cpp
/usr/local/emscripten/upstream/emscripten/em++ -pthread -O3 -DEMULATOR_BUILD=\"" 4c47605"\" -DGEARCOLECO_DISABLE_DISASSEMBLER -Wall -D__LIBRETRO__ -fPIC   -c -o ../../src/opcodes.o ../../src/opcodes.cpp
/usr/local/emscripten/upstream/emscripten/em++ -pthread -O3 -DEMULATOR_BUILD=\"" 4c47605"\" -DGEARCOLECO_DISABLE_DISASSEMBLER -Wall -D__LIBRETRO__ -fPIC   -c -o ../../src/opcodes_cb.o ../../src/opcodes_cb.cpp
/usr/local/emscripten/upstream/emscripten/em++ -pthread -O3 -DEMULATOR_BUILD=\"" 4c47605"\" -DGEARCOLECO_DISABLE_DISASSEMBLER -Wall -D__LIBRETRO__ -fPIC   -c -o ../../src/opcodes_ed.o ../../src/opcodes_ed.cpp
/usr/local/emscripten/upstream/emscripten/em++ -pthread -O3 -DEMULATOR_BUILD=\"" 4c47605"\" -DGEARCOLECO_DISABLE_DISASSEMBLER -Wall -D__LIBRETRO__ -fPIC   -c -o ../../src/audio/Blip_Buffer.o ../../src/audio/Blip_Buffer.cpp
/usr/local/emscripten/upstream/emscripten/em++ -pthread -O3 -DEMULATOR_BUILD=\"" 4c47605"\" -DGEARCOLECO_DISABLE_DISASSEMBLER -Wall -D__LIBRETRO__ -fPIC   -c -o ../../src/audio/Effects_Buffer.o ../../src/audio/Effects_Buffer.cpp
/usr/local/emscripten/upstream/emscripten/em++ -pthread -O3 -DEMULATOR_BUILD=\"" 4c47605"\" -DGEARCOLECO_DISABLE_DISASSEMBLER -Wall -D__LIBRETRO__ -fPIC   -c -o ../../src/audio/Sms_Apu.o ../../src/audio/Sms_Apu.cpp
/usr/local/emscripten/upstream/emscripten/em++ -pthread -O3 -DEMULATOR_BUILD=\"" 4c47605"\" -DGEARCOLECO_DISABLE_DISASSEMBLER -Wall -D__LIBRETRO__ -fPIC   -c -o ../../src/audio/Multi_Buffer.o ../../src/audio/Multi_Buffer.cpp
/usr/local/emscripten/upstream/emscripten/emar rcs gearcoleco_libretro_emscripten.bc  ./libretro.o ../../src/GearcolecoCore.o ../../src/Memory.o ../../src/Processor.o ../../src/Video.o ../../src/Audio.o ../../src/AY8910.o ../../src/Input.o ../../src/Cartridge.o ../../src/ColecoVisionIOPorts.o ../../src/opcodes.o ../../src/opcodes_cb.o ../../src/opcodes_ed.o ../../src/audio/Blip_Buffer.o ../../src/audio/Effects_Buffer.o ../../src/audio/Sms_Apu.o ../../src/audio/Multi_Buffer.o
rm -f  ./libretro.o ../../src/GearcolecoCore.o ../../src/Memory.o ../../src/Processor.o ../../src/Video.o ../../src/Audio.o ../../src/AY8910.o ../../src/Input.o ../../src/Cartridge.o ../../src/ColecoVisionIOPorts.o ../../src/opcodes.o ../../src/opcodes_cb.o ../../src/opcodes_ed.o ../../src/audio/Blip_Buffer.o ../../src/audio/Effects_Buffer.o ../../src/audio/Sms_Apu.o ../../src/audio/Multi_Buffer.o gearcoleco_libretro.so
/usr/local/emscripten/upstream/emscripten/em++ -O3 -DEMULATOR_BUILD=\"" 4c47605"\" -DGEARCOLECO_DISABLE_DISASSEMBLER -Wall -D__LIBRETRO__ -fPIC   -c -o libretro.o libretro.cpp
/usr/local/emscripten/upstream/emscripten/em++ -O3 -DEMULATOR_BUILD=\"" 4c47605"\" -DGEARCOLECO_DISABLE_DISASSEMBLER -Wall -D__LIBRETRO__ -fPIC   -c -o ../../src/GearcolecoCore.o ../../src/GearcolecoCore.cpp
/usr/local/emscripten/upstream/emscripten/em++ -O3 -DEMULATOR_BUILD=\"" 4c47605"\" -DGEARCOLECO_DISABLE_DISASSEMBLER -Wall -D__LIBRETRO__ -fPIC   -c -o ../../src/Memory.o ../../src/Memory.cpp
/usr/local/emscripten/upstream/emscripten/em++ -O3 -DEMULATOR_BUILD=\"" 4c47605"\" -DGEARCOLECO_DISABLE_DISASSEMBLER -Wall -D__LIBRETRO__ -fPIC   -c -o ../../src/Processor.o ../../src/Processor.cpp
/usr/local/emscripten/upstream/emscripten/em++ -O3 -DEMULATOR_BUILD=\"" 4c47605"\" -DGEARCOLECO_DISABLE_DISASSEMBLER -Wall -D__LIBRETRO__ -fPIC   -c -o ../../src/Video.o ../../src/Video.cpp
/usr/local/emscripten/upstream/emscripten/em++ -O3 -DEMULATOR_BUILD=\"" 4c47605"\" -DGEARCOLECO_DISABLE_DISASSEMBLER -Wall -D__LIBRETRO__ -fPIC   -c -o ../../src/Audio.o ../../src/Audio.cpp
/usr/local/emscripten/upstream/emscripten/em++ -O3 -DEMULATOR_BUILD=\"" 4c47605"\" -DGEARCOLECO_DISABLE_DISASSEMBLER -Wall -D__LIBRETRO__ -fPIC   -c -o ../../src/AY8910.o ../../src/AY8910.cpp
/usr/local/emscripten/upstream/emscripten/em++ -O3 -DEMULATOR_BUILD=\"" 4c47605"\" -DGEARCOLECO_DISABLE_DISASSEMBLER -Wall -D__LIBRETRO__ -fPIC   -c -o ../../src/Input.o ../../src/Input.cpp
/usr/local/emscripten/upstream/emscripten/em++ -O3 -DEMULATOR_BUILD=\"" 4c47605"\" -DGEARCOLECO_DISABLE_DISASSEMBLER -Wall -D__LIBRETRO__ -fPIC   -c -o ../../src/Cartridge.o ../../src/Cartridge.cpp
/usr/local/emscripten/upstream/emscripten/em++ -O3 -DEMULATOR_BUILD=\"" 4c47605"\" -DGEARCOLECO_DISABLE_DISASSEMBLER -Wall -D__LIBRETRO__ -fPIC   -c -o ../../src/ColecoVisionIOPorts.o ../../src/ColecoVisionIOPorts.cpp
/usr/local/emscripten/upstream/emscripten/em++ -O3 -DEMULATOR_BUILD=\"" 4c47605"\" -DGEARCOLECO_DISABLE_DISASSEMBLER -Wall -D__LIBRETRO__ -fPIC   -c -o ../../src/opcodes.o ../../src/opcodes.cpp
/usr/local/emscripten/upstream/emscripten/em++ -O3 -DEMULATOR_BUILD=\"" 4c47605"\" -DGEARCOLECO_DISABLE_DISASSEMBLER -Wall -D__LIBRETRO__ -fPIC   -c -o ../../src/opcodes_cb.o ../../src/opcodes_cb.cpp
/usr/local/emscripten/upstream/emscripten/em++ -O3 -DEMULATOR_BUILD=\"" 4c47605"\" -DGEARCOLECO_DISABLE_DISASSEMBLER -Wall -D__LIBRETRO__ -fPIC   -c -o ../../src/opcodes_ed.o ../../src/opcodes_ed.cpp
/usr/local/emscripten/upstream/emscripten/em++ -O3 -DEMULATOR_BUILD=\"" 4c47605"\" -DGEARCOLECO_DISABLE_DISASSEMBLER -Wall -D__LIBRETRO__ -fPIC   -c -o ../../src/audio/Blip_Buffer.o ../../src/audio/Blip_Buffer.cpp
/usr/local/emscripten/upstream/emscripten/em++ -O3 -DEMULATOR_BUILD=\"" 4c47605"\" -DGEARCOLECO_DISABLE_DISASSEMBLER -Wall -D__LIBRETRO__ -fPIC   -c -o ../../src/audio/Effects_Buffer.o ../../src/audio/Effects_Buffer.cpp
/usr/local/emscripten/upstream/emscripten/em++ -O3 -DEMULATOR_BUILD=\"" 4c47605"\" -DGEARCOLECO_DISABLE_DISASSEMBLER -Wall -D__LIBRETRO__ -fPIC   -c -o ../../src/audio/Sms_Apu.o ../../src/audio/Sms_Apu.cpp
/usr/local/emscripten/upstream/emscripten/em++ -O3 -DEMULATOR_BUILD=\"" 4c47605"\" -DGEARCOLECO_DISABLE_DISASSEMBLER -Wall -D__LIBRETRO__ -fPIC   -c -o ../../src/audio/Multi_Buffer.o ../../src/audio/Multi_Buffer.cpp
/usr/local/emscripten/upstream/emscripten/emar rcs gearcoleco_libretro_emscripten.bc  ./libretro.o ../../src/GearcolecoCore.o ../../src/Memory.o ../../src/Processor.o ../../src/Video.o ../../src/Audio.o ../../src/AY8910.o ../../src/Input.o ../../src/Cartridge.o ../../src/ColecoVisionIOPorts.o ../../src/opcodes.o ../../src/opcodes_cb.o ../../src/opcodes_ed.o ../../src/audio/Blip_Buffer.o ../../src/audio/Effects_Buffer.o ../../src/audio/Sms_Apu.o ../../src/audio/Multi_Buffer.o
rm -f  ./libretro.o ../../src/GearcolecoCore.o ../../src/Memory.o ../../src/Processor.o ../../src/Video.o ../../src/Audio.o ../../src/AY8910.o ../../src/Input.o ../../src/Cartridge.o ../../src/ColecoVisionIOPorts.o ../../src/opcodes.o ../../src/opcodes_cb.o ../../src/opcodes_ed.o ../../src/audio/Blip_Buffer.o ../../src/audio/Effects_Buffer.o ../../src/audio/Sms_Apu.o ../../src/audio/Multi_Buffer.o gearcoleco_libretro.so
/usr/local/emscripten/upstream/emscripten/em++ -pthread -O3 -DEMULATOR_BUILD=\"" 4c47605"\" -DGEARCOLECO_DISABLE_DISASSEMBLER -Wall -D__LIBRETRO__ -fPIC   -c -o libretro.o libretro.cpp
/usr/local/emscripten/upstream/emscripten/em++ -pthread -O3 -DEMULATOR_BUILD=\"" 4c47605"\" -DGEARCOLECO_DISABLE_DISASSEMBLER -Wall -D__LIBRETRO__ -fPIC   -c -o ../../src/GearcolecoCore.o ../../src/GearcolecoCore.cpp
/usr/local/emscripten/upstream/emscripten/em++ -pthread -O3 -DEMULATOR_BUILD=\"" 4c47605"\" -DGEARCOLECO_DISABLE_DISASSEMBLER -Wall -D__LIBRETRO__ -fPIC   -c -o ../../src/Memory.o ../../src/Memory.cpp
/usr/local/emscripten/upstream/emscripten/em++ -pthread -O3 -DEMULATOR_BUILD=\"" 4c47605"\" -DGEARCOLECO_DISABLE_DISASSEMBLER -Wall -D__LIBRETRO__ -fPIC   -c -o ../../src/Processor.o ../../src/Processor.cpp
/usr/local/emscripten/upstream/emscripten/em++ -pthread -O3 -DEMULATOR_BUILD=\"" 4c47605"\" -DGEARCOLECO_DISABLE_DISASSEMBLER -Wall -D__LIBRETRO__ -fPIC   -c -o ../../src/Video.o ../../src/Video.cpp
/usr/local/emscripten/upstream/emscripten/em++ -pthread -O3 -DEMULATOR_BUILD=\"" 4c47605"\" -DGEARCOLECO_DISABLE_DISASSEMBLER -Wall -D__LIBRETRO__ -fPIC   -c -o ../../src/Audio.o ../../src/Audio.cpp
/usr/local/emscripten/upstream/emscripten/em++ -pthread -O3 -DEMULATOR_BUILD=\"" 4c47605"\" -DGEARCOLECO_DISABLE_DISASSEMBLER -Wall -D__LIBRETRO__ -fPIC   -c -o ../../src/AY8910.o ../../src/AY8910.cpp
/usr/local/emscripten/upstream/emscripten/em++ -pthread -O3 -DEMULATOR_BUILD=\"" 4c47605"\" -DGEARCOLECO_DISABLE_DISASSEMBLER -Wall -D__LIBRETRO__ -fPIC   -c -o ../../src/Input.o ../../src/Input.cpp
/usr/local/emscripten/upstream/emscripten/em++ -pthread -O3 -DEMULATOR_BUILD=\"" 4c47605"\" -DGEARCOLECO_DISABLE_DISASSEMBLER -Wall -D__LIBRETRO__ -fPIC   -c -o ../../src/Cartridge.o ../../src/Cartridge.cpp
/usr/local/emscripten/upstream/emscripten/em++ -pthread -O3 -DEMULATOR_BUILD=\"" 4c47605"\" -DGEARCOLECO_DISABLE_DISASSEMBLER -Wall -D__LIBRETRO__ -fPIC   -c -o ../../src/ColecoVisionIOPorts.o ../../src/ColecoVisionIOPorts.cpp
/usr/local/emscripten/upstream/emscripten/em++ -pthread -O3 -DEMULATOR_BUILD=\"" 4c47605"\" -DGEARCOLECO_DISABLE_DISASSEMBLER -Wall -D__LIBRETRO__ -fPIC   -c -o ../../src/opcodes.o ../../src/opcodes.cpp
/usr/local/emscripten/upstream/emscripten/em++ -pthread -O3 -DEMULATOR_BUILD=\"" 4c47605"\" -DGEARCOLECO_DISABLE_DISASSEMBLER -Wall -D__LIBRETRO__ -fPIC   -c -o ../../src/opcodes_cb.o ../../src/opcodes_cb.cpp
/usr/local/emscripten/upstream/emscripten/em++ -pthread -O3 -DEMULATOR_BUILD=\"" 4c47605"\" -DGEARCOLECO_DISABLE_DISASSEMBLER -Wall -D__LIBRETRO__ -fPIC   -c -o ../../src/opcodes_ed.o ../../src/opcodes_ed.cpp
/usr/local/emscripten/upstream/emscripten/em++ -pthread -O3 -DEMULATOR_BUILD=\"" 4c47605"\" -DGEARCOLECO_DISABLE_DISASSEMBLER -Wall -D__LIBRETRO__ -fPIC   -c -o ../../src/audio/Blip_Buffer.o ../../src/audio/Blip_Buffer.cpp
/usr/local/emscripten/upstream/emscripten/em++ -pthread -O3 -DEMULATOR_BUILD=\"" 4c47605"\" -DGEARCOLECO_DISABLE_DISASSEMBLER -Wall -D__LIBRETRO__ -fPIC   -c -o ../../src/audio/Effects_Buffer.o ../../src/audio/Effects_Buffer.cpp
/usr/local/emscripten/upstream/emscripten/em++ -pthread -O3 -DEMULATOR_BUILD=\"" 4c47605"\" -DGEARCOLECO_DISABLE_DISASSEMBLER -Wall -D__LIBRETRO__ -fPIC   -c -o ../../src/audio/Sms_Apu.o ../../src/audio/Sms_Apu.cpp
/usr/local/emscripten/upstream/emscripten/em++ -pthread -O3 -DEMULATOR_BUILD=\"" 4c47605"\" -DGEARCOLECO_DISABLE_DISASSEMBLER -Wall -D__LIBRETRO__ -fPIC   -c -o ../../src/audio/Multi_Buffer.o ../../src/audio/Multi_Buffer.cpp
/usr/local/emscripten/upstream/emscripten/emar rcs gearcoleco_libretro_emscripten.bc  ./libretro.o ../../src/GearcolecoCore.o ../../src/Memory.o ../../src/Processor.o ../../src/Video.o ../../src/Audio.o ../../src/AY8910.o ../../src/Input.o ../../src/Cartridge.o ../../src/ColecoVisionIOPorts.o ../../src/opcodes.o ../../src/opcodes_cb.o ../../src/opcodes_ed.o ../../src/audio/Blip_Buffer.o ../../src/audio/Effects_Buffer.o ../../src/audio/Sms_Apu.o ../../src/audio/Multi_Buffer.o
