Already up to date.
rm -f ./lynx/lynxdec.o ./lynx/cart.o ./lynx/memmap.o ./lynx/mikie.o ./lynx/ram.o ./lynx/rom.o ./lynx/susie.o ./lynx/system.o ./lynx/eeprom.o ./libretro/libretro.o ./blip/Blip_Buffer.o ./blip/Stereo_Buffer.o ./libretro-common/compat/compat_posix_string.o ./libretro-common/compat/compat_snprintf.o ./libretro-common/compat/compat_strcasestr.o ./libretro-common/compat/compat_strl.o ./libretro-common/compat/fopen_utf8.o ./libretro-common/encodings/encoding_utf.o ./libretro-common/file/file_path.o ./libretro-common/file/file_path_io.o ./libretro-common/streams/file_stream.o ./libretro-common/streams/file_stream_transforms.o ./libretro-common/string/stdstring.o ./libretro-common/time/rtime.o ./libretro-common/vfs/vfs_implementation.o
rm -f handy_libretro.so
/usr/local/emscripten/upstream/emscripten/em++ -c -olynx/lynxdec.o lynx/lynxdec.cpp -DGIT_VERSION=\"" 0824886"\" -DFRONTEND_SUPPORTS_RGB565 -O3 -DNDEBUG -fomit-frame-pointer -I.    -DWANT_CRC32 -I./lynx -I./libretro -I. -I./libretro-common/include  
/usr/local/emscripten/upstream/emscripten/em++ -c -olynx/cart.o lynx/cart.cpp -DGIT_VERSION=\"" 0824886"\" -DFRONTEND_SUPPORTS_RGB565 -O3 -DNDEBUG -fomit-frame-pointer -I.    -DWANT_CRC32 -I./lynx -I./libretro -I. -I./libretro-common/include  
/usr/local/emscripten/upstream/emscripten/em++ -c -olynx/memmap.o lynx/memmap.cpp -DGIT_VERSION=\"" 0824886"\" -DFRONTEND_SUPPORTS_RGB565 -O3 -DNDEBUG -fomit-frame-pointer -I.    -DWANT_CRC32 -I./lynx -I./libretro -I. -I./libretro-common/include  
/usr/local/emscripten/upstream/emscripten/em++ -c -olynx/mikie.o lynx/mikie.cpp -DGIT_VERSION=\"" 0824886"\" -DFRONTEND_SUPPORTS_RGB565 -O3 -DNDEBUG -fomit-frame-pointer -I.    -DWANT_CRC32 -I./lynx -I./libretro -I. -I./libretro-common/include  
/usr/local/emscripten/upstream/emscripten/em++ -c -olynx/ram.o lynx/ram.cpp -DGIT_VERSION=\"" 0824886"\" -DFRONTEND_SUPPORTS_RGB565 -O3 -DNDEBUG -fomit-frame-pointer -I.    -DWANT_CRC32 -I./lynx -I./libretro -I. -I./libretro-common/include  
/usr/local/emscripten/upstream/emscripten/em++ -c -olynx/rom.o lynx/rom.cpp -DGIT_VERSION=\"" 0824886"\" -DFRONTEND_SUPPORTS_RGB565 -O3 -DNDEBUG -fomit-frame-pointer -I.    -DWANT_CRC32 -I./lynx -I./libretro -I. -I./libretro-common/include  
/usr/local/emscripten/upstream/emscripten/em++ -c -olynx/susie.o lynx/susie.cpp -DGIT_VERSION=\"" 0824886"\" -DFRONTEND_SUPPORTS_RGB565 -O3 -DNDEBUG -fomit-frame-pointer -I.    -DWANT_CRC32 -I./lynx -I./libretro -I. -I./libretro-common/include  
/usr/local/emscripten/upstream/emscripten/em++ -c -olynx/system.o lynx/system.cpp -DGIT_VERSION=\"" 0824886"\" -DFRONTEND_SUPPORTS_RGB565 -O3 -DNDEBUG -fomit-frame-pointer -I.    -DWANT_CRC32 -I./lynx -I./libretro -I. -I./libretro-common/include  
/usr/local/emscripten/upstream/emscripten/em++ -c -olynx/eeprom.o lynx/eeprom.cpp -DGIT_VERSION=\"" 0824886"\" -DFRONTEND_SUPPORTS_RGB565 -O3 -DNDEBUG -fomit-frame-pointer -I.    -DWANT_CRC32 -I./lynx -I./libretro -I. -I./libretro-common/include  
/usr/local/emscripten/upstream/emscripten/em++ -c -olibretro/libretro.o libretro/libretro.cpp -DGIT_VERSION=\"" 0824886"\" -DFRONTEND_SUPPORTS_RGB565 -O3 -DNDEBUG -fomit-frame-pointer -I.    -DWANT_CRC32 -I./lynx -I./libretro -I. -I./libretro-common/include  
/usr/local/emscripten/upstream/emscripten/em++ -c -oblip/Blip_Buffer.o blip/Blip_Buffer.cpp -DGIT_VERSION=\"" 0824886"\" -DFRONTEND_SUPPORTS_RGB565 -O3 -DNDEBUG -fomit-frame-pointer -I.    -DWANT_CRC32 -I./lynx -I./libretro -I. -I./libretro-common/include  
/usr/local/emscripten/upstream/emscripten/em++ -c -oblip/Stereo_Buffer.o blip/Stereo_Buffer.cpp -DGIT_VERSION=\"" 0824886"\" -DFRONTEND_SUPPORTS_RGB565 -O3 -DNDEBUG -fomit-frame-pointer -I.    -DWANT_CRC32 -I./lynx -I./libretro -I. -I./libretro-common/include  
/usr/local/emscripten/upstream/emscripten/emar rcs handy_libretro_emscripten.bc ./lynx/lynxdec.o ./lynx/cart.o ./lynx/memmap.o ./lynx/mikie.o ./lynx/ram.o ./lynx/rom.o ./lynx/susie.o ./lynx/system.o ./lynx/eeprom.o ./libretro/libretro.o ./blip/Blip_Buffer.o ./blip/Stereo_Buffer.o 
rm -f ./lynx/lynxdec.o ./lynx/cart.o ./lynx/memmap.o ./lynx/mikie.o ./lynx/ram.o ./lynx/rom.o ./lynx/susie.o ./lynx/system.o ./lynx/eeprom.o ./libretro/libretro.o ./blip/Blip_Buffer.o ./blip/Stereo_Buffer.o ./libretro-common/compat/compat_posix_string.o ./libretro-common/compat/compat_snprintf.o ./libretro-common/compat/compat_strcasestr.o ./libretro-common/compat/compat_strl.o ./libretro-common/compat/fopen_utf8.o ./libretro-common/encodings/encoding_utf.o ./libretro-common/file/file_path.o ./libretro-common/file/file_path_io.o ./libretro-common/streams/file_stream.o ./libretro-common/streams/file_stream_transforms.o ./libretro-common/string/stdstring.o ./libretro-common/time/rtime.o ./libretro-common/vfs/vfs_implementation.o
rm -f handy_libretro.so
/usr/local/emscripten/upstream/emscripten/em++ -c -olynx/lynxdec.o lynx/lynxdec.cpp -DGIT_VERSION=\"" 0824886"\" -pthread -DFRONTEND_SUPPORTS_RGB565 -O3 -DNDEBUG -fomit-frame-pointer -I.    -DWANT_CRC32 -I./lynx -I./libretro -I. -I./libretro-common/include  
/usr/local/emscripten/upstream/emscripten/em++ -c -olynx/cart.o lynx/cart.cpp -DGIT_VERSION=\"" 0824886"\" -pthread -DFRONTEND_SUPPORTS_RGB565 -O3 -DNDEBUG -fomit-frame-pointer -I.    -DWANT_CRC32 -I./lynx -I./libretro -I. -I./libretro-common/include  
/usr/local/emscripten/upstream/emscripten/em++ -c -olynx/memmap.o lynx/memmap.cpp -DGIT_VERSION=\"" 0824886"\" -pthread -DFRONTEND_SUPPORTS_RGB565 -O3 -DNDEBUG -fomit-frame-pointer -I.    -DWANT_CRC32 -I./lynx -I./libretro -I. -I./libretro-common/include  
/usr/local/emscripten/upstream/emscripten/em++ -c -olynx/mikie.o lynx/mikie.cpp -DGIT_VERSION=\"" 0824886"\" -pthread -DFRONTEND_SUPPORTS_RGB565 -O3 -DNDEBUG -fomit-frame-pointer -I.    -DWANT_CRC32 -I./lynx -I./libretro -I. -I./libretro-common/include  
/usr/local/emscripten/upstream/emscripten/em++ -c -olynx/ram.o lynx/ram.cpp -DGIT_VERSION=\"" 0824886"\" -pthread -DFRONTEND_SUPPORTS_RGB565 -O3 -DNDEBUG -fomit-frame-pointer -I.    -DWANT_CRC32 -I./lynx -I./libretro -I. -I./libretro-common/include  
/usr/local/emscripten/upstream/emscripten/em++ -c -olynx/rom.o lynx/rom.cpp -DGIT_VERSION=\"" 0824886"\" -pthread -DFRONTEND_SUPPORTS_RGB565 -O3 -DNDEBUG -fomit-frame-pointer -I.    -DWANT_CRC32 -I./lynx -I./libretro -I. -I./libretro-common/include  
/usr/local/emscripten/upstream/emscripten/em++ -c -olynx/susie.o lynx/susie.cpp -DGIT_VERSION=\"" 0824886"\" -pthread -DFRONTEND_SUPPORTS_RGB565 -O3 -DNDEBUG -fomit-frame-pointer -I.    -DWANT_CRC32 -I./lynx -I./libretro -I. -I./libretro-common/include  
/usr/local/emscripten/upstream/emscripten/em++ -c -olynx/system.o lynx/system.cpp -DGIT_VERSION=\"" 0824886"\" -pthread -DFRONTEND_SUPPORTS_RGB565 -O3 -DNDEBUG -fomit-frame-pointer -I.    -DWANT_CRC32 -I./lynx -I./libretro -I. -I./libretro-common/include  
/usr/local/emscripten/upstream/emscripten/em++ -c -olynx/eeprom.o lynx/eeprom.cpp -DGIT_VERSION=\"" 0824886"\" -pthread -DFRONTEND_SUPPORTS_RGB565 -O3 -DNDEBUG -fomit-frame-pointer -I.    -DWANT_CRC32 -I./lynx -I./libretro -I. -I./libretro-common/include  
/usr/local/emscripten/upstream/emscripten/em++ -c -olibretro/libretro.o libretro/libretro.cpp -DGIT_VERSION=\"" 0824886"\" -pthread -DFRONTEND_SUPPORTS_RGB565 -O3 -DNDEBUG -fomit-frame-pointer -I.    -DWANT_CRC32 -I./lynx -I./libretro -I. -I./libretro-common/include  
/usr/local/emscripten/upstream/emscripten/em++ -c -oblip/Blip_Buffer.o blip/Blip_Buffer.cpp -DGIT_VERSION=\"" 0824886"\" -pthread -DFRONTEND_SUPPORTS_RGB565 -O3 -DNDEBUG -fomit-frame-pointer -I.    -DWANT_CRC32 -I./lynx -I./libretro -I. -I./libretro-common/include  
/usr/local/emscripten/upstream/emscripten/em++ -c -oblip/Stereo_Buffer.o blip/Stereo_Buffer.cpp -DGIT_VERSION=\"" 0824886"\" -pthread -DFRONTEND_SUPPORTS_RGB565 -O3 -DNDEBUG -fomit-frame-pointer -I.    -DWANT_CRC32 -I./lynx -I./libretro -I. -I./libretro-common/include  
/usr/local/emscripten/upstream/emscripten/emar rcs handy_libretro_emscripten.bc ./lynx/lynxdec.o ./lynx/cart.o ./lynx/memmap.o ./lynx/mikie.o ./lynx/ram.o ./lynx/rom.o ./lynx/susie.o ./lynx/system.o ./lynx/eeprom.o ./libretro/libretro.o ./blip/Blip_Buffer.o ./blip/Stereo_Buffer.o 
rm -f ./lynx/lynxdec.o ./lynx/cart.o ./lynx/memmap.o ./lynx/mikie.o ./lynx/ram.o ./lynx/rom.o ./lynx/susie.o ./lynx/system.o ./lynx/eeprom.o ./libretro/libretro.o ./blip/Blip_Buffer.o ./blip/Stereo_Buffer.o ./libretro-common/compat/compat_posix_string.o ./libretro-common/compat/compat_snprintf.o ./libretro-common/compat/compat_strcasestr.o ./libretro-common/compat/compat_strl.o ./libretro-common/compat/fopen_utf8.o ./libretro-common/encodings/encoding_utf.o ./libretro-common/file/file_path.o ./libretro-common/file/file_path_io.o ./libretro-common/streams/file_stream.o ./libretro-common/streams/file_stream_transforms.o ./libretro-common/string/stdstring.o ./libretro-common/time/rtime.o ./libretro-common/vfs/vfs_implementation.o
rm -f handy_libretro.so
/usr/local/emscripten/upstream/emscripten/em++ -c -olynx/lynxdec.o lynx/lynxdec.cpp -DGIT_VERSION=\"" 0824886"\" -DFRONTEND_SUPPORTS_RGB565 -O3 -DNDEBUG -fomit-frame-pointer -I.    -DWANT_CRC32 -I./lynx -I./libretro -I. -I./libretro-common/include  
/usr/local/emscripten/upstream/emscripten/em++ -c -olynx/cart.o lynx/cart.cpp -DGIT_VERSION=\"" 0824886"\" -DFRONTEND_SUPPORTS_RGB565 -O3 -DNDEBUG -fomit-frame-pointer -I.    -DWANT_CRC32 -I./lynx -I./libretro -I. -I./libretro-common/include  
/usr/local/emscripten/upstream/emscripten/em++ -c -olynx/memmap.o lynx/memmap.cpp -DGIT_VERSION=\"" 0824886"\" -DFRONTEND_SUPPORTS_RGB565 -O3 -DNDEBUG -fomit-frame-pointer -I.    -DWANT_CRC32 -I./lynx -I./libretro -I. -I./libretro-common/include  
/usr/local/emscripten/upstream/emscripten/em++ -c -olynx/mikie.o lynx/mikie.cpp -DGIT_VERSION=\"" 0824886"\" -DFRONTEND_SUPPORTS_RGB565 -O3 -DNDEBUG -fomit-frame-pointer -I.    -DWANT_CRC32 -I./lynx -I./libretro -I. -I./libretro-common/include  
/usr/local/emscripten/upstream/emscripten/em++ -c -olynx/ram.o lynx/ram.cpp -DGIT_VERSION=\"" 0824886"\" -DFRONTEND_SUPPORTS_RGB565 -O3 -DNDEBUG -fomit-frame-pointer -I.    -DWANT_CRC32 -I./lynx -I./libretro -I. -I./libretro-common/include  
/usr/local/emscripten/upstream/emscripten/em++ -c -olynx/rom.o lynx/rom.cpp -DGIT_VERSION=\"" 0824886"\" -DFRONTEND_SUPPORTS_RGB565 -O3 -DNDEBUG -fomit-frame-pointer -I.    -DWANT_CRC32 -I./lynx -I./libretro -I. -I./libretro-common/include  
/usr/local/emscripten/upstream/emscripten/em++ -c -olynx/susie.o lynx/susie.cpp -DGIT_VERSION=\"" 0824886"\" -DFRONTEND_SUPPORTS_RGB565 -O3 -DNDEBUG -fomit-frame-pointer -I.    -DWANT_CRC32 -I./lynx -I./libretro -I. -I./libretro-common/include  
/usr/local/emscripten/upstream/emscripten/em++ -c -olynx/system.o lynx/system.cpp -DGIT_VERSION=\"" 0824886"\" -DFRONTEND_SUPPORTS_RGB565 -O3 -DNDEBUG -fomit-frame-pointer -I.    -DWANT_CRC32 -I./lynx -I./libretro -I. -I./libretro-common/include  
/usr/local/emscripten/upstream/emscripten/em++ -c -olynx/eeprom.o lynx/eeprom.cpp -DGIT_VERSION=\"" 0824886"\" -DFRONTEND_SUPPORTS_RGB565 -O3 -DNDEBUG -fomit-frame-pointer -I.    -DWANT_CRC32 -I./lynx -I./libretro -I. -I./libretro-common/include  
/usr/local/emscripten/upstream/emscripten/em++ -c -olibretro/libretro.o libretro/libretro.cpp -DGIT_VERSION=\"" 0824886"\" -DFRONTEND_SUPPORTS_RGB565 -O3 -DNDEBUG -fomit-frame-pointer -I.    -DWANT_CRC32 -I./lynx -I./libretro -I. -I./libretro-common/include  
/usr/local/emscripten/upstream/emscripten/em++ -c -oblip/Blip_Buffer.o blip/Blip_Buffer.cpp -DGIT_VERSION=\"" 0824886"\" -DFRONTEND_SUPPORTS_RGB565 -O3 -DNDEBUG -fomit-frame-pointer -I.    -DWANT_CRC32 -I./lynx -I./libretro -I. -I./libretro-common/include  
/usr/local/emscripten/upstream/emscripten/em++ -c -oblip/Stereo_Buffer.o blip/Stereo_Buffer.cpp -DGIT_VERSION=\"" 0824886"\" -DFRONTEND_SUPPORTS_RGB565 -O3 -DNDEBUG -fomit-frame-pointer -I.    -DWANT_CRC32 -I./lynx -I./libretro -I. -I./libretro-common/include  
/usr/local/emscripten/upstream/emscripten/emar rcs handy_libretro_emscripten.bc ./lynx/lynxdec.o ./lynx/cart.o ./lynx/memmap.o ./lynx/mikie.o ./lynx/ram.o ./lynx/rom.o ./lynx/susie.o ./lynx/system.o ./lynx/eeprom.o ./libretro/libretro.o ./blip/Blip_Buffer.o ./blip/Stereo_Buffer.o 
rm -f ./lynx/lynxdec.o ./lynx/cart.o ./lynx/memmap.o ./lynx/mikie.o ./lynx/ram.o ./lynx/rom.o ./lynx/susie.o ./lynx/system.o ./lynx/eeprom.o ./libretro/libretro.o ./blip/Blip_Buffer.o ./blip/Stereo_Buffer.o ./libretro-common/compat/compat_posix_string.o ./libretro-common/compat/compat_snprintf.o ./libretro-common/compat/compat_strcasestr.o ./libretro-common/compat/compat_strl.o ./libretro-common/compat/fopen_utf8.o ./libretro-common/encodings/encoding_utf.o ./libretro-common/file/file_path.o ./libretro-common/file/file_path_io.o ./libretro-common/streams/file_stream.o ./libretro-common/streams/file_stream_transforms.o ./libretro-common/string/stdstring.o ./libretro-common/time/rtime.o ./libretro-common/vfs/vfs_implementation.o
rm -f handy_libretro.so
/usr/local/emscripten/upstream/emscripten/em++ -c -olynx/lynxdec.o lynx/lynxdec.cpp -DGIT_VERSION=\"" 0824886"\" -pthread -DFRONTEND_SUPPORTS_RGB565 -O3 -DNDEBUG -fomit-frame-pointer -I.    -DWANT_CRC32 -I./lynx -I./libretro -I. -I./libretro-common/include  
/usr/local/emscripten/upstream/emscripten/em++ -c -olynx/cart.o lynx/cart.cpp -DGIT_VERSION=\"" 0824886"\" -pthread -DFRONTEND_SUPPORTS_RGB565 -O3 -DNDEBUG -fomit-frame-pointer -I.    -DWANT_CRC32 -I./lynx -I./libretro -I. -I./libretro-common/include  
/usr/local/emscripten/upstream/emscripten/em++ -c -olynx/memmap.o lynx/memmap.cpp -DGIT_VERSION=\"" 0824886"\" -pthread -DFRONTEND_SUPPORTS_RGB565 -O3 -DNDEBUG -fomit-frame-pointer -I.    -DWANT_CRC32 -I./lynx -I./libretro -I. -I./libretro-common/include  
/usr/local/emscripten/upstream/emscripten/em++ -c -olynx/mikie.o lynx/mikie.cpp -DGIT_VERSION=\"" 0824886"\" -pthread -DFRONTEND_SUPPORTS_RGB565 -O3 -DNDEBUG -fomit-frame-pointer -I.    -DWANT_CRC32 -I./lynx -I./libretro -I. -I./libretro-common/include  
/usr/local/emscripten/upstream/emscripten/em++ -c -olynx/ram.o lynx/ram.cpp -DGIT_VERSION=\"" 0824886"\" -pthread -DFRONTEND_SUPPORTS_RGB565 -O3 -DNDEBUG -fomit-frame-pointer -I.    -DWANT_CRC32 -I./lynx -I./libretro -I. -I./libretro-common/include  
/usr/local/emscripten/upstream/emscripten/em++ -c -olynx/rom.o lynx/rom.cpp -DGIT_VERSION=\"" 0824886"\" -pthread -DFRONTEND_SUPPORTS_RGB565 -O3 -DNDEBUG -fomit-frame-pointer -I.    -DWANT_CRC32 -I./lynx -I./libretro -I. -I./libretro-common/include  
/usr/local/emscripten/upstream/emscripten/em++ -c -olynx/susie.o lynx/susie.cpp -DGIT_VERSION=\"" 0824886"\" -pthread -DFRONTEND_SUPPORTS_RGB565 -O3 -DNDEBUG -fomit-frame-pointer -I.    -DWANT_CRC32 -I./lynx -I./libretro -I. -I./libretro-common/include  
/usr/local/emscripten/upstream/emscripten/em++ -c -olynx/system.o lynx/system.cpp -DGIT_VERSION=\"" 0824886"\" -pthread -DFRONTEND_SUPPORTS_RGB565 -O3 -DNDEBUG -fomit-frame-pointer -I.    -DWANT_CRC32 -I./lynx -I./libretro -I. -I./libretro-common/include  
/usr/local/emscripten/upstream/emscripten/em++ -c -olynx/eeprom.o lynx/eeprom.cpp -DGIT_VERSION=\"" 0824886"\" -pthread -DFRONTEND_SUPPORTS_RGB565 -O3 -DNDEBUG -fomit-frame-pointer -I.    -DWANT_CRC32 -I./lynx -I./libretro -I. -I./libretro-common/include  
/usr/local/emscripten/upstream/emscripten/em++ -c -olibretro/libretro.o libretro/libretro.cpp -DGIT_VERSION=\"" 0824886"\" -pthread -DFRONTEND_SUPPORTS_RGB565 -O3 -DNDEBUG -fomit-frame-pointer -I.    -DWANT_CRC32 -I./lynx -I./libretro -I. -I./libretro-common/include  
/usr/local/emscripten/upstream/emscripten/em++ -c -oblip/Blip_Buffer.o blip/Blip_Buffer.cpp -DGIT_VERSION=\"" 0824886"\" -pthread -DFRONTEND_SUPPORTS_RGB565 -O3 -DNDEBUG -fomit-frame-pointer -I.    -DWANT_CRC32 -I./lynx -I./libretro -I. -I./libretro-common/include  
/usr/local/emscripten/upstream/emscripten/em++ -c -oblip/Stereo_Buffer.o blip/Stereo_Buffer.cpp -DGIT_VERSION=\"" 0824886"\" -pthread -DFRONTEND_SUPPORTS_RGB565 -O3 -DNDEBUG -fomit-frame-pointer -I.    -DWANT_CRC32 -I./lynx -I./libretro -I. -I./libretro-common/include  
/usr/local/emscripten/upstream/emscripten/emar rcs handy_libretro_emscripten.bc ./lynx/lynxdec.o ./lynx/cart.o ./lynx/memmap.o ./lynx/mikie.o ./lynx/ram.o ./lynx/rom.o ./lynx/susie.o ./lynx/system.o ./lynx/eeprom.o ./libretro/libretro.o ./blip/Blip_Buffer.o ./blip/Stereo_Buffer.o 
