make: Entering directory '/home/ethan/automation/ejs/build/compile/RetroArch'
rm -rf obj-emscripten
rm -f retroarch.js
make: Leaving directory '/home/ethan/automation/ejs/build/compile/RetroArch'
Buildbot: building for emscripten
-- Building core: mame2003_plus --
NAME: mame2003_plus
ASYNC: 1
PTHREAD: 0
WASM: 1
GLES3: 1
STACK_MEMORY: 8388608
HEAP_MEMORY: 268435456
make: Entering directory '/home/ethan/automation/ejs/build/compile/RetroArch'
rm -rf obj-emscripten
rm -f retroarch.js
make: Leaving directory '/home/ethan/automation/ejs/build/compile/RetroArch'
BUILD COMMAND: make -C ../ -f Makefile.emscripten  PTHREAD=0 ASYNC=1 WASM=1 HAVE_OPENGLES3=1 STACK_MEMORY=8388608 HEAP_MEMORY=268435456 -j7 TARGET=mame2003_plus_libretro.js
make: Entering directory '/home/ethan/automation/ejs/build/compile/RetroArch'
CC version_git.c
CC frontend/frontend_driver.c
CC retroarch.c
CC runloop.c
CC ui/ui_companion_driver.c
CC camera/camera_driver.c
CC record/record_driver.c
CC command.c
CC msg_hash.c
CC intl/msg_hash_us.c
CC libretro-common/queues/task_queue.c
CC tasks/task_content.c
CC tasks/task_patch.c
CC save.c
CC tasks/task_save.c
CC tasks/task_movie.c
CC tasks/task_file_transfer.c
CC tasks/task_image.c
CC tasks/task_playlist_manager.c
CC tasks/task_manual_content_scan.c
CC tasks/task_core_backup.c
CC libretro-common/encodings/encoding_utf.c
CC libretro-common/encodings/encoding_crc32.c
CC libretro-common/encodings/encoding_base64.c
CC libretro-common/compat/fopen_utf8.c
CC libretro-common/compat/compat_strldup.c
CC libretro-common/lists/file_list.c
CC libretro-common/lists/dir_list.c
CC libretro-common/file/retro_dirent.c
CC libretro-common/streams/stdin_stream.c
CC libretro-common/streams/file_stream.c
CC libretro-common/streams/file_stream_transforms.c
CC libretro-common/streams/interface_stream.c
CC libretro-common/streams/memory_stream.c
CC libretro-common/streams/network_stream.c
CC libretro-common/vfs/vfs_implementation.c
CC libretro-common/lists/string_list.c
CC libretro-common/string/stdstring.c
CC libretro-common/memmap/memalign.c
CC libretro-common/file/nbio/nbio_stdio.c
CC libretro-common/lists/linked_list.c
CC libretro-common/lists/nested_list.c
CC libretro-common/queues/generic_queue.c
CC libretro-common/file/nbio/nbio_intf.c
CC libretro-common/file/file_path.c
CC libretro-common/file/file_path_io.c
CC file_path_special.c
CC libretro-common/hash/lrc_hash.c
CC audio/audio_driver.c
CC input/input_driver.c
CC input/common/input_hid_common.c
CC led/led_driver.c
CC gfx/video_driver.c
CC gfx/gfx_display.c
CC gfx/gfx_animation.c
CC gfx/gfx_thumbnail_path.c
CC gfx/gfx_thumbnail.c
CC configuration.c
CC libretro-common/dynamic/dylib.c
CC cores/dynamic_dummy.c
CC libretro-common/queues/message_queue.c
CC state_manager.c
CC gfx/drivers_font_renderer/bitmapfont.c
CC gfx/drivers_font_renderer/bitmapfont_10x10.c
CC gfx/drivers_font_renderer/bitmapfont_6x10.c
CC tasks/task_autodetect.c
CC input/input_autodetect_builtin.c
CC input/input_keymaps.c
CC libretro-common/queues/fifo_queue.c
CC libretro-common/compat/compat_fnmatch.c
CC libretro-common/compat/compat_posix_string.c
CC cheat_manager.c
CC core_info.c
CC core_backup.c
CC core_option_manager.c
CC libretro-common/file/config_file.c
CC libretro-common/file/config_file_userdata.c
CC runtime_file.c
CC disk_index_file.c
CC tasks/task_screenshot.c
CC tasks/task_powerstate.c
CC libretro-common/gfx/scaler/scaler.c
CC libretro-common/gfx/scaler/pixconv.c
CC libretro-common/gfx/scaler/scaler_int.c
CC libretro-common/gfx/scaler/scaler_filter.c
CC gfx/font_driver.c
CC gfx/video_filter.c
CC libretro-common/audio/resampler/audio_resampler.c
CC libretro-common/audio/dsp_filter.c
CC libretro-common/audio/resampler/drivers/sinc_resampler.c
CC libretro-common/utils/md5.c
CC playlist.c
CC libretro-common/features/features_cpu.c
CC verbosity.c
CC libretro-common/playlists/label_sanitization.c
CC libretro-common/time/rtime.c
CC manual_content_scan.c
CC disk_control_interface.c
CC tasks/task_audio_mixer.c
CC libretro-common/audio/audio_mix.c
CC libretro-common/audio/audio_mixer.c
CC audio/drivers_resampler/cc_resampler.c
CC libretro-common/compat/compat_getopt.c
CC libretro-common/compat/compat_strcasestr.c
CC libretro-common/compat/compat_strl.c
CC libretro-common/formats/image_texture.c
CC libretro-db/bintree.c
CC libretro-db/libretrodb.c
CC libretro-db/query.c
CC libretro-db/rmsgpack.c
CC libretro-db/rmsgpack_dom.c
CC database_info.c
CC tasks/task_database.c
CC tasks/task_database_cue.c
CC menu/menu_explore.c
CC tasks/task_menu_explore.c
CC frontend/drivers/platform_emscripten.c
CC input/drivers/rwebinput_input.c
CC input/drivers_joypad/rwebpad_joypad.c
CC camera/drivers/rwebcam.c
CC input/drivers/emulatorjs_input.c
CC audio/drivers/openal.c
CC libretro-common/audio/conversion/s16_to_float.c
CC libretro-common/audio/conversion/float_to_s16.c
CC libretro-common/audio/conversion/mono_to_stereo_float.c
CC libretro-common/audio/conversion/stereo_to_mono_float.c
CC menu/drivers/rgui.c
CC menu/drivers/materialui.c
CC menu/drivers/xmb.c
CC menu/drivers/ozone.c
CC menu/menu_screensaver.c
CC menu/menu_setting.c
CC menu/menu_driver.c
CC menu/cbs/menu_cbs_ok.c
CC menu/cbs/menu_cbs_cancel.c
CC menu/cbs/menu_cbs_select.c
CC menu/cbs/menu_cbs_start.c
CC menu/cbs/menu_cbs_info.c
CC menu/cbs/menu_cbs_left.c
CC menu/cbs/menu_cbs_right.c
CC menu/cbs/menu_cbs_deferred_push.c
CC menu/cbs/menu_cbs_scan.c
CC menu/cbs/menu_cbs_get_value.c
CC menu/cbs/menu_cbs_label.c
CC menu/cbs/menu_cbs_sublabel.c
CC menu/cbs/menu_cbs_title.c
CC menu/menu_displaylist.c
CC menu/menu_contentless_cores.c
CC gfx/gfx_widgets.c
CC gfx/widgets/gfx_widget_screenshot.c
CC gfx/widgets/gfx_widget_volume.c
CC gfx/widgets/gfx_widget_generic_message.c
CC gfx/widgets/gfx_widget_libretro_message.c
CC gfx/widgets/gfx_widget_progress_message.c
CC gfx/widgets/gfx_widget_load_content_animation.c
CC tasks/task_overlay.c
CC led/drivers/led_overlay.c
CC gfx/drivers_font_renderer/stb.c
CC gfx/drivers_font_renderer/stb_unicode.c
CC libretro-common/formats/xml/rxml.c
CC libretro-common/formats/logiqx_dat/logiqx_dat.c
CC deps/yxml/yxml.c
CC gfx/drivers_context/gfx_null_ctx.c
CC gfx/common/gl_common.c
CC gfx/drivers/gl2.c
CC libretro-common/gfx/gl_capabilities.c
CC libretro-common/glsym/rglgen.c
CC gfx/drivers_context/emscriptenegl_ctx.c
CC libretro-common/glsym/glsym_es3.c
CC gfx/common/egl_common.c
CC gfx/drivers_shader/shader_glsl.c
CC gfx/video_shader_parse.c
CC libretro-common/file/archive_file.c
CC libretro-common/streams/trans_stream.c
CC libretro-common/streams/trans_stream_pipe.c
CC libretro-common/file/archive_file_7z.c
CC deps/7zip/7zArcIn.c
CC deps/7zip/7zBuf.c
CC deps/7zip/7zCrc.c
CC deps/7zip/7zCrcOpt.c
CC deps/7zip/7zDec.c
CC deps/7zip/CpuArch.c
CC deps/7zip/Delta.c
CC deps/7zip/LzFind.c
CC deps/7zip/LzmaDec.c
CC deps/7zip/Lzma2Dec.c
CC deps/7zip/LzmaEnc.c
CC deps/7zip/Bra.c
CC deps/7zip/Bra86.c
CC deps/7zip/BraIA64.c
CC deps/7zip/Bcj2.c
CC deps/7zip/7zFile.c
CC deps/7zip/7zStream.c
CC deps/ibxm/ibxm.c
CC libretro-common/file/archive_file_zlib.c
CC libretro-common/streams/trans_stream_zlib.c
CC libretro-common/streams/rzip_stream.c
CC libretro-common/formats/png/rpng.c
CC libretro-common/formats/png/rpng_encode.c
CC libretro-common/formats/bmp/rbmp_encode.c
CC libretro-common/formats/json/rjson.c
CC libretro-common/formats/image_transfer.c
CC libretro-common/formats/m3u/m3u_file.c
CC tasks/task_decompress.c
CC gfx/video_filters/2xsai.c
CC gfx/video_filters/super2xsai.c
CC gfx/video_filters/supereagle.c
CC gfx/video_filters/2xbr.c
CC gfx/video_filters/darken.c
CC gfx/video_filters/epx.c
CC gfx/video_filters/scale2x.c
CC gfx/video_filters/blargg_ntsc_snes.c
CC gfx/video_filters/lq2x.c
CC gfx/video_filters/phosphor2x.c
CC gfx/video_filters/normal2x.c
CC gfx/video_filters/normal2x_width.c
CC gfx/video_filters/normal2x_height.c
CC gfx/video_filters/normal4x.c
CC gfx/video_filters/scanline2x.c
CC gfx/video_filters/grid2x.c
CC gfx/video_filters/grid3x.c
CC gfx/video_filters/gameboy3x.c
CC gfx/video_filters/gameboy4x.c
CC gfx/video_filters/dot_matrix_3x.c
CC gfx/video_filters/dot_matrix_4x.c
CC gfx/video_filters/upscale_1_5x.c
CC gfx/video_filters/upscale_256x_320x240.c
CC gfx/video_filters/picoscale_256x_320x240.c
CC gfx/video_filters/upscale_240x160_320x240.c
CC gfx/video_filters/upscale_mix_240x160_320x240.c
CC libretro-common/audio/dsp_filters/echo.c
CC libretro-common/audio/dsp_filters/eq.c
CC libretro-common/audio/dsp_filters/chorus.c
CC libretro-common/audio/dsp_filters/iir.c
CC libretro-common/audio/dsp_filters/panning.c
CC libretro-common/audio/dsp_filters/phaser.c
CC libretro-common/audio/dsp_filters/reverb.c
CC libretro-common/audio/dsp_filters/wahwah.c
LD mame2003_plus_libretro.js
make: Leaving directory '/home/ethan/automation/ejs/build/compile/RetroArch'

7-Zip [64] 16.02 : Copyright (c) 1999-2016 Igor Pavlov : 2016-05-21
p7zip Version 16.02 (locale=en_US.UTF-8,Utf16=on,HugeFiles=on,64 bits,8 CPUs Intel(R) Core(TM) i7-8650U CPU @ 1.90GHz (806EA),ASM,AES-NI)

Scanning the drive:
2 files, 28054029 bytes (27 MiB)

Creating archive: ../../EmulatorJS/data/cores/mame2003_plus-wasm.data

Items to compress: 2


Files read from disk: 2
Archive size: 5318491 bytes (5194 KiB)
Everything is Ok
make: Entering directory '/home/ethan/automation/ejs/build/compile/RetroArch'
rm -rf obj-emscripten
rm -f retroarch.js
make: Leaving directory '/home/ethan/automation/ejs/build/compile/RetroArch'
Buildbot: building for emscripten
-- Building core: mame2003_plus --
NAME: mame2003_plus
ASYNC: 1
PTHREAD: 8
WASM: 1
GLES3: 1
STACK_MEMORY: 8388608
HEAP_MEMORY: 268435456
make: Entering directory '/home/ethan/automation/ejs/build/compile/RetroArch'
rm -rf obj-emscripten
rm -f retroarch.js
make: Leaving directory '/home/ethan/automation/ejs/build/compile/RetroArch'
make: Entering directory '/home/ethan/automation/ejs/build/compile/RetroArch'
rm -rf obj-emscripten
rm -f retroarch.js
make: Leaving directory '/home/ethan/automation/ejs/build/compile/RetroArch'
BUILD COMMAND: make -C ../ -f Makefile.emscripten  PTHREAD=8 ASYNC=1 WASM=1 HAVE_OPENGLES3=1 STACK_MEMORY=8388608 HEAP_MEMORY=268435456 -j7 TARGET=mame2003_plus_libretro.js
make: Entering directory '/home/ethan/automation/ejs/build/compile/RetroArch'
CC version_git.c
CC frontend/frontend_driver.c
CC retroarch.c
CC runloop.c
CC ui/ui_companion_driver.c
CC camera/camera_driver.c
CC record/record_driver.c
CC command.c
CC msg_hash.c
CC intl/msg_hash_us.c
CC libretro-common/queues/task_queue.c
CC tasks/task_content.c
CC tasks/task_patch.c
CC save.c
CC tasks/task_save.c
CC tasks/task_movie.c
CC tasks/task_file_transfer.c
CC tasks/task_image.c
CC tasks/task_playlist_manager.c
CC tasks/task_manual_content_scan.c
CC tasks/task_core_backup.c
CC libretro-common/encodings/encoding_utf.c
CC libretro-common/encodings/encoding_crc32.c
CC libretro-common/encodings/encoding_base64.c
CC libretro-common/compat/fopen_utf8.c
CC libretro-common/compat/compat_strldup.c
CC libretro-common/lists/file_list.c
CC libretro-common/lists/dir_list.c
CC libretro-common/file/retro_dirent.c
CC libretro-common/streams/stdin_stream.c
CC libretro-common/streams/file_stream.c
CC libretro-common/streams/file_stream_transforms.c
CC libretro-common/streams/interface_stream.c
CC libretro-common/streams/memory_stream.c
CC libretro-common/streams/network_stream.c
CC libretro-common/vfs/vfs_implementation.c
CC libretro-common/lists/string_list.c
CC libretro-common/string/stdstring.c
CC libretro-common/memmap/memalign.c
CC libretro-common/file/nbio/nbio_stdio.c
CC libretro-common/lists/linked_list.c
CC libretro-common/lists/nested_list.c
CC libretro-common/queues/generic_queue.c
CC libretro-common/file/nbio/nbio_intf.c
CC libretro-common/file/file_path.c
CC libretro-common/file/file_path_io.c
CC file_path_special.c
CC libretro-common/hash/lrc_hash.c
CC audio/audio_driver.c
CC input/input_driver.c
CC input/common/input_hid_common.c
CC led/led_driver.c
CC gfx/video_driver.c
CC gfx/gfx_display.c
CC gfx/gfx_animation.c
CC gfx/gfx_thumbnail_path.c
CC gfx/gfx_thumbnail.c
CC configuration.c
CC libretro-common/dynamic/dylib.c
CC cores/dynamic_dummy.c
CC libretro-common/queues/message_queue.c
CC state_manager.c
CC gfx/drivers_font_renderer/bitmapfont.c
CC gfx/drivers_font_renderer/bitmapfont_10x10.c
CC gfx/drivers_font_renderer/bitmapfont_6x10.c
CC tasks/task_autodetect.c
CC input/input_autodetect_builtin.c
CC input/input_keymaps.c
CC libretro-common/queues/fifo_queue.c
CC libretro-common/compat/compat_fnmatch.c
CC libretro-common/compat/compat_posix_string.c
CC cheat_manager.c
CC core_info.c
CC core_backup.c
CC core_option_manager.c
CC libretro-common/file/config_file.c
CC libretro-common/file/config_file_userdata.c
CC runtime_file.c
CC disk_index_file.c
CC tasks/task_screenshot.c
CC tasks/task_powerstate.c
CC libretro-common/gfx/scaler/scaler.c
CC libretro-common/gfx/scaler/pixconv.c
CC libretro-common/gfx/scaler/scaler_int.c
CC libretro-common/gfx/scaler/scaler_filter.c
CC gfx/font_driver.c
CC gfx/video_filter.c
CC libretro-common/audio/resampler/audio_resampler.c
CC libretro-common/audio/dsp_filter.c
CC libretro-common/audio/resampler/drivers/sinc_resampler.c
CC libretro-common/utils/md5.c
CC playlist.c
CC libretro-common/features/features_cpu.c
CC verbosity.c
CC libretro-common/playlists/label_sanitization.c
CC libretro-common/time/rtime.c
CC manual_content_scan.c
CC disk_control_interface.c
CC tasks/task_audio_mixer.c
CC libretro-common/audio/audio_mix.c
CC libretro-common/audio/audio_mixer.c
CC audio/drivers_resampler/cc_resampler.c
CC libretro-common/compat/compat_getopt.c
CC libretro-common/compat/compat_strcasestr.c
CC libretro-common/compat/compat_strl.c
CC libretro-common/formats/image_texture.c
CC libretro-db/bintree.c
CC libretro-db/libretrodb.c
CC libretro-db/query.c
CC libretro-db/rmsgpack.c
CC libretro-db/rmsgpack_dom.c
CC database_info.c
CC tasks/task_database.c
CC tasks/task_database_cue.c
CC menu/menu_explore.c
CC tasks/task_menu_explore.c
CC frontend/drivers/platform_emscripten.c
CC input/drivers/rwebinput_input.c
CC input/drivers_joypad/rwebpad_joypad.c
CC camera/drivers/rwebcam.c
CC input/drivers/emulatorjs_input.c
CC audio/drivers/openal.c
CC libretro-common/audio/conversion/s16_to_float.c
CC libretro-common/audio/conversion/float_to_s16.c
CC libretro-common/audio/conversion/mono_to_stereo_float.c
CC libretro-common/audio/conversion/stereo_to_mono_float.c
CC menu/drivers/rgui.c
CC menu/drivers/materialui.c
CC menu/drivers/xmb.c
CC menu/drivers/ozone.c
CC menu/menu_screensaver.c
CC menu/menu_setting.c
CC menu/menu_driver.c
CC menu/cbs/menu_cbs_ok.c
CC menu/cbs/menu_cbs_cancel.c
CC menu/cbs/menu_cbs_select.c
CC menu/cbs/menu_cbs_start.c
CC menu/cbs/menu_cbs_info.c
CC menu/cbs/menu_cbs_left.c
CC menu/cbs/menu_cbs_right.c
CC menu/cbs/menu_cbs_deferred_push.c
CC menu/cbs/menu_cbs_scan.c
CC menu/cbs/menu_cbs_get_value.c
CC menu/cbs/menu_cbs_label.c
CC menu/cbs/menu_cbs_sublabel.c
CC menu/cbs/menu_cbs_title.c
CC menu/menu_displaylist.c
CC menu/menu_contentless_cores.c
CC gfx/gfx_widgets.c
CC gfx/widgets/gfx_widget_screenshot.c
CC gfx/widgets/gfx_widget_volume.c
CC gfx/widgets/gfx_widget_generic_message.c
CC gfx/widgets/gfx_widget_libretro_message.c
CC gfx/widgets/gfx_widget_progress_message.c
CC gfx/widgets/gfx_widget_load_content_animation.c
CC tasks/task_overlay.c
CC led/drivers/led_overlay.c
CC gfx/drivers_font_renderer/stb.c
CC gfx/drivers_font_renderer/stb_unicode.c
CC libretro-common/rthreads/rthreads.c
CC gfx/video_thread_wrapper.c
CC audio/audio_thread_wrapper.c
CC libretro-common/formats/xml/rxml.c
CC libretro-common/formats/logiqx_dat/logiqx_dat.c
CC deps/yxml/yxml.c
CC gfx/drivers_context/gfx_null_ctx.c
CC gfx/common/gl_common.c
CC gfx/drivers/gl2.c
CC libretro-common/gfx/gl_capabilities.c
CC libretro-common/glsym/rglgen.c
CC gfx/drivers_context/emscriptenegl_ctx.c
CC libretro-common/glsym/glsym_es3.c
CC gfx/common/egl_common.c
CC gfx/drivers_shader/shader_glsl.c
CC gfx/video_shader_parse.c
CC libretro-common/file/archive_file.c
CC libretro-common/streams/trans_stream.c
CC libretro-common/streams/trans_stream_pipe.c
CC libretro-common/file/archive_file_7z.c
CC deps/7zip/7zArcIn.c
CC deps/7zip/7zBuf.c
CC deps/7zip/7zCrc.c
CC deps/7zip/7zCrcOpt.c
CC deps/7zip/7zDec.c
CC deps/7zip/CpuArch.c
CC deps/7zip/Delta.c
CC deps/7zip/LzFind.c
CC deps/7zip/LzmaDec.c
CC deps/7zip/Lzma2Dec.c
CC deps/7zip/LzmaEnc.c
CC deps/7zip/Bra.c
CC deps/7zip/Bra86.c
CC deps/7zip/BraIA64.c
CC deps/7zip/Bcj2.c
CC deps/7zip/7zFile.c
CC deps/7zip/7zStream.c
CC deps/ibxm/ibxm.c
CC libretro-common/file/archive_file_zlib.c
CC libretro-common/streams/trans_stream_zlib.c
CC libretro-common/streams/rzip_stream.c
CC libretro-common/formats/png/rpng.c
CC libretro-common/formats/png/rpng_encode.c
CC libretro-common/formats/bmp/rbmp_encode.c
CC libretro-common/formats/json/rjson.c
CC libretro-common/formats/image_transfer.c
CC libretro-common/formats/m3u/m3u_file.c
CC tasks/task_decompress.c
CC gfx/video_filters/2xsai.c
CC gfx/video_filters/super2xsai.c
CC gfx/video_filters/supereagle.c
CC gfx/video_filters/2xbr.c
CC gfx/video_filters/darken.c
CC gfx/video_filters/epx.c
CC gfx/video_filters/scale2x.c
CC gfx/video_filters/blargg_ntsc_snes.c
CC gfx/video_filters/lq2x.c
CC gfx/video_filters/phosphor2x.c
CC gfx/video_filters/normal2x.c
CC gfx/video_filters/normal2x_width.c
CC gfx/video_filters/normal2x_height.c
CC gfx/video_filters/normal4x.c
CC gfx/video_filters/scanline2x.c
CC gfx/video_filters/grid2x.c
CC gfx/video_filters/grid3x.c
CC gfx/video_filters/gameboy3x.c
CC gfx/video_filters/gameboy4x.c
CC gfx/video_filters/dot_matrix_3x.c
CC gfx/video_filters/dot_matrix_4x.c
CC gfx/video_filters/upscale_1_5x.c
CC gfx/video_filters/upscale_256x_320x240.c
CC gfx/video_filters/picoscale_256x_320x240.c
CC gfx/video_filters/upscale_240x160_320x240.c
CC gfx/video_filters/upscale_mix_240x160_320x240.c
CC libretro-common/audio/dsp_filters/echo.c
CC libretro-common/audio/dsp_filters/eq.c
CC libretro-common/audio/dsp_filters/chorus.c
CC libretro-common/audio/dsp_filters/iir.c
CC libretro-common/audio/dsp_filters/panning.c
CC libretro-common/audio/dsp_filters/phaser.c
CC libretro-common/audio/dsp_filters/reverb.c
CC libretro-common/audio/dsp_filters/wahwah.c
LD mame2003_plus_libretro.js
make: Leaving directory '/home/ethan/automation/ejs/build/compile/RetroArch'

7-Zip [64] 16.02 : Copyright (c) 1999-2016 Igor Pavlov : 2016-05-21
p7zip Version 16.02 (locale=en_US.UTF-8,Utf16=on,HugeFiles=on,64 bits,8 CPUs Intel(R) Core(TM) i7-8650U CPU @ 1.90GHz (806EA),ASM,AES-NI)

Scanning the drive:
3 files, 28985432 bytes (28 MiB)

Creating archive: ../../EmulatorJS/data/cores/mame2003_plus-thread-wasm.data

Items to compress: 3


Files read from disk: 3
Archive size: 5223621 bytes (5102 KiB)
Everything is Ok
make: Entering directory '/home/ethan/automation/ejs/build/compile/RetroArch'
rm -rf obj-emscripten
rm -f retroarch.js
make: Leaving directory '/home/ethan/automation/ejs/build/compile/RetroArch'
Buildbot: building for emscripten
-- Building core: mame2003_plus --
NAME: mame2003_plus
ASYNC: 1
PTHREAD: 0
WASM: 1
GLES3: 0
STACK_MEMORY: 8388608
HEAP_MEMORY: 268435456
BUILD COMMAND: make -C ../ -f Makefile.emscripten  PTHREAD=0 ASYNC=1 WASM=1 HAVE_OPENGLES3=0 STACK_MEMORY=8388608 HEAP_MEMORY=268435456 -j7 TARGET=mame2003_plus_libretro.js
make: Entering directory '/home/ethan/automation/ejs/build/compile/RetroArch'
CC version_git.c
CC frontend/frontend_driver.c
CC retroarch.c
CC runloop.c
CC ui/ui_companion_driver.c
CC camera/camera_driver.c
CC record/record_driver.c
CC command.c
CC msg_hash.c
CC intl/msg_hash_us.c
CC libretro-common/queues/task_queue.c
CC tasks/task_content.c
CC tasks/task_patch.c
CC save.c
CC tasks/task_save.c
CC tasks/task_movie.c
CC tasks/task_file_transfer.c
CC tasks/task_image.c
CC tasks/task_playlist_manager.c
CC tasks/task_manual_content_scan.c
CC tasks/task_core_backup.c
CC libretro-common/encodings/encoding_utf.c
CC libretro-common/encodings/encoding_crc32.c
CC libretro-common/encodings/encoding_base64.c
CC libretro-common/compat/fopen_utf8.c
CC libretro-common/compat/compat_strldup.c
CC libretro-common/lists/file_list.c
CC libretro-common/lists/dir_list.c
CC libretro-common/file/retro_dirent.c
CC libretro-common/streams/stdin_stream.c
CC libretro-common/streams/file_stream.c
CC libretro-common/streams/file_stream_transforms.c
CC libretro-common/streams/interface_stream.c
CC libretro-common/streams/memory_stream.c
CC libretro-common/streams/network_stream.c
CC libretro-common/vfs/vfs_implementation.c
CC libretro-common/lists/string_list.c
CC libretro-common/string/stdstring.c
CC libretro-common/memmap/memalign.c
CC libretro-common/file/nbio/nbio_stdio.c
CC libretro-common/lists/linked_list.c
CC libretro-common/lists/nested_list.c
CC libretro-common/queues/generic_queue.c
CC libretro-common/file/nbio/nbio_intf.c
CC libretro-common/file/file_path.c
CC libretro-common/file/file_path_io.c
CC file_path_special.c
CC libretro-common/hash/lrc_hash.c
CC audio/audio_driver.c
CC input/input_driver.c
CC input/common/input_hid_common.c
CC led/led_driver.c
CC gfx/video_driver.c
CC gfx/gfx_display.c
CC gfx/gfx_animation.c
CC gfx/gfx_thumbnail_path.c
CC gfx/gfx_thumbnail.c
CC configuration.c
CC libretro-common/dynamic/dylib.c
CC cores/dynamic_dummy.c
CC libretro-common/queues/message_queue.c
CC state_manager.c
CC gfx/drivers_font_renderer/bitmapfont.c
CC gfx/drivers_font_renderer/bitmapfont_10x10.c
CC gfx/drivers_font_renderer/bitmapfont_6x10.c
CC tasks/task_autodetect.c
CC input/input_autodetect_builtin.c
CC input/input_keymaps.c
CC libretro-common/queues/fifo_queue.c
CC libretro-common/compat/compat_fnmatch.c
CC libretro-common/compat/compat_posix_string.c
CC cheat_manager.c
CC core_info.c
CC core_backup.c
CC core_option_manager.c
CC libretro-common/file/config_file.c
CC libretro-common/file/config_file_userdata.c
CC runtime_file.c
CC disk_index_file.c
CC tasks/task_screenshot.c
CC tasks/task_powerstate.c
CC libretro-common/gfx/scaler/scaler.c
CC libretro-common/gfx/scaler/pixconv.c
CC libretro-common/gfx/scaler/scaler_int.c
CC libretro-common/gfx/scaler/scaler_filter.c
CC gfx/font_driver.c
CC gfx/video_filter.c
CC libretro-common/audio/resampler/audio_resampler.c
CC libretro-common/audio/dsp_filter.c
CC libretro-common/audio/resampler/drivers/sinc_resampler.c
CC libretro-common/utils/md5.c
CC playlist.c
CC libretro-common/features/features_cpu.c
CC verbosity.c
CC libretro-common/playlists/label_sanitization.c
CC libretro-common/time/rtime.c
CC manual_content_scan.c
CC disk_control_interface.c
CC tasks/task_audio_mixer.c
CC libretro-common/audio/audio_mix.c
CC libretro-common/audio/audio_mixer.c
CC audio/drivers_resampler/cc_resampler.c
CC libretro-common/compat/compat_getopt.c
CC libretro-common/compat/compat_strcasestr.c
CC libretro-common/compat/compat_strl.c
CC libretro-common/formats/image_texture.c
CC libretro-db/bintree.c
CC libretro-db/libretrodb.c
CC libretro-db/query.c
CC libretro-db/rmsgpack.c
CC libretro-db/rmsgpack_dom.c
CC database_info.c
CC tasks/task_database.c
CC tasks/task_database_cue.c
CC menu/menu_explore.c
CC tasks/task_menu_explore.c
CC frontend/drivers/platform_emscripten.c
CC input/drivers/rwebinput_input.c
CC input/drivers_joypad/rwebpad_joypad.c
CC camera/drivers/rwebcam.c
CC input/drivers/emulatorjs_input.c
CC audio/drivers/openal.c
CC libretro-common/audio/conversion/s16_to_float.c
CC libretro-common/audio/conversion/float_to_s16.c
CC libretro-common/audio/conversion/mono_to_stereo_float.c
CC libretro-common/audio/conversion/stereo_to_mono_float.c
CC menu/drivers/rgui.c
CC menu/drivers/materialui.c
CC menu/drivers/xmb.c
CC menu/drivers/ozone.c
CC menu/menu_screensaver.c
CC menu/menu_setting.c
CC menu/menu_driver.c
CC menu/cbs/menu_cbs_ok.c
CC menu/cbs/menu_cbs_cancel.c
CC menu/cbs/menu_cbs_select.c
CC menu/cbs/menu_cbs_start.c
CC menu/cbs/menu_cbs_info.c
CC menu/cbs/menu_cbs_left.c
CC menu/cbs/menu_cbs_right.c
CC menu/cbs/menu_cbs_deferred_push.c
CC menu/cbs/menu_cbs_scan.c
CC menu/cbs/menu_cbs_get_value.c
CC menu/cbs/menu_cbs_label.c
CC menu/cbs/menu_cbs_sublabel.c
CC menu/cbs/menu_cbs_title.c
CC menu/menu_displaylist.c
CC menu/menu_contentless_cores.c
CC gfx/gfx_widgets.c
CC gfx/widgets/gfx_widget_screenshot.c
CC gfx/widgets/gfx_widget_volume.c
CC gfx/widgets/gfx_widget_generic_message.c
CC gfx/widgets/gfx_widget_libretro_message.c
CC gfx/widgets/gfx_widget_progress_message.c
CC gfx/widgets/gfx_widget_load_content_animation.c
CC tasks/task_overlay.c
CC led/drivers/led_overlay.c
CC gfx/drivers_font_renderer/stb.c
CC gfx/drivers_font_renderer/stb_unicode.c
CC libretro-common/formats/xml/rxml.c
CC libretro-common/formats/logiqx_dat/logiqx_dat.c
CC deps/yxml/yxml.c
CC gfx/drivers_context/gfx_null_ctx.c
CC gfx/common/gl_common.c
CC gfx/drivers/gl2.c
CC libretro-common/gfx/gl_capabilities.c
CC libretro-common/glsym/rglgen.c
CC gfx/drivers_context/emscriptenegl_ctx.c
CC libretro-common/glsym/glsym_es2.c
CC gfx/common/egl_common.c
CC gfx/drivers_shader/shader_glsl.c
CC gfx/video_shader_parse.c
CC libretro-common/file/archive_file.c
CC libretro-common/streams/trans_stream.c
CC libretro-common/streams/trans_stream_pipe.c
CC libretro-common/file/archive_file_7z.c
CC deps/7zip/7zArcIn.c
CC deps/7zip/7zBuf.c
CC deps/7zip/7zCrc.c
CC deps/7zip/7zCrcOpt.c
CC deps/7zip/7zDec.c
CC deps/7zip/CpuArch.c
CC deps/7zip/Delta.c
CC deps/7zip/LzFind.c
CC deps/7zip/LzmaDec.c
CC deps/7zip/Lzma2Dec.c
CC deps/7zip/LzmaEnc.c
CC deps/7zip/Bra.c
CC deps/7zip/Bra86.c
CC deps/7zip/BraIA64.c
CC deps/7zip/Bcj2.c
CC deps/7zip/7zFile.c
CC deps/7zip/7zStream.c
CC deps/ibxm/ibxm.c
CC libretro-common/file/archive_file_zlib.c
CC libretro-common/streams/trans_stream_zlib.c
CC libretro-common/streams/rzip_stream.c
CC libretro-common/formats/png/rpng.c
CC libretro-common/formats/png/rpng_encode.c
CC libretro-common/formats/bmp/rbmp_encode.c
CC libretro-common/formats/json/rjson.c
CC libretro-common/formats/image_transfer.c
CC libretro-common/formats/m3u/m3u_file.c
CC tasks/task_decompress.c
CC gfx/video_filters/2xsai.c
CC gfx/video_filters/super2xsai.c
CC gfx/video_filters/supereagle.c
CC gfx/video_filters/2xbr.c
CC gfx/video_filters/darken.c
CC gfx/video_filters/epx.c
CC gfx/video_filters/scale2x.c
CC gfx/video_filters/blargg_ntsc_snes.c
CC gfx/video_filters/lq2x.c
CC gfx/video_filters/phosphor2x.c
CC gfx/video_filters/normal2x.c
CC gfx/video_filters/normal2x_width.c
CC gfx/video_filters/normal2x_height.c
CC gfx/video_filters/normal4x.c
CC gfx/video_filters/scanline2x.c
CC gfx/video_filters/grid2x.c
CC gfx/video_filters/grid3x.c
CC gfx/video_filters/gameboy3x.c
CC gfx/video_filters/gameboy4x.c
CC gfx/video_filters/dot_matrix_3x.c
CC gfx/video_filters/dot_matrix_4x.c
CC gfx/video_filters/upscale_1_5x.c
CC gfx/video_filters/upscale_256x_320x240.c
CC gfx/video_filters/picoscale_256x_320x240.c
CC gfx/video_filters/upscale_240x160_320x240.c
CC gfx/video_filters/upscale_mix_240x160_320x240.c
CC libretro-common/audio/dsp_filters/echo.c
CC libretro-common/audio/dsp_filters/eq.c
CC libretro-common/audio/dsp_filters/chorus.c
CC libretro-common/audio/dsp_filters/iir.c
CC libretro-common/audio/dsp_filters/panning.c
CC libretro-common/audio/dsp_filters/phaser.c
CC libretro-common/audio/dsp_filters/reverb.c
CC libretro-common/audio/dsp_filters/wahwah.c
LD mame2003_plus_libretro.js
make: Leaving directory '/home/ethan/automation/ejs/build/compile/RetroArch'

7-Zip [64] 16.02 : Copyright (c) 1999-2016 Igor Pavlov : 2016-05-21
p7zip Version 16.02 (locale=en_US.UTF-8,Utf16=on,HugeFiles=on,64 bits,8 CPUs Intel(R) Core(TM) i7-8650U CPU @ 1.90GHz (806EA),ASM,AES-NI)

Scanning the drive:
2 files, 28055035 bytes (27 MiB)

Creating archive: ../../EmulatorJS/data/cores/mame2003_plus-legacy-wasm.data

Items to compress: 2


Files read from disk: 2
Archive size: 5315645 bytes (5192 KiB)
Everything is Ok
make: Entering directory '/home/ethan/automation/ejs/build/compile/RetroArch'
rm -rf obj-emscripten
rm -f retroarch.js
make: Leaving directory '/home/ethan/automation/ejs/build/compile/RetroArch'
Buildbot: building for emscripten
-- Building core: mame2003_plus --
NAME: mame2003_plus
ASYNC: 1
PTHREAD: 8
WASM: 1
GLES3: 0
STACK_MEMORY: 8388608
HEAP_MEMORY: 268435456
make: Entering directory '/home/ethan/automation/ejs/build/compile/RetroArch'
rm -rf obj-emscripten
rm -f retroarch.js
make: Leaving directory '/home/ethan/automation/ejs/build/compile/RetroArch'
BUILD COMMAND: make -C ../ -f Makefile.emscripten  PTHREAD=8 ASYNC=1 WASM=1 HAVE_OPENGLES3=0 STACK_MEMORY=8388608 HEAP_MEMORY=268435456 -j7 TARGET=mame2003_plus_libretro.js
make: Entering directory '/home/ethan/automation/ejs/build/compile/RetroArch'
CC version_git.c
CC frontend/frontend_driver.c
CC retroarch.c
CC runloop.c
CC ui/ui_companion_driver.c
CC camera/camera_driver.c
CC record/record_driver.c
CC command.c
CC msg_hash.c
CC intl/msg_hash_us.c
CC libretro-common/queues/task_queue.c
CC tasks/task_content.c
CC tasks/task_patch.c
CC save.c
CC tasks/task_save.c
CC tasks/task_movie.c
CC tasks/task_file_transfer.c
CC tasks/task_image.c
CC tasks/task_playlist_manager.c
CC tasks/task_manual_content_scan.c
CC tasks/task_core_backup.c
CC libretro-common/encodings/encoding_utf.c
CC libretro-common/encodings/encoding_crc32.c
CC libretro-common/encodings/encoding_base64.c
CC libretro-common/compat/fopen_utf8.c
CC libretro-common/compat/compat_strldup.c
CC libretro-common/lists/file_list.c
CC libretro-common/lists/dir_list.c
CC libretro-common/file/retro_dirent.c
CC libretro-common/streams/stdin_stream.c
CC libretro-common/streams/file_stream.c
CC libretro-common/streams/file_stream_transforms.c
CC libretro-common/streams/interface_stream.c
CC libretro-common/streams/memory_stream.c
CC libretro-common/streams/network_stream.c
CC libretro-common/vfs/vfs_implementation.c
CC libretro-common/lists/string_list.c
CC libretro-common/string/stdstring.c
CC libretro-common/memmap/memalign.c
CC libretro-common/file/nbio/nbio_stdio.c
CC libretro-common/lists/linked_list.c
CC libretro-common/lists/nested_list.c
CC libretro-common/queues/generic_queue.c
CC libretro-common/file/nbio/nbio_intf.c
CC libretro-common/file/file_path.c
CC libretro-common/file/file_path_io.c
CC file_path_special.c
CC libretro-common/hash/lrc_hash.c
CC audio/audio_driver.c
CC input/input_driver.c
CC input/common/input_hid_common.c
CC led/led_driver.c
CC gfx/video_driver.c
CC gfx/gfx_display.c
CC gfx/gfx_animation.c
CC gfx/gfx_thumbnail_path.c
CC gfx/gfx_thumbnail.c
CC configuration.c
CC libretro-common/dynamic/dylib.c
CC cores/dynamic_dummy.c
CC libretro-common/queues/message_queue.c
CC state_manager.c
CC gfx/drivers_font_renderer/bitmapfont.c
CC gfx/drivers_font_renderer/bitmapfont_10x10.c
CC gfx/drivers_font_renderer/bitmapfont_6x10.c
CC tasks/task_autodetect.c
CC input/input_autodetect_builtin.c
CC input/input_keymaps.c
CC libretro-common/queues/fifo_queue.c
CC libretro-common/compat/compat_fnmatch.c
CC libretro-common/compat/compat_posix_string.c
CC cheat_manager.c
CC core_info.c
CC core_backup.c
CC core_option_manager.c
CC libretro-common/file/config_file.c
CC libretro-common/file/config_file_userdata.c
CC runtime_file.c
CC disk_index_file.c
CC tasks/task_screenshot.c
CC tasks/task_powerstate.c
CC libretro-common/gfx/scaler/scaler.c
CC libretro-common/gfx/scaler/pixconv.c
CC libretro-common/gfx/scaler/scaler_int.c
CC libretro-common/gfx/scaler/scaler_filter.c
CC gfx/font_driver.c
CC gfx/video_filter.c
CC libretro-common/audio/resampler/audio_resampler.c
CC libretro-common/audio/dsp_filter.c
CC libretro-common/audio/resampler/drivers/sinc_resampler.c
CC libretro-common/utils/md5.c
CC playlist.c
CC libretro-common/features/features_cpu.c
CC verbosity.c
CC libretro-common/playlists/label_sanitization.c
CC libretro-common/time/rtime.c
CC manual_content_scan.c
CC disk_control_interface.c
CC tasks/task_audio_mixer.c
CC libretro-common/audio/audio_mix.c
CC libretro-common/audio/audio_mixer.c
CC audio/drivers_resampler/cc_resampler.c
CC libretro-common/compat/compat_getopt.c
CC libretro-common/compat/compat_strcasestr.c
CC libretro-common/compat/compat_strl.c
CC libretro-common/formats/image_texture.c
CC libretro-db/bintree.c
CC libretro-db/libretrodb.c
CC libretro-db/query.c
CC libretro-db/rmsgpack.c
CC libretro-db/rmsgpack_dom.c
CC database_info.c
CC tasks/task_database.c
CC tasks/task_database_cue.c
CC menu/menu_explore.c
CC tasks/task_menu_explore.c
CC frontend/drivers/platform_emscripten.c
CC input/drivers/rwebinput_input.c
CC input/drivers_joypad/rwebpad_joypad.c
CC camera/drivers/rwebcam.c
CC input/drivers/emulatorjs_input.c
CC audio/drivers/openal.c
CC libretro-common/audio/conversion/s16_to_float.c
CC libretro-common/audio/conversion/float_to_s16.c
CC libretro-common/audio/conversion/mono_to_stereo_float.c
CC libretro-common/audio/conversion/stereo_to_mono_float.c
CC menu/drivers/rgui.c
CC menu/drivers/materialui.c
CC menu/drivers/xmb.c
CC menu/drivers/ozone.c
CC menu/menu_screensaver.c
CC menu/menu_setting.c
CC menu/menu_driver.c
CC menu/cbs/menu_cbs_ok.c
CC menu/cbs/menu_cbs_cancel.c
CC menu/cbs/menu_cbs_select.c
CC menu/cbs/menu_cbs_start.c
CC menu/cbs/menu_cbs_info.c
CC menu/cbs/menu_cbs_left.c
CC menu/cbs/menu_cbs_right.c
CC menu/cbs/menu_cbs_deferred_push.c
CC menu/cbs/menu_cbs_scan.c
CC menu/cbs/menu_cbs_get_value.c
CC menu/cbs/menu_cbs_label.c
CC menu/cbs/menu_cbs_sublabel.c
CC menu/cbs/menu_cbs_title.c
CC menu/menu_displaylist.c
CC menu/menu_contentless_cores.c
CC gfx/gfx_widgets.c
CC gfx/widgets/gfx_widget_screenshot.c
CC gfx/widgets/gfx_widget_volume.c
CC gfx/widgets/gfx_widget_generic_message.c
CC gfx/widgets/gfx_widget_libretro_message.c
CC gfx/widgets/gfx_widget_progress_message.c
CC gfx/widgets/gfx_widget_load_content_animation.c
CC tasks/task_overlay.c
CC led/drivers/led_overlay.c
CC gfx/drivers_font_renderer/stb.c
CC gfx/drivers_font_renderer/stb_unicode.c
CC libretro-common/rthreads/rthreads.c
CC gfx/video_thread_wrapper.c
CC audio/audio_thread_wrapper.c
CC libretro-common/formats/xml/rxml.c
CC libretro-common/formats/logiqx_dat/logiqx_dat.c
CC deps/yxml/yxml.c
CC gfx/drivers_context/gfx_null_ctx.c
CC gfx/common/gl_common.c
CC gfx/drivers/gl2.c
CC libretro-common/gfx/gl_capabilities.c
CC libretro-common/glsym/rglgen.c
CC gfx/drivers_context/emscriptenegl_ctx.c
CC libretro-common/glsym/glsym_es2.c
CC gfx/common/egl_common.c
CC gfx/drivers_shader/shader_glsl.c
CC gfx/video_shader_parse.c
CC libretro-common/file/archive_file.c
CC libretro-common/streams/trans_stream.c
CC libretro-common/streams/trans_stream_pipe.c
CC libretro-common/file/archive_file_7z.c
CC deps/7zip/7zArcIn.c
CC deps/7zip/7zBuf.c
CC deps/7zip/7zCrc.c
CC deps/7zip/7zCrcOpt.c
CC deps/7zip/7zDec.c
CC deps/7zip/CpuArch.c
CC deps/7zip/Delta.c
CC deps/7zip/LzFind.c
CC deps/7zip/LzmaDec.c
CC deps/7zip/Lzma2Dec.c
CC deps/7zip/LzmaEnc.c
CC deps/7zip/Bra.c
CC deps/7zip/Bra86.c
CC deps/7zip/BraIA64.c
CC deps/7zip/Bcj2.c
CC deps/7zip/7zFile.c
CC deps/7zip/7zStream.c
CC deps/ibxm/ibxm.c
CC libretro-common/file/archive_file_zlib.c
CC libretro-common/streams/trans_stream_zlib.c
CC libretro-common/streams/rzip_stream.c
CC libretro-common/formats/png/rpng.c
CC libretro-common/formats/png/rpng_encode.c
CC libretro-common/formats/bmp/rbmp_encode.c
CC libretro-common/formats/json/rjson.c
CC libretro-common/formats/image_transfer.c
CC libretro-common/formats/m3u/m3u_file.c
CC tasks/task_decompress.c
CC gfx/video_filters/2xsai.c
CC gfx/video_filters/super2xsai.c
CC gfx/video_filters/supereagle.c
CC gfx/video_filters/2xbr.c
CC gfx/video_filters/darken.c
CC gfx/video_filters/epx.c
CC gfx/video_filters/scale2x.c
CC gfx/video_filters/blargg_ntsc_snes.c
CC gfx/video_filters/lq2x.c
CC gfx/video_filters/phosphor2x.c
CC gfx/video_filters/normal2x.c
CC gfx/video_filters/normal2x_width.c
CC gfx/video_filters/normal2x_height.c
CC gfx/video_filters/normal4x.c
CC gfx/video_filters/scanline2x.c
CC gfx/video_filters/grid2x.c
CC gfx/video_filters/grid3x.c
CC gfx/video_filters/gameboy3x.c
CC gfx/video_filters/gameboy4x.c
CC gfx/video_filters/dot_matrix_3x.c
CC gfx/video_filters/dot_matrix_4x.c
CC gfx/video_filters/upscale_1_5x.c
CC gfx/video_filters/upscale_256x_320x240.c
CC gfx/video_filters/picoscale_256x_320x240.c
CC gfx/video_filters/upscale_240x160_320x240.c
CC gfx/video_filters/upscale_mix_240x160_320x240.c
CC libretro-common/audio/dsp_filters/echo.c
CC libretro-common/audio/dsp_filters/eq.c
CC libretro-common/audio/dsp_filters/chorus.c
CC libretro-common/audio/dsp_filters/iir.c
CC libretro-common/audio/dsp_filters/panning.c
CC libretro-common/audio/dsp_filters/phaser.c
CC libretro-common/audio/dsp_filters/reverb.c
CC libretro-common/audio/dsp_filters/wahwah.c
LD mame2003_plus_libretro.js
make: Leaving directory '/home/ethan/automation/ejs/build/compile/RetroArch'

7-Zip [64] 16.02 : Copyright (c) 1999-2016 Igor Pavlov : 2016-05-21
p7zip Version 16.02 (locale=en_US.UTF-8,Utf16=on,HugeFiles=on,64 bits,8 CPUs Intel(R) Core(TM) i7-8650U CPU @ 1.90GHz (806EA),ASM,AES-NI)

Scanning the drive:
3 files, 28987175 bytes (28 MiB)

Creating archive: ../../EmulatorJS/data/cores/mame2003_plus-thread-legacy-wasm.data

Items to compress: 3


Files read from disk: 3
Archive size: 5225501 bytes (5104 KiB)
Everything is Ok
